### Trace Instruction [libnative-lib.so] [0x03b41] [       f0 b5 ] 0x40003b40: push {r4, r5, r6, r7, lr}>>> r4=0x0 r5=0x0 r6=0x0 r7=0x0
### Trace Instruction [libnative-lib.so] [0x03b43] [       03 af ] 0x40003b42: add r7, sp, #0xc>>> r7=0x0
### Trace Instruction [libnative-lib.so] [0x03b45] [ 2d e9 00 0f ] 0x40003b44: push.w {r8, sb, sl, fp}>>> r8=0x0 sb=0x0 sl=0x0 fp=0x0
### Trace Instruction [libnative-lib.so] [0x03b49] [       db b0 ] 0x40003b48: sub sp, #0x16c>>>
### Trace Instruction [libnative-lib.so] [0x03b4b] [       6c 46 ] 0x40003b4a: mov r4, sp>>> r4=0x0
### Trace Instruction [libnative-lib.so] [0x03b4d] [ 6f f3 03 04 ] 0x40003b4c: bfc r4, #0, #4>>> r4=0xbffff600
### Trace Instruction [libnative-lib.so] [0x03b51] [       a5 46 ] 0x40003b50: mov sp, r4>>> r4=0xbffff600
### Trace Instruction [libnative-lib.so] [0x03b53] [       80 46 ] 0x40003b52: mov r8, r0>>> r8=0x0 r0=0xfffe0ab0
### Trace Instruction [libnative-lib.so] [0x03b55] [       9a 48 ] 0x40003b54: ldr r0, [pc, #0x268]>>> r0=0xfffe0ab0 pc=0x40003b54
### Trace Instruction [libnative-lib.so] [0x03b57] [       1e 46 ] 0x40003b56: mov r6, r3>>> r6=0x0 r3=0x18bf3d14
### Trace Instruction [libnative-lib.so] [0x03b59] [       78 44 ] 0x40003b58: add r0, pc>>> r0=0x240c pc=0x40003b58
### Trace Instruction [libnative-lib.so] [0x03b5b] [       05 68 ] 0x40003b5a: ldr r5, [r0]>>> r5=0x0 r0=0x40005f68
### Trace Instruction [libnative-lib.so] [0x03b5d] [       28 68 ] 0x40003b5c: ldr r0, [r5]>>> r0=0x40005f68 r5=0x40120ec0
### Trace Instruction [libnative-lib.so] [0x03b5f] [       5a 90 ] 0x40003b5e: str r0, [sp, #0x168]>>> r0=0x0
### Trace Instruction [libnative-lib.so] [0x03b61] [       40 46 ] 0x40003b60: mov r0, r8>>> r0=0x0 r8=0xfffe0ab0
### Trace Instruction [libnative-lib.so] [0x03b63] [ fd f7 d1 ff ] 0x40003b62: bl #0x40001b08>>>
### Trace Instruction [libnative-lib.so] [0x01b09] [       f0 b5 ] 0x40001b08: push {r4, r5, r6, r7, lr}>>> r4=0xbffff600 r5=0x40120ec0 r6=0x18bf3d14 r7=0xbffff788
### Trace Instruction [libnative-lib.so] [0x01b0b] [       03 af ] 0x40001b0a: add r7, sp, #0xc>>> r7=0xbffff788
### Trace Instruction [libnative-lib.so] [0x01b0d] [ 2d e9 c0 07 ] 0x40001b0c: push.w {r6, r7, r8, sb, sl}>>> r6=0x18bf3d14 r7=0xbffff5f8 r8=0xfffe0ab0 sb=0x0 sl=0x0
### Trace Instruction [libnative-lib.so] [0x01b11] [       04 46 ] 0x40001b10: mov r4, r0>>> r4=0xbffff600 r0=0xfffe0ab0
### Trace Instruction [libnative-lib.so] [0x01b13] [       00 68 ] 0x40001b12: ldr r0, [r0]>>> r0=0xfffe0ab0 r0=0xfffe0ab0
### Trace Instruction [libnative-lib.so] [0x01b15] [       15 46 ] 0x40001b14: mov r5, r2>>> r5=0x40120ec0 r2=0x7e0e6aa2
### Trace Instruction [libnative-lib.so] [0x01b17] [       29 46 ] 0x40001b16: mov r1, r5>>> r1=0x0 r5=0x7e0e6aa2
### Trace Instruction [libnative-lib.so] [0x01b19] [       c2 6f ] 0x40001b18: ldr r2, [r0, #0x7c]>>> r2=0x7e0e6aa2 r0=0xfffe0700
### Trace Instruction [libnative-lib.so] [0x01b1b] [       20 46 ] 0x40001b1a: mov r0, r4>>> r0=0xfffe0700 r4=0xfffe0ab0
### Trace Instruction [libnative-lib.so] [0x01b1d] [       90 47 ] 0x40001b1c: blx r2>>> r2=0xfffe0190
### Trace Instruction [libnative-lib.so] [0x01b1f] [       82 46 ] 0x40001b1e: mov sl, r0>>> sl=0x0 r0=0xefcdea78
### Trace Instruction [libnative-lib.so] [0x01b21] [       20 68 ] 0x40001b20: ldr r0, [r4]>>> r0=0xefcdea78 r4=0xfffe0ab0
### Trace Instruction [libnative-lib.so] [0x01b23] [       51 46 ] 0x40001b22: mov r1, sl>>> r1=0x7e0e6aa2 sl=0xefcdea78
### Trace Instruction [libnative-lib.so] [0x01b25] [ d0 f8 84 60 ] 0x40001b24: ldr.w r6, [r0, #0x84]>>> r6=0x18bf3d14 r0=0xfffe0700
### Trace Instruction [libnative-lib.so] [0x01b29] [       20 46 ] 0x40001b28: mov r0, r4>>> r0=0xfffe0700 r4=0xfffe0ab0
### Trace Instruction [libnative-lib.so] [0x01b2b] [       4b 4a ] 0x40001b2a: ldr r2, [pc, #0x12c]>>> r2=0xfffe0190 pc=0x40001b2a
### Trace Instruction [libnative-lib.so] [0x01b2d] [       4b 4b ] 0x40001b2c: ldr r3, [pc, #0x12c]>>> r3=0x18bf3d14 pc=0x40001b2c
### Trace Instruction [libnative-lib.so] [0x01b2f] [       7a 44 ] 0x40001b2e: add r2, pc>>> r2=0x2b59 pc=0x40001b2e
### Trace Instruction [libnative-lib.so] [0x01b31] [       7b 44 ] 0x40001b30: add r3, pc>>> r3=0x2b69 pc=0x40001b30
### Trace Instruction [libnative-lib.so] [0x01b33] [       b0 47 ] 0x40001b32: blx r6>>> r6=0xfffe01b0
### Trace Instruction [libnative-lib.so] [0x01b35] [       02 46 ] 0x40001b34: mov r2, r0>>> r2=0x4000468b r0=0x3acc78f0
### Trace Instruction [libnative-lib.so] [0x01b37] [       20 68 ] 0x40001b36: ldr r0, [r4]>>> r0=0x3acc78f0 r4=0xfffe0ab0
### Trace Instruction [libnative-lib.so] [0x01b39] [       29 46 ] 0x40001b38: mov r1, r5>>> r1=0xefcdea78 r5=0x7e0e6aa2
### Trace Instruction [libnative-lib.so] [0x01b3b] [ d0 f8 88 30 ] 0x40001b3a: ldr.w r3, [r0, #0x88]>>> r3=0x4000469d r0=0xfffe0700
### Trace Instruction [libnative-lib.so] [0x01b3f] [       20 46 ] 0x40001b3e: mov r0, r4>>> r0=0xfffe0700 r4=0xfffe0ab0
### Trace Instruction [libnative-lib.so] [0x01b41] [       98 47 ] 0x40001b40: blx r3>>> r3=0xfffe01c0
### Trace Instruction [libnative-lib.so] [0x01b43] [       80 46 ] 0x40001b42: mov r8, r0>>> r8=0xfffe0ab0 r0=0x780cb77
### Trace Instruction [libnative-lib.so] [0x01b45] [       20 68 ] 0x40001b44: ldr r0, [r4]>>> r0=0x780cb77 r4=0xfffe0ab0
### Trace Instruction [libnative-lib.so] [0x01b47] [       41 46 ] 0x40001b46: mov r1, r8>>> r1=0x7e0e6aa2 r8=0x780cb77
### Trace Instruction [libnative-lib.so] [0x01b49] [       c2 6f ] 0x40001b48: ldr r2, [r0, #0x7c]>>> r2=0x3acc78f0 r0=0xfffe0700
### Trace Instruction [libnative-lib.so] [0x01b4b] [       20 46 ] 0x40001b4a: mov r0, r4>>> r0=0xfffe0700 r4=0xfffe0ab0
### Trace Instruction [libnative-lib.so] [0x01b4d] [       90 47 ] 0x40001b4c: blx r2>>> r2=0xfffe0190
### Trace Instruction [libnative-lib.so] [0x01b4f] [       01 46 ] 0x40001b4e: mov r1, r0>>> r1=0x780cb77 r0=0xdd884762
### Trace Instruction [libnative-lib.so] [0x01b51] [       20 68 ] 0x40001b50: ldr r0, [r4]>>> r0=0xdd884762 r4=0xfffe0ab0
### Trace Instruction [libnative-lib.so] [0x01b53] [ d0 f8 84 60 ] 0x40001b52: ldr.w r6, [r0, #0x84]>>> r6=0xfffe01b0 r0=0xfffe0700
### Trace Instruction [libnative-lib.so] [0x01b57] [       20 46 ] 0x40001b56: mov r0, r4>>> r0=0xfffe0700 r4=0xfffe0ab0
### Trace Instruction [libnative-lib.so] [0x01b59] [       41 4a ] 0x40001b58: ldr r2, [pc, #0x104]>>> r2=0xfffe0190 pc=0x40001b58
### Trace Instruction [libnative-lib.so] [0x01b5b] [       42 4b ] 0x40001b5a: ldr r3, [pc, #0x108]>>> r3=0xfffe01c0 pc=0x40001b5a
### Trace Instruction [libnative-lib.so] [0x01b5d] [       7a 44 ] 0x40001b5c: add r2, pc>>> r2=0x2b63 pc=0x40001b5c
### Trace Instruction [libnative-lib.so] [0x01b5f] [       7b 44 ] 0x40001b5e: add r3, pc>>> r3=0x2b70 pc=0x40001b5e
### Trace Instruction [libnative-lib.so] [0x01b61] [       b0 47 ] 0x40001b60: blx r6>>> r6=0xfffe01b0
### Trace Instruction [libnative-lib.so] [0x01b63] [       81 46 ] 0x40001b62: mov sb, r0>>> sb=0x0 r0=0x3bca8377
### Trace Instruction [libnative-lib.so] [0x01b65] [       20 68 ] 0x40001b64: ldr r0, [r4]>>> r0=0x3bca8377 r4=0xfffe0ab0
### Trace Instruction [libnative-lib.so] [0x01b67] [       51 46 ] 0x40001b66: mov r1, sl>>> r1=0xdd884762 sl=0xefcdea78
### Trace Instruction [libnative-lib.so] [0x01b69] [ d0 f8 84 60 ] 0x40001b68: ldr.w r6, [r0, #0x84]>>> r6=0xfffe01b0 r0=0xfffe0700
### Trace Instruction [libnative-lib.so] [0x01b6d] [       20 46 ] 0x40001b6c: mov r0, r4>>> r0=0xfffe0700 r4=0xfffe0ab0
### Trace Instruction [libnative-lib.so] [0x01b6f] [       3e 4a ] 0x40001b6e: ldr r2, [pc, #0xf8]>>> r2=0x400046c3 pc=0x40001b6e
### Trace Instruction [libnative-lib.so] [0x01b71] [       3e 4b ] 0x40001b70: ldr r3, [pc, #0xf8]>>> r3=0x400046d2 pc=0x40001b70
### Trace Instruction [libnative-lib.so] [0x01b73] [       7a 44 ] 0x40001b72: add r2, pc>>> r2=0x2b92 pc=0x40001b72
### Trace Instruction [libnative-lib.so] [0x01b75] [       7b 44 ] 0x40001b74: add r3, pc>>> r3=0x2b9f pc=0x40001b74
### Trace Instruction [libnative-lib.so] [0x01b77] [       b0 47 ] 0x40001b76: blx r6>>> r6=0xfffe01b0
### Trace Instruction [libnative-lib.so] [0x01b79] [       02 46 ] 0x40001b78: mov r2, r0>>> r2=0x40004708 r0=0xf6590850
### Trace Instruction [libnative-lib.so] [0x01b7b] [       20 68 ] 0x40001b7a: ldr r0, [r4]>>> r0=0xf6590850 r4=0xfffe0ab0
### Trace Instruction [libnative-lib.so] [0x01b7d] [       29 46 ] 0x40001b7c: mov r1, r5>>> r1=0xefcdea78 r5=0x7e0e6aa2
### Trace Instruction [libnative-lib.so] [0x01b7f] [ d0 f8 88 30 ] 0x40001b7e: ldr.w r3, [r0, #0x88]>>> r3=0x40004717 r0=0xfffe0700
### Trace Instruction [libnative-lib.so] [0x01b83] [       20 46 ] 0x40001b82: mov r0, r4>>> r0=0xfffe0700 r4=0xfffe0ab0
### Trace Instruction [libnative-lib.so] [0x01b85] [       98 47 ] 0x40001b84: blx r3>>> r3=0xfffe01c0
### Trace Instruction [libnative-lib.so] [0x01b87] [       06 46 ] 0x40001b86: mov r6, r0>>> r6=0xfffe01b0 r0=0x3967e60c
### Trace Instruction [libnative-lib.so] [0x01b89] [       20 68 ] 0x40001b88: ldr r0, [r4]>>> r0=0x3967e60c r4=0xfffe0ab0
### Trace Instruction [libnative-lib.so] [0x01b8b] [       31 46 ] 0x40001b8a: mov r1, r6>>> r1=0x7e0e6aa2 r6=0x3967e60c
### Trace Instruction [libnative-lib.so] [0x01b8d] [       00 22 ] 0x40001b8c: movs r2, #0>>> r2=0xf6590850
### Trace Instruction [libnative-lib.so] [0x01b8f] [ d0 f8 a4 32 ] 0x40001b8e: ldr.w r3, [r0, #0x2a4]>>> r3=0xfffe01c0 r0=0xfffe0700
### Trace Instruction [libnative-lib.so] [0x01b93] [       20 46 ] 0x40001b92: mov r0, r4>>> r0=0xfffe0700 r4=0xfffe0ab0
### Trace Instruction [libnative-lib.so] [0x01b95] [       98 47 ] 0x40001b94: blx r3>>> r3=0xfffe04e0
### Trace Instruction [libnative-lib.so] [0x01b97] [       82 46 ] 0x40001b96: mov sl, r0>>> sl=0xefcdea78 r0=0x4016d000
### Trace Instruction [libnative-lib.so] [0x01b99] [       20 68 ] 0x40001b98: ldr r0, [r4]>>> r0=0x4016d000 r4=0xfffe0ab0
### Trace Instruction [libnative-lib.so] [0x01b9b] [       41 46 ] 0x40001b9a: mov r1, r8>>> r1=0x3967e60c r8=0x780cb77
### Trace Instruction [libnative-lib.so] [0x01b9d] [       4a 46 ] 0x40001b9c: mov r2, sb>>> r2=0x0 sb=0x3bca8377
### Trace Instruction [libnative-lib.so] [0x01b9f] [       33 46 ] 0x40001b9e: mov r3, r6>>> r3=0xfffe04e0 r6=0x3967e60c
### Trace Instruction [libnative-lib.so] [0x01ba1] [ d0 f8 88 50 ] 0x40001ba0: ldr.w r5, [r0, #0x88]>>> r5=0x7e0e6aa2 r0=0xfffe0700
### Trace Instruction [libnative-lib.so] [0x01ba5] [       40 20 ] 0x40001ba4: movs r0, #0x40>>> r0=0xfffe0700
### Trace Instruction [libnative-lib.so] [0x01ba7] [       00 90 ] 0x40001ba6: str r0, [sp]>>> r0=0x40
### Trace Instruction [libnative-lib.so] [0x01ba9] [       20 46 ] 0x40001ba8: mov r0, r4>>> r0=0x40 r4=0xfffe0ab0
### Trace Instruction [libnative-lib.so] [0x01bab] [       a8 47 ] 0x40001baa: blx r5>>> r5=0xfffe01c0
### Trace Instruction [libnative-lib.so] [0x01bad] [       06 46 ] 0x40001bac: mov r6, r0>>> r6=0x3967e60c r0=0x7adda9cc
### Trace Instruction [libnative-lib.so] [0x01baf] [       20 68 ] 0x40001bae: ldr r0, [r4]>>> r0=0x7adda9cc r4=0xfffe0ab0
### Trace Instruction [libnative-lib.so] [0x01bb1] [       31 46 ] 0x40001bb0: mov r1, r6>>> r1=0x780cb77 r6=0x7adda9cc
### Trace Instruction [libnative-lib.so] [0x01bb3] [       c2 6f ] 0x40001bb2: ldr r2, [r0, #0x7c]>>> r2=0x3bca8377 r0=0xfffe0700
### Trace Instruction [libnative-lib.so] [0x01bb5] [       20 46 ] 0x40001bb4: mov r0, r4>>> r0=0xfffe0700 r4=0xfffe0ab0
### Trace Instruction [libnative-lib.so] [0x01bb7] [       90 47 ] 0x40001bb6: blx r2>>> r2=0xfffe0190
### Trace Instruction [libnative-lib.so] [0x01bb9] [       01 46 ] 0x40001bb8: mov r1, r0>>> r1=0x7adda9cc r0=0x30f944f7
### Trace Instruction [libnative-lib.so] [0x01bbb] [       20 68 ] 0x40001bba: ldr r0, [r4]>>> r0=0x30f944f7 r4=0xfffe0ab0
### Trace Instruction [libnative-lib.so] [0x01bbd] [ d0 f8 78 51 ] 0x40001bbc: ldr.w r5, [r0, #0x178]>>> r5=0xfffe01c0 r0=0xfffe0700
### Trace Instruction [libnative-lib.so] [0x01bc1] [       20 46 ] 0x40001bc0: mov r0, r4>>> r0=0xfffe0700 r4=0xfffe0ab0
### Trace Instruction [libnative-lib.so] [0x01bc3] [       2b 4a ] 0x40001bc2: ldr r2, [pc, #0xac]>>> r2=0xfffe0190 pc=0x40001bc2
### Trace Instruction [libnative-lib.so] [0x01bc5] [       2b 4b ] 0x40001bc4: ldr r3, [pc, #0xac]>>> r3=0x3967e60c pc=0x40001bc4
### Trace Instruction [libnative-lib.so] [0x01bc7] [       7a 44 ] 0x40001bc6: add r2, pc>>> r2=0x2b62 pc=0x40001bc6
### Trace Instruction [libnative-lib.so] [0x01bc9] [       7b 44 ] 0x40001bc8: add r3, pc>>> r3=0x2b6b pc=0x40001bc8
### Trace Instruction [libnative-lib.so] [0x01bcb] [       a8 47 ] 0x40001bca: blx r5>>> r5=0xfffe02d0
### Trace Instruction [libnative-lib.so] [0x01bcd] [       02 46 ] 0x40001bcc: mov r2, r0>>> r2=0x4000472c r0=0x25f17218
### Trace Instruction [libnative-lib.so] [0x01bcf] [       20 68 ] 0x40001bce: ldr r0, [r4]>>> r0=0x25f17218 r4=0xfffe0ab0
### Trace Instruction [libnative-lib.so] [0x01bd1] [       31 46 ] 0x40001bd0: mov r1, r6>>> r1=0x30f944f7 r6=0x7adda9cc
### Trace Instruction [libnative-lib.so] [0x01bd3] [ d0 f8 7c 31 ] 0x40001bd2: ldr.w r3, [r0, #0x17c]>>> r3=0x40004737 r0=0xfffe0700
### Trace Instruction [libnative-lib.so] [0x01bd7] [       20 46 ] 0x40001bd6: mov r0, r4>>> r0=0xfffe0700 r4=0xfffe0ab0
### Trace Instruction [libnative-lib.so] [0x01bd9] [       98 47 ] 0x40001bd8: blx r3>>> r3=0xfffe02e0
### Trace Instruction [libnative-lib.so] [0x01bdb] [       01 46 ] 0x40001bda: mov r1, r0>>> r1=0x7adda9cc r0=0x4a94ee4
### Trace Instruction [libnative-lib.so] [0x01bdd] [       20 68 ] 0x40001bdc: ldr r0, [r4]>>> r0=0x4a94ee4 r4=0xfffe0ab0
### Trace Instruction [libnative-lib.so] [0x01bdf] [       00 22 ] 0x40001bde: movs r2, #0>>> r2=0x25f17218
### Trace Instruction [libnative-lib.so] [0x01be1] [ d0 f8 b4 32 ] 0x40001be0: ldr.w r3, [r0, #0x2b4]>>> r3=0xfffe02e0 r0=0xfffe0700
### Trace Instruction [libnative-lib.so] [0x01be5] [       20 46 ] 0x40001be4: mov r0, r4>>> r0=0xfffe0700 r4=0xfffe0ab0
### Trace Instruction [libnative-lib.so] [0x01be7] [       98 47 ] 0x40001be6: blx r3>>> r3=0xfffe0520
### Trace Instruction [libnative-lib.so] [0x01be9] [       06 46 ] 0x40001be8: mov r6, r0>>> r6=0x7adda9cc r0=0x7b9a4292
### Trace Instruction [libnative-lib.so] [0x01beb] [       20 68 ] 0x40001bea: ldr r0, [r4]>>> r0=0x7b9a4292 r4=0xfffe0ab0
### Trace Instruction [libnative-lib.so] [0x01bed] [       31 46 ] 0x40001bec: mov r1, r6>>> r1=0x4a94ee4 r6=0x7b9a4292
### Trace Instruction [libnative-lib.so] [0x01bef] [       c2 6f ] 0x40001bee: ldr r2, [r0, #0x7c]>>> r2=0x0 r0=0xfffe0700
### Trace Instruction [libnative-lib.so] [0x01bf1] [       20 46 ] 0x40001bf0: mov r0, r4>>> r0=0xfffe0700 r4=0xfffe0ab0
### Trace Instruction [libnative-lib.so] [0x01bf3] [       90 47 ] 0x40001bf2: blx r2>>> r2=0xfffe0190
### Trace Instruction [libnative-lib.so] [0x01bf5] [       01 46 ] 0x40001bf4: mov r1, r0>>> r1=0x7b9a4292 r0=0xdb4a449b
### Trace Instruction [libnative-lib.so] [0x01bf7] [       20 68 ] 0x40001bf6: ldr r0, [r4]>>> r0=0xdb4a449b r4=0xfffe0ab0
### Trace Instruction [libnative-lib.so] [0x01bf9] [ d0 f8 84 50 ] 0x40001bf8: ldr.w r5, [r0, #0x84]>>> r5=0xfffe02d0 r0=0xfffe0700
### Trace Instruction [libnative-lib.so] [0x01bfd] [       20 46 ] 0x40001bfc: mov r0, r4>>> r0=0xfffe0700 r4=0xfffe0ab0
### Trace Instruction [libnative-lib.so] [0x01bff] [       1e 4a ] 0x40001bfe: ldr r2, [pc, #0x78]>>> r2=0xfffe0190 pc=0x40001bfe
### Trace Instruction [libnative-lib.so] [0x01c01] [       1e 4b ] 0x40001c00: ldr r3, [pc, #0x78]>>> r3=0xfffe0520 pc=0x40001c00
### Trace Instruction [libnative-lib.so] [0x01c03] [       7a 44 ] 0x40001c02: add r2, pc>>> r2=0x2b51 pc=0x40001c02
### Trace Instruction [libnative-lib.so] [0x01c05] [       7b 44 ] 0x40001c04: add r3, pc>>> r3=0x2b58 pc=0x40001c04
### Trace Instruction [libnative-lib.so] [0x01c07] [       a8 47 ] 0x40001c06: blx r5>>> r5=0xfffe01b0
### Trace Instruction [libnative-lib.so] [0x01c09] [       02 46 ] 0x40001c08: mov r2, r0>>> r2=0x40004757 r0=0xde4fcc20
### Trace Instruction [libnative-lib.so] [0x01c0b] [       20 68 ] 0x40001c0a: ldr r0, [r4]>>> r0=0xde4fcc20 r4=0xfffe0ab0
### Trace Instruction [libnative-lib.so] [0x01c0d] [       31 46 ] 0x40001c0c: mov r1, r6>>> r1=0xdb4a449b r6=0x7b9a4292
### Trace Instruction [libnative-lib.so] [0x01c0f] [ d0 f8 c4 30 ] 0x40001c0e: ldr.w r3, [r0, #0xc4]>>> r3=0x40004760 r0=0xfffe0700
### Trace Instruction [libnative-lib.so] [0x01c13] [       20 46 ] 0x40001c12: mov r0, r4>>> r0=0xfffe0700 r4=0xfffe0ab0
### Trace Instruction [libnative-lib.so] [0x01c15] [       98 47 ] 0x40001c14: blx r3>>> r3=0xfffe0240
### Trace Instruction [libnative-lib.so] [0x01c17] [       1a 49 ] 0x40001c16: ldr r1, [pc, #0x68]>>> r1=0x7b9a4292 pc=0x40001c16
### Trace Instruction [libnative-lib.so] [0x01c19] [       04 46 ] 0x40001c18: mov r4, r0>>> r4=0xfffe0ab0 r0=0x40a3e5e
### Trace Instruction [libnative-lib.so] [0x01c1b] [       50 46 ] 0x40001c1a: mov r0, sl>>> r0=0x40a3e5e sl=0x4016d000
### Trace Instruction [libnative-lib.so] [0x01c1d] [       79 44 ] 0x40001c1c: add r1, pc>>> r1=0x2b44 pc=0x40001c1c
### Trace Instruction [libnative-lib.so] [0x01c1f] [ fe f7 80 ef ] 0x40001c1e: blx #0x40000b20>>>
### Trace Instruction [libnative-lib.so] [0x00b20] [ 00 c6 8f e2 ] 0x40000b20: add ip, pc, #0, #12>>> ip=0xbffff790 pc=0x40000b20
### Trace Instruction [libnative-lib.so] [0x00b24] [ 05 ca 8c e2 ] 0x40000b24: add ip, ip, #0x5000>>> ip=0x40000b28 ip=0x40000b28
### Trace Instruction [libnative-lib.so] [0x00b28] [ b0 f4 bc e5 ] 0x40000b28: ldr pc, [ip, #0x4b0]!>>> pc=0x40000b28 ip=0x40005b28
### Trace Instruction [libnative-lib.so] [0x01c23] [       70 b1 ] 0x40001c22: cbz r0, #0x40001c42>>> r0=0x0
### Trace Instruction [libnative-lib.so] [0x01c43] [       04 49 ] 0x40001c42: ldr r1, [pc, #0x10]>>> r1=0x6500 pc=0x40001c42
### Trace Instruction [libnative-lib.so] [0x01c45] [ 6f f0 01 00 ] 0x40001c44: mvn r0, #1>>> r0=0x0
### Trace Instruction [libnative-lib.so] [0x01c49] [       8c 42 ] 0x40001c48: cmp r4, r1>>> r4=0x40a3e5e r1=0x40a3e5e
### Trace Instruction [libnative-lib.so] [0x01c4b] [       08 bf ] 0x40001c4a: it eq>>>
### Trace Instruction [libnative-lib.so] [0x01c4d] [       01 20 ] 0x40001c4c: movs r0, #1>>> r0=0xfffffffe
### Trace Instruction [libnative-lib.so] [0x01c4f] [ bd e8 0c 07 ] 0x40001c4e: pop.w {r2, r3, r8, sb, sl}>>> r2=0x6500 r3=0x0 r8=0x780cb77 sb=0x3bca8377 sl=0x4016d000
### Trace Instruction [libnative-lib.so] [0x01c53] [       f0 bd ] 0x40001c52: pop {r4, r5, r6, r7, pc}>>> r4=0x40a3e5e r5=0xfffe01b0 r6=0x7b9a4292 r7=0xbffff5f8 pc=0x40001c52
### Trace Instruction [libnative-lib.so] [0x03b67] [       01 28 ] 0x40003b66: cmp r0, #1>>> r0=0x1
### Trace Instruction [libnative-lib.so] [0x03b69] [ 40 f0 ac 80 ] 0x40003b68: bne.w #0x40003cc4>>>
### Trace Instruction [libnative-lib.so] [0x03b6d] [ d8 f8 00 00 ] 0x40003b6c: ldr.w r0, [r8]>>> r0=0x1 r8=0xfffe0ab0
### Trace Instruction [libnative-lib.so] [0x03b71] [       31 46 ] 0x40003b70: mov r1, r6>>> r1=0x40a3e5e r6=0x18bf3d14
### Trace Instruction [libnative-lib.so] [0x03b73] [       00 22 ] 0x40003b72: movs r2, #0>>> r2=0x40
### Trace Instruction [libnative-lib.so] [0x03b75] [       bc 68 ] 0x40003b74: ldr r4, [r7, #8]>>> r4=0xbffff600 r7=0xbffff788
### Trace Instruction [libnative-lib.so] [0x03b77] [ 4f f0 00 09 ] 0x40003b76: mov.w sb, #0>>> sb=0x0
### Trace Instruction [libnative-lib.so] [0x03b7b] [ d0 f8 a4 32 ] 0x40003b7a: ldr.w r3, [r0, #0x2a4]>>> r3=0xbffff5f8 r0=0xfffe0700
### Trace Instruction [libnative-lib.so] [0x03b7f] [       40 46 ] 0x40003b7e: mov r0, r8>>> r0=0xfffe0700 r8=0xfffe0ab0
### Trace Instruction [libnative-lib.so] [0x03b81] [       98 47 ] 0x40003b80: blx r3>>> r3=0xfffe04e0
### Trace Instruction [libnative-lib.so] [0x03b83] [       82 46 ] 0x40003b82: mov sl, r0>>> sl=0x0 r0=0x4016e000
### Trace Instruction [libnative-lib.so] [0x03b85] [ d8 f8 00 00 ] 0x40003b84: ldr.w r0, [r8]>>> r0=0x4016e000 r8=0xfffe0ab0
### Trace Instruction [libnative-lib.so] [0x03b89] [       21 46 ] 0x40003b88: mov r1, r4>>> r1=0x18bf3d14 r4=0x4fb64261
### Trace Instruction [libnative-lib.so] [0x03b8b] [       00 22 ] 0x40003b8a: movs r2, #0>>> r2=0x0
### Trace Instruction [libnative-lib.so] [0x03b8d] [ d0 f8 a4 32 ] 0x40003b8c: ldr.w r3, [r0, #0x2a4]>>> r3=0xfffe04e0 r0=0xfffe0700
### Trace Instruction [libnative-lib.so] [0x03b91] [       40 46 ] 0x40003b90: mov r0, r8>>> r0=0xfffe0700 r8=0xfffe0ab0
### Trace Instruction [libnative-lib.so] [0x03b93] [       98 47 ] 0x40003b92: blx r3>>> r3=0xfffe04e0
### Trace Instruction [libnative-lib.so] [0x03b95] [ ba f1 00 0f ] 0x40003b94: cmp.w sl, #0>>> sl=0x4016e000
### Trace Instruction [libnative-lib.so] [0x03b99] [       18 bf ] 0x40003b98: it ne>>>
### Trace Instruction [libnative-lib.so] [0x03b9b] [       00 28 ] 0x40003b9a: cmp r0, #0>>> r0=0x4016f000
### Trace Instruction [libnative-lib.so] [0x03b9d] [ 00 f0 f2 80 ] 0x40003b9c: beq.w #0x40003d84>>>
### Trace Instruction [libnative-lib.so] [0x03ba1] [       03 a9 ] 0x40003ba0: add r1, sp, #0xc>>> r1=0x4fb64261
### Trace Instruction [libnative-lib.so] [0x03ba3] [       71 c1 ] 0x40003ba2: stm r1!, {r0, r4, r5, r6}>>> r1=0xbffff60c r0=0x4016f000 r4=0x4fb64261 r5=0x40120ec0 r6=0x18bf3d14
### Trace Instruction [libnative-lib.so] [0x03ba5] [ fc f7 9e ef ] 0x40003ba4: blx #0x40000ae4>>>
### Trace Instruction [libnative-lib.so] [0x00ae4] [ 00 c6 8f e2 ] 0x40000ae4: add ip, pc, #0, #12>>> ip=0xffffff00 pc=0x40000ae4
### Trace Instruction [libnative-lib.so] [0x00ae8] [ 05 ca 8c e2 ] 0x40000ae8: add ip, ip, #0x5000>>> ip=0x40000aec ip=0x40000aec
### Trace Instruction [libnative-lib.so] [0x00aec] [ d8 f4 bc e5 ] 0x40000aec: ldr pc, [ip, #0x4d8]!>>> pc=0x40000aec ip=0x40005aec
### Trace Instruction [libnative-lib.so] [0x03ba9] [       87 4a ] 0x40003ba8: ldr r2, [pc, #0x21c]>>> r2=0x20 pc=0x40003ba8
### Trace Instruction [libnative-lib.so] [0x03bab] [       01 30 ] 0x40003baa: adds r0, #1>>> r0=0x60b3002a
### Trace Instruction [libnative-lib.so] [0x03bad] [ 0d f1 60 0b ] 0x40003bac: add.w fp, sp, #0x60>>> fp=0x0
### Trace Instruction [libnative-lib.so] [0x03bb1] [ 4f f0 00 09 ] 0x40003bb0: mov.w sb, #0>>> sb=0x0
### Trace Instruction [libnative-lib.so] [0x03bb5] [       7a 44 ] 0x40003bb4: add r2, pc>>> r2=0x2534 pc=0x40003bb4
### Trace Instruction [libnative-lib.so] [0x03bb7] [       01 0e ] 0x40003bb6: lsrs r1, r0, #0x18>>> r1=0x1 r0=0x60b3002b
### Trace Instruction [libnative-lib.so] [0x03bb9] [       11 60 ] 0x40003bb8: str r1, [r2]>>> r1=0x60 r2=0x400060ec
### Trace Instruction [libnative-lib.so] [0x03bbb] [ c0 f3 07 42 ] 0x40003bba: ubfx r2, r0, #0x10, #8>>> r2=0x400060ec r0=0x60b3002b
### Trace Instruction [libnative-lib.so] [0x03bbf] [       83 4b ] 0x40003bbe: ldr r3, [pc, #0x20c]>>> r3=0x4011f350 pc=0x40003bbe
### Trace Instruction [libnative-lib.so] [0x03bc1] [       7b 44 ] 0x40003bc0: add r3, pc>>> r3=0x252c pc=0x40003bc0
### Trace Instruction [libnative-lib.so] [0x03bc3] [       1a 60 ] 0x40003bc2: str r2, [r3]>>> r2=0xb3 r3=0x400060f0
### Trace Instruction [libnative-lib.so] [0x03bc5] [ c0 f3 07 22 ] 0x40003bc4: ubfx r2, r0, #8, #8>>> r2=0xb3 r0=0x60b3002b
### Trace Instruction [libnative-lib.so] [0x03bc9] [       81 4b ] 0x40003bc8: ldr r3, [pc, #0x204]>>> r3=0x400060f0 pc=0x40003bc8
### Trace Instruction [libnative-lib.so] [0x03bcb] [       7b 44 ] 0x40003bca: add r3, pc>>> r3=0x2526 pc=0x40003bca
### Trace Instruction [libnative-lib.so] [0x03bcd] [       1a 60 ] 0x40003bcc: str r2, [r3]>>> r2=0x0 r3=0x400060f4
### Trace Instruction [libnative-lib.so] [0x03bcf] [       c2 b2 ] 0x40003bce: uxtb r2, r0>>> r2=0x0 r0=0x60b3002b
### Trace Instruction [libnative-lib.so] [0x03bd1] [       80 4b ] 0x40003bd0: ldr r3, [pc, #0x200]>>> r3=0x400060f4 pc=0x40003bd0
### Trace Instruction [libnative-lib.so] [0x03bd3] [ 8d f8 67 01 ] 0x40003bd2: strb.w r0, [sp, #0x167]>>> r0=0x60b3002b
### Trace Instruction [libnative-lib.so] [0x03bd7] [       7b 44 ] 0x40003bd6: add r3, pc>>> r3=0x251e pc=0x40003bd6
### Trace Instruction [libnative-lib.so] [0x03bd9] [       1a 60 ] 0x40003bd8: str r2, [r3]>>> r2=0x2b r3=0x400060f8
### Trace Instruction [libnative-lib.so] [0x03bdb] [       02 0a ] 0x40003bda: lsrs r2, r0, #8>>> r2=0x2b r0=0x60b3002b
### Trace Instruction [libnative-lib.so] [0x03bdd] [       00 0c ] 0x40003bdc: lsrs r0, r0, #0x10>>> r0=0x60b3002b r0=0x60b3002b
### Trace Instruction [libnative-lib.so] [0x03bdf] [ 8d f8 66 21 ] 0x40003bde: strb.w r2, [sp, #0x166]>>> r2=0x60b300
### Trace Instruction [libnative-lib.so] [0x03be3] [ 8d f8 65 01 ] 0x40003be2: strb.w r0, [sp, #0x165]>>> r0=0x60b3
### Trace Instruction [libnative-lib.so] [0x03be7] [       58 46 ] 0x40003be6: mov r0, fp>>> r0=0x60b3 fp=0xbffff660
### Trace Instruction [libnative-lib.so] [0x03be9] [ 8d f8 64 11 ] 0x40003be8: strb.w r1, [sp, #0x164]>>> r1=0x60
### Trace Instruction [libnative-lib.so] [0x03bed] [ 4f f4 80 71 ] 0x40003bec: mov.w r1, #0x100>>> r1=0x60
### Trace Instruction [libnative-lib.so] [0x03bf1] [ cd f8 60 91 ] 0x40003bf0: str.w sb, [sp, #0x160]>>> sb=0x0
### Trace Instruction [libnative-lib.so] [0x03bf5] [ fc f7 6a ef ] 0x40003bf4: blx #0x40000acc>>>
### Trace Instruction [libnative-lib.so] [0x00acc] [ 00 c6 8f e2 ] 0x40000acc: add ip, pc, #0, #12>>> ip=0x4011c7fc pc=0x40000acc
### Trace Instruction [libnative-lib.so] [0x00ad0] [ 05 ca 8c e2 ] 0x40000ad0: add ip, ip, #0x5000>>> ip=0x40000ad4 ip=0x40000ad4
### Trace Instruction [libnative-lib.so] [0x00ad4] [ e8 f4 bc e5 ] 0x40000ad4: ldr pc, [ip, #0x4e8]!>>> pc=0x40000ad4 ip=0x40005ad4
### Trace Instruction [libnative-lib.so] [0x03bf9] [       77 48 ] 0x40003bf8: ldr r0, [pc, #0x1dc]>>> r0=0xbffff660 pc=0x40003bf8
### Trace Instruction [libnative-lib.so] [0x03bfb] [       78 44 ] 0x40003bfa: add r0, pc>>> r0=0x236e pc=0x40003bfa
### Trace Instruction [libnative-lib.so] [0x03bfd] [       06 68 ] 0x40003bfc: ldr r6, [r0]>>> r6=0x18bf3d14 r0=0x40005f6c
### Trace Instruction [libnative-lib.so] [0x03bff] [       50 46 ] 0x40003bfe: mov r0, sl>>> r0=0x40005f6c sl=0x4016e000
### Trace Instruction [libnative-lib.so] [0x03c01] [       b0 47 ] 0x40003c00: blx r6>>> r6=0x400bec91
### Trace Instruction [libnative-lib.so] [0x03c03] [       02 30 ] 0x40003c02: adds r0, #2>>> r0=0x5
### Trace Instruction [libnative-lib.so] [0x03c05] [       03 21 ] 0x40003c04: movs r1, #3>>> r1=0x4016e008
### Trace Instruction [libnative-lib.so] [0x03c07] [ ff f7 75 fd ] 0x40003c06: bl #0x400036f4>>>
### Trace Instruction [libnative-lib.so] [0x036f5] [       4a 1e ] 0x400036f4: subs r2, r1, #1>>> r2=0x6e653072 r1=0x3
### Trace Instruction [libnative-lib.so] [0x036f7] [       08 bf ] 0x400036f6: it eq>>>
### Trace Instruction [libnative-lib.so] [0x036fb] [       3d d3 ] 0x400036fa: blo #0x40003778>>>
### Trace Instruction [libnative-lib.so] [0x036fd] [       88 42 ] 0x400036fc: cmp r0, r1>>> r0=0x7 r1=0x3
### Trace Instruction [libnative-lib.so] [0x036ff] [       30 d9 ] 0x400036fe: bls #0x40003762>>>
### Trace Instruction [libnative-lib.so] [0x03701] [       11 42 ] 0x40003700: tst r1, r2>>> r1=0x3 r2=0x2
### Trace Instruction [libnative-lib.so] [0x03703] [       32 d0 ] 0x40003702: beq #0x4000376a>>>
### Trace Instruction [libnative-lib.so] [0x03705] [ b1 fa 81 f3 ] 0x40003704: clz r3, r1>>> r3=0x0 r1=0x3
### Trace Instruction [libnative-lib.so] [0x03709] [ b0 fa 80 f2 ] 0x40003708: clz r2, r0>>> r2=0x2 r0=0x7
### Trace Instruction [libnative-lib.so] [0x0370d] [ a3 eb 02 02 ] 0x4000370c: sub.w r2, r3, r2>>> r2=0x1d r3=0x1e r2=0x1d
### Trace Instruction [libnative-lib.so] [0x03711] [ 4f f0 01 03 ] 0x40003710: mov.w r3, #1>>> r3=0x1e
### Trace Instruction [libnative-lib.so] [0x03715] [ 01 fa 02 f1 ] 0x40003714: lsl.w r1, r1, r2>>> r1=0x3 r1=0x3 r2=0x1
### Trace Instruction [libnative-lib.so] [0x03719] [ 03 fa 02 f3 ] 0x40003718: lsl.w r3, r3, r2>>> r3=0x1 r3=0x1 r2=0x1
### Trace Instruction [libnative-lib.so] [0x0371d] [ 4f f0 00 02 ] 0x4000371c: mov.w r2, #0>>> r2=0x1
### Trace Instruction [libnative-lib.so] [0x03721] [       88 42 ] 0x40003720: cmp r0, r1>>> r0=0x7 r1=0x6
### Trace Instruction [libnative-lib.so] [0x03723] [       24 bf ] 0x40003722: itt hs>>>
### Trace Instruction [libnative-lib.so] [0x03725] [       40 1a ] 0x40003724: subs r0, r0, r1>>> r0=0x7 r0=0x7 r1=0x6
### Trace Instruction [libnative-lib.so] [0x03727] [       1a 43 ] 0x40003726: orrs r2, r3>>> r2=0x0 r3=0x2
### Trace Instruction [libnative-lib.so] [0x03729] [ b0 eb 51 0f ] 0x40003728: cmp.w r0, r1, lsr #1>>> r0=0x1 r1=0x6
### Trace Instruction [libnative-lib.so] [0x0372d] [       24 bf ] 0x4000372c: itt hs>>>
### Trace Instruction [libnative-lib.so] [0x03737] [ b0 eb 91 0f ] 0x40003736: cmp.w r0, r1, lsr #2>>> r0=0x1 r1=0x6
### Trace Instruction [libnative-lib.so] [0x0373b] [       24 bf ] 0x4000373a: itt hs>>>
### Trace Instruction [libnative-lib.so] [0x0373d] [ a0 eb 91 00 ] 0x4000373c: sub.w r0, r0, r1, lsr #2>>> r0=0x1 r0=0x1 r1=0x6
### Trace Instruction [libnative-lib.so] [0x03741] [ 42 ea 93 02 ] 0x40003740: orr.w r2, r2, r3, lsr #2>>> r2=0x2 r2=0x2 r3=0x2
### Trace Instruction [libnative-lib.so] [0x03745] [ b0 eb d1 0f ] 0x40003744: cmp.w r0, r1, lsr #3>>> r0=0x0 r1=0x6
### Trace Instruction [libnative-lib.so] [0x03749] [       24 bf ] 0x40003748: itt hs>>>
### Trace Instruction [libnative-lib.so] [0x0374b] [ a0 eb d1 00 ] 0x4000374a: sub.w r0, r0, r1, lsr #3>>> r0=0x0 r0=0x0 r1=0x6
### Trace Instruction [libnative-lib.so] [0x0374f] [ 42 ea d3 02 ] 0x4000374e: orr.w r2, r2, r3, lsr #3>>> r2=0x2 r2=0x2 r3=0x2
### Trace Instruction [libnative-lib.so] [0x03753] [       00 28 ] 0x40003752: cmp r0, #0>>> r0=0x0
### Trace Instruction [libnative-lib.so] [0x03755] [       1c bf ] 0x40003754: itt ne>>>
### Trace Instruction [libnative-lib.so] [0x0375d] [       e0 d1 ] 0x4000375c: bne #0x40003720>>>
### Trace Instruction [libnative-lib.so] [0x0375f] [       10 46 ] 0x4000375e: mov r0, r2>>> r0=0x0 r2=0x2
### Trace Instruction [libnative-lib.so] [0x03761] [       70 47 ] 0x40003760: bx lr>>>
### Trace Instruction [libnative-lib.so] [0x03c0b] [       80 00 ] 0x40003c0a: lsls r0, r0, #2>>> r0=0x2 r0=0x2
### Trace Instruction [libnative-lib.so] [0x03c0d] [       01 30 ] 0x40003c0c: adds r0, #1>>> r0=0x8
### Trace Instruction [libnative-lib.so] [0x03c0f] [ fc f7 64 ef ] 0x40003c0e: blx #0x40000ad8>>>
### Trace Instruction [libnative-lib.so] [0x00ad8] [ 00 c6 8f e2 ] 0x40000ad8: add ip, pc, #0, #12>>> ip=0x80808000 pc=0x40000ad8
### Trace Instruction [libnative-lib.so] [0x00adc] [ 05 ca 8c e2 ] 0x40000adc: add ip, ip, #0x5000>>> ip=0x40000ae0 ip=0x40000ae0
### Trace Instruction [libnative-lib.so] [0x00ae0] [ e0 f4 bc e5 ] 0x40000ae0: ldr pc, [ip, #0x4e0]!>>> pc=0x40000ae0 ip=0x40005ae0
### Trace Instruction [libnative-lib.so] [0x03c13] [       05 46 ] 0x40003c12: mov r5, r0>>> r5=0x40120ec0 r0=0x401d2000
### Trace Instruction [libnative-lib.so] [0x03c15] [       50 46 ] 0x40003c14: mov r0, sl>>> r0=0x401d2000 sl=0x4016e000
### Trace Instruction [libnative-lib.so] [0x03c17] [       b0 47 ] 0x40003c16: blx r6>>> r6=0x400bec91
### Trace Instruction [libnative-lib.so] [0x03c19] [       01 46 ] 0x40003c18: mov r1, r0>>> r1=0x4016e008 r0=0x5
### Trace Instruction [libnative-lib.so] [0x03c1b] [       50 46 ] 0x40003c1a: mov r0, sl>>> r0=0x5 sl=0x4016e000
### Trace Instruction [libnative-lib.so] [0x03c1d] [       2a 46 ] 0x40003c1c: mov r2, r5>>> r2=0x6e653072 r5=0x401d2000
### Trace Instruction [libnative-lib.so] [0x03c1f] [ cd f8 08 a0 ] 0x40003c1e: str.w sl, [sp, #8]>>> sl=0x4016e000
### Trace Instruction [libnative-lib.so] [0x03c23] [ fe f7 33 f8 ] 0x40003c22: bl #0x40001c8c>>>
### Trace Instruction [libnative-lib.so] [0x01c8d] [       f0 b5 ] 0x40001c8c: push {r4, r5, r6, r7, lr}>>> r4=0x4fb64261 r5=0x401d2000 r6=0x400bec91 r7=0xbffff788
### Trace Instruction [libnative-lib.so] [0x01c8f] [       03 af ] 0x40001c8e: add r7, sp, #0xc>>> r7=0xbffff788
### Trace Instruction [libnative-lib.so] [0x01c91] [ 2d e9 00 0b ] 0x40001c90: push.w {r8, sb, fp}>>> r8=0xfffe0ab0 sb=0x0 fp=0xbffff660
### Trace Instruction [libnative-lib.so] [0x01c95] [       94 46 ] 0x40001c94: mov ip, r2>>> ip=0x80808000 r2=0x401d2000
### Trace Instruction [libnative-lib.so] [0x01c97] [       2e 4a ] 0x40001c96: ldr r2, [pc, #0xb8]>>> r2=0x401d2000 pc=0x40001c96
### Trace Instruction [libnative-lib.so] [0x01c99] [       86 46 ] 0x40001c98: mov lr, r0>>> r0=0x4016e000
### Trace Instruction [libnative-lib.so] [0x01c9b] [       00 20 ] 0x40001c9a: movs r0, #0>>> r0=0x4016e000
### Trace Instruction [libnative-lib.so] [0x01c9d] [       7a 44 ] 0x40001c9c: add r2, pc>>> r2=0x3008 pc=0x40001c9c
### Trace Instruction [libnative-lib.so] [0x01c9f] [       00 26 ] 0x40001c9e: movs r6, #0>>> r6=0x400bec91
### Trace Instruction [libnative-lib.so] [0x01ca1] [       90 46 ] 0x40001ca0: mov r8, r2>>> r8=0xfffe0ab0 r2=0x40004ca8
### Trace Instruction [libnative-lib.so] [0x01ca3] [       00 22 ] 0x40001ca2: movs r2, #0>>> r2=0x40004ca8
### Trace Instruction [libnative-lib.so] [0x01ca5] [       79 b3 ] 0x40001ca4: cbz r1, #0x40001d06>>> r1=0x5
### Trace Instruction [libnative-lib.so] [0x01ca7] [ 9e f8 00 50 ] 0x40001ca6: ldrb.w r5, [lr]>>> r5=0x401d2000
### Trace Instruction [libnative-lib.so] [0x01cab] [       02 2e ] 0x40001caa: cmp r6, #2>>> r6=0x0
### Trace Instruction [libnative-lib.so] [0x01cad] [       08 d0 ] 0x40001cac: beq #0x40001cc0>>>
### Trace Instruction [libnative-lib.so] [0x01caf] [       01 2e ] 0x40001cae: cmp r6, #1>>> r6=0x0
### Trace Instruction [libnative-lib.so] [0x01cb1] [       17 d0 ] 0x40001cb0: beq #0x40001ce2>>>
### Trace Instruction [libnative-lib.so] [0x01cb3] [       1e bb ] 0x40001cb2: cbnz r6, #0x40001cfc>>> r6=0x0
### Trace Instruction [libnative-lib.so] [0x01cb5] [       ac 08 ] 0x40001cb4: lsrs r4, r5, #2>>> r4=0x4fb64261 r5=0x72
### Trace Instruction [libnative-lib.so] [0x01cb7] [ 4f f0 01 09 ] 0x40001cb6: mov.w sb, #1>>> sb=0x0
### Trace Instruction [libnative-lib.so] [0x01cbb] [       03 46 ] 0x40001cba: mov r3, r0>>> r3=0x0 r0=0x0
### Trace Instruction [libnative-lib.so] [0x01cbd] [       01 26 ] 0x40001cbc: movs r6, #1>>> r6=0x0
### Trace Instruction [libnative-lib.so] [0x01cbf] [       17 e0 ] 0x40001cbe: b #0x40001cf0>>>
### Trace Instruction [libnative-lib.so] [0x01cf1] [ 18 f8 04 40 ] 0x40001cf0: ldrb.w r4, [r8, r4]>>> r4=0x1c r8=0x40004ca8
### Trace Instruction [libnative-lib.so] [0x01cf5] [       48 44 ] 0x40001cf4: add r0, sb>>> r0=0x0 sb=0x1
### Trace Instruction [libnative-lib.so] [0x01cf7] [       42 46 ] 0x40001cf6: mov r2, r8>>> r2=0x0 r8=0x40004ca8
### Trace Instruction [libnative-lib.so] [0x01cf9] [ 0c f8 03 40 ] 0x40001cf8: strb.w r4, [ip, r3]>>> r4=0x63 ip=0x401d2000
### Trace Instruction [libnative-lib.so] [0x01cfd] [ 0e f1 01 0e ] 0x40001cfc: add.w lr, lr, #1>>>
### Trace Instruction [libnative-lib.so] [0x01d01] [       01 39 ] 0x40001d00: subs r1, #1>>> r1=0x5
### Trace Instruction [libnative-lib.so] [0x01d03] [       2a 46 ] 0x40001d02: mov r2, r5>>> r2=0x40004ca8 r5=0x72
### Trace Instruction [libnative-lib.so] [0x01d05] [       ce e7 ] 0x40001d04: b #0x40001ca4>>>
### Trace Instruction [libnative-lib.so] [0x01ca5] [       79 b3 ] 0x40001ca4: cbz r1, #0x40001d06>>> r1=0x4
### Trace Instruction [libnative-lib.so] [0x01ca7] [ 9e f8 00 50 ] 0x40001ca6: ldrb.w r5, [lr]>>> r5=0x72
### Trace Instruction [libnative-lib.so] [0x01cab] [       02 2e ] 0x40001caa: cmp r6, #2>>> r6=0x1
### Trace Instruction [libnative-lib.so] [0x01cad] [       08 d0 ] 0x40001cac: beq #0x40001cc0>>>
### Trace Instruction [libnative-lib.so] [0x01caf] [       01 2e ] 0x40001cae: cmp r6, #1>>> r6=0x1
### Trace Instruction [libnative-lib.so] [0x01cb1] [       17 d0 ] 0x40001cb0: beq #0x40001ce2>>>
### Trace Instruction [libnative-lib.so] [0x01ce3] [       2c 09 ] 0x40001ce2: lsrs r4, r5, #4>>> r4=0x63 r5=0x30
### Trace Instruction [libnative-lib.so] [0x01ce5] [       02 26 ] 0x40001ce4: movs r6, #2>>> r6=0x1
### Trace Instruction [libnative-lib.so] [0x01ce7] [ 62 f3 05 14 ] 0x40001ce6: bfi r4, r2, #4, #2>>> r4=0x3 r2=0x72
### Trace Instruction [libnative-lib.so] [0x01ceb] [ 4f f0 01 09 ] 0x40001cea: mov.w sb, #1>>> sb=0x1
### Trace Instruction [libnative-lib.so] [0x01cef] [       03 46 ] 0x40001cee: mov r3, r0>>> r3=0x0 r0=0x1
### Trace Instruction [libnative-lib.so] [0x01cf1] [ 18 f8 04 40 ] 0x40001cf0: ldrb.w r4, [r8, r4]>>> r4=0x23 r8=0x40004ca8
### Trace Instruction [libnative-lib.so] [0x01cf5] [       48 44 ] 0x40001cf4: add r0, sb>>> r0=0x1 sb=0x1
### Trace Instruction [libnative-lib.so] [0x01cf7] [       42 46 ] 0x40001cf6: mov r2, r8>>> r2=0x72 r8=0x40004ca8
### Trace Instruction [libnative-lib.so] [0x01cf9] [ 0c f8 03 40 ] 0x40001cf8: strb.w r4, [ip, r3]>>> r4=0x6a ip=0x401d2000
### Trace Instruction [libnative-lib.so] [0x01cfd] [ 0e f1 01 0e ] 0x40001cfc: add.w lr, lr, #1>>>
### Trace Instruction [libnative-lib.so] [0x01d01] [       01 39 ] 0x40001d00: subs r1, #1>>> r1=0x4
### Trace Instruction [libnative-lib.so] [0x01d03] [       2a 46 ] 0x40001d02: mov r2, r5>>> r2=0x40004ca8 r5=0x30
### Trace Instruction [libnative-lib.so] [0x01d05] [       ce e7 ] 0x40001d04: b #0x40001ca4>>>
### Trace Instruction [libnative-lib.so] [0x01ca5] [       79 b3 ] 0x40001ca4: cbz r1, #0x40001d06>>> r1=0x3
### Trace Instruction [libnative-lib.so] [0x01ca7] [ 9e f8 00 50 ] 0x40001ca6: ldrb.w r5, [lr]>>> r5=0x30
### Trace Instruction [libnative-lib.so] [0x01cab] [       02 2e ] 0x40001caa: cmp r6, #2>>> r6=0x2
### Trace Instruction [libnative-lib.so] [0x01cad] [       08 d0 ] 0x40001cac: beq #0x40001cc0>>>
### Trace Instruction [libnative-lib.so] [0x01cc1] [ 02 f0 0f 02 ] 0x40001cc0: and r2, r2, #0xf>>> r2=0x30 r2=0x30
### Trace Instruction [libnative-lib.so] [0x01cc5] [       ab 09 ] 0x40001cc4: lsrs r3, r5, #6>>> r3=0x1 r5=0x65
### Trace Instruction [libnative-lib.so] [0x01cc7] [ 05 f0 3f 04 ] 0x40001cc6: and r4, r5, #0x3f>>> r4=0x6a r5=0x65
### Trace Instruction [libnative-lib.so] [0x01ccb] [       00 26 ] 0x40001cca: movs r6, #0>>> r6=0x2
### Trace Instruction [libnative-lib.so] [0x01ccd] [ 43 ea 82 02 ] 0x40001ccc: orr.w r2, r3, r2, lsl #2>>> r2=0x0 r3=0x1 r2=0x0
### Trace Instruction [libnative-lib.so] [0x01cd1] [       43 46 ] 0x40001cd0: mov r3, r8>>> r3=0x1 r8=0x40004ca8
### Trace Instruction [libnative-lib.so] [0x01cd3] [       43 1c ] 0x40001cd2: adds r3, r0, #1>>> r3=0x40004ca8 r0=0x2
### Trace Instruction [libnative-lib.so] [0x01cd5] [ 4f f0 02 09 ] 0x40001cd4: mov.w sb, #2>>> sb=0x1
### Trace Instruction [libnative-lib.so] [0x01cd9] [ 18 f8 02 20 ] 0x40001cd8: ldrb.w r2, [r8, r2]>>> r2=0x1 r8=0x40004ca8
### Trace Instruction [libnative-lib.so] [0x01cdd] [ 0c f8 00 20 ] 0x40001cdc: strb.w r2, [ip, r0]>>> r2=0x42 ip=0x401d2000
### Trace Instruction [libnative-lib.so] [0x01ce1] [       06 e0 ] 0x40001ce0: b #0x40001cf0>>>
### Trace Instruction [libnative-lib.so] [0x01cf1] [ 18 f8 04 40 ] 0x40001cf0: ldrb.w r4, [r8, r4]>>> r4=0x25 r8=0x40004ca8
### Trace Instruction [libnative-lib.so] [0x01cf5] [       48 44 ] 0x40001cf4: add r0, sb>>> r0=0x2 sb=0x2
### Trace Instruction [libnative-lib.so] [0x01cf7] [       42 46 ] 0x40001cf6: mov r2, r8>>> r2=0x42 r8=0x40004ca8
### Trace Instruction [libnative-lib.so] [0x01cf9] [ 0c f8 03 40 ] 0x40001cf8: strb.w r4, [ip, r3]>>> r4=0x6c ip=0x401d2000
### Trace Instruction [libnative-lib.so] [0x01cfd] [ 0e f1 01 0e ] 0x40001cfc: add.w lr, lr, #1>>>
### Trace Instruction [libnative-lib.so] [0x01d01] [       01 39 ] 0x40001d00: subs r1, #1>>> r1=0x3
### Trace Instruction [libnative-lib.so] [0x01d03] [       2a 46 ] 0x40001d02: mov r2, r5>>> r2=0x40004ca8 r5=0x65
### Trace Instruction [libnative-lib.so] [0x01d05] [       ce e7 ] 0x40001d04: b #0x40001ca4>>>
### Trace Instruction [libnative-lib.so] [0x01ca5] [       79 b3 ] 0x40001ca4: cbz r1, #0x40001d06>>> r1=0x2
### Trace Instruction [libnative-lib.so] [0x01ca7] [ 9e f8 00 50 ] 0x40001ca6: ldrb.w r5, [lr]>>> r5=0x65
### Trace Instruction [libnative-lib.so] [0x01cab] [       02 2e ] 0x40001caa: cmp r6, #2>>> r6=0x0
### Trace Instruction [libnative-lib.so] [0x01cad] [       08 d0 ] 0x40001cac: beq #0x40001cc0>>>
### Trace Instruction [libnative-lib.so] [0x01caf] [       01 2e ] 0x40001cae: cmp r6, #1>>> r6=0x0
### Trace Instruction [libnative-lib.so] [0x01cb1] [       17 d0 ] 0x40001cb0: beq #0x40001ce2>>>
### Trace Instruction [libnative-lib.so] [0x01cb3] [       1e bb ] 0x40001cb2: cbnz r6, #0x40001cfc>>> r6=0x0
### Trace Instruction [libnative-lib.so] [0x01cb5] [       ac 08 ] 0x40001cb4: lsrs r4, r5, #2>>> r4=0x6c r5=0x6e
### Trace Instruction [libnative-lib.so] [0x01cb7] [ 4f f0 01 09 ] 0x40001cb6: mov.w sb, #1>>> sb=0x2
### Trace Instruction [libnative-lib.so] [0x01cbb] [       03 46 ] 0x40001cba: mov r3, r0>>> r3=0x3 r0=0x4
### Trace Instruction [libnative-lib.so] [0x01cbd] [       01 26 ] 0x40001cbc: movs r6, #1>>> r6=0x0
### Trace Instruction [libnative-lib.so] [0x01cbf] [       17 e0 ] 0x40001cbe: b #0x40001cf0>>>
### Trace Instruction [libnative-lib.so] [0x01cf1] [ 18 f8 04 40 ] 0x40001cf0: ldrb.w r4, [r8, r4]>>> r4=0x1b r8=0x40004ca8
### Trace Instruction [libnative-lib.so] [0x01cf5] [       48 44 ] 0x40001cf4: add r0, sb>>> r0=0x4 sb=0x1
### Trace Instruction [libnative-lib.so] [0x01cf7] [       42 46 ] 0x40001cf6: mov r2, r8>>> r2=0x65 r8=0x40004ca8
### Trace Instruction [libnative-lib.so] [0x01cf9] [ 0c f8 03 40 ] 0x40001cf8: strb.w r4, [ip, r3]>>> r4=0x62 ip=0x401d2000
### Trace Instruction [libnative-lib.so] [0x01cfd] [ 0e f1 01 0e ] 0x40001cfc: add.w lr, lr, #1>>>
### Trace Instruction [libnative-lib.so] [0x01d01] [       01 39 ] 0x40001d00: subs r1, #1>>> r1=0x2
### Trace Instruction [libnative-lib.so] [0x01d03] [       2a 46 ] 0x40001d02: mov r2, r5>>> r2=0x40004ca8 r5=0x6e
### Trace Instruction [libnative-lib.so] [0x01d05] [       ce e7 ] 0x40001d04: b #0x40001ca4>>>
### Trace Instruction [libnative-lib.so] [0x01ca5] [       79 b3 ] 0x40001ca4: cbz r1, #0x40001d06>>> r1=0x1
### Trace Instruction [libnative-lib.so] [0x01ca7] [ 9e f8 00 50 ] 0x40001ca6: ldrb.w r5, [lr]>>> r5=0x6e
### Trace Instruction [libnative-lib.so] [0x01cab] [       02 2e ] 0x40001caa: cmp r6, #2>>> r6=0x1
### Trace Instruction [libnative-lib.so] [0x01cad] [       08 d0 ] 0x40001cac: beq #0x40001cc0>>>
### Trace Instruction [libnative-lib.so] [0x01caf] [       01 2e ] 0x40001cae: cmp r6, #1>>> r6=0x1
### Trace Instruction [libnative-lib.so] [0x01cb1] [       17 d0 ] 0x40001cb0: beq #0x40001ce2>>>
### Trace Instruction [libnative-lib.so] [0x01ce3] [       2c 09 ] 0x40001ce2: lsrs r4, r5, #4>>> r4=0x62 r5=0x76
### Trace Instruction [libnative-lib.so] [0x01ce5] [       02 26 ] 0x40001ce4: movs r6, #2>>> r6=0x1
### Trace Instruction [libnative-lib.so] [0x01ce7] [ 62 f3 05 14 ] 0x40001ce6: bfi r4, r2, #4, #2>>> r4=0x7 r2=0x6e
### Trace Instruction [libnative-lib.so] [0x01ceb] [ 4f f0 01 09 ] 0x40001cea: mov.w sb, #1>>> sb=0x1
### Trace Instruction [libnative-lib.so] [0x01cef] [       03 46 ] 0x40001cee: mov r3, r0>>> r3=0x4 r0=0x5
### Trace Instruction [libnative-lib.so] [0x01cf1] [ 18 f8 04 40 ] 0x40001cf0: ldrb.w r4, [r8, r4]>>> r4=0x27 r8=0x40004ca8
### Trace Instruction [libnative-lib.so] [0x01cf5] [       48 44 ] 0x40001cf4: add r0, sb>>> r0=0x5 sb=0x1
### Trace Instruction [libnative-lib.so] [0x01cf7] [       42 46 ] 0x40001cf6: mov r2, r8>>> r2=0x6e r8=0x40004ca8
### Trace Instruction [libnative-lib.so] [0x01cf9] [ 0c f8 03 40 ] 0x40001cf8: strb.w r4, [ip, r3]>>> r4=0x6e ip=0x401d2000
### Trace Instruction [libnative-lib.so] [0x01cfd] [ 0e f1 01 0e ] 0x40001cfc: add.w lr, lr, #1>>>
### Trace Instruction [libnative-lib.so] [0x01d01] [       01 39 ] 0x40001d00: subs r1, #1>>> r1=0x1
### Trace Instruction [libnative-lib.so] [0x01d03] [       2a 46 ] 0x40001d02: mov r2, r5>>> r2=0x40004ca8 r5=0x76
### Trace Instruction [libnative-lib.so] [0x01d05] [       ce e7 ] 0x40001d04: b #0x40001ca4>>>
### Trace Instruction [libnative-lib.so] [0x01ca5] [       79 b3 ] 0x40001ca4: cbz r1, #0x40001d06>>> r1=0x0
### Trace Instruction [libnative-lib.so] [0x01d07] [       02 2e ] 0x40001d06: cmp r6, #2>>> r6=0x2
### Trace Instruction [libnative-lib.so] [0x01d09] [       0d d0 ] 0x40001d08: beq #0x40001d26>>>
### Trace Instruction [libnative-lib.so] [0x01d27] [ 02 f0 0f 01 ] 0x40001d26: and r1, r2, #0xf>>> r1=0x0 r2=0x76
### Trace Instruction [libnative-lib.so] [0x01d2b] [       01 23 ] 0x40001d2a: movs r3, #1>>> r3=0x5
### Trace Instruction [libnative-lib.so] [0x01d2d] [       04 46 ] 0x40001d2c: mov r4, r0>>> r4=0x6e r0=0x6
### Trace Instruction [libnative-lib.so] [0x01d2f] [ 18 f8 21 20 ] 0x40001d2e: ldrb.w r2, [r8, r1, lsl #2]>>> r2=0x76 r8=0x40004ca8
### Trace Instruction [libnative-lib.so] [0x01d33] [       02 21 ] 0x40001d32: movs r1, #2>>> r1=0x6
### Trace Instruction [libnative-lib.so] [0x01d35] [ 0c f8 04 20 ] 0x40001d34: strb.w r2, [ip, r4]>>> r2=0x59 ip=0x401d2000
### Trace Instruction [libnative-lib.so] [0x01d39] [       c2 18 ] 0x40001d38: adds r2, r0, r3>>> r2=0x59 r0=0x6 r3=0x1
### Trace Instruction [libnative-lib.so] [0x01d3b] [       08 44 ] 0x40001d3a: add r0, r1>>> r0=0x6 r1=0x2
### Trace Instruction [libnative-lib.so] [0x01d3d] [       3d 23 ] 0x40001d3c: movs r3, #0x3d>>> r3=0x1
### Trace Instruction [libnative-lib.so] [0x01d3f] [ 0c f8 02 30 ] 0x40001d3e: strb.w r3, [ip, r2]>>> r3=0x3d ip=0x401d2000
### Trace Instruction [libnative-lib.so] [0x01d43] [       00 21 ] 0x40001d42: movs r1, #0>>> r1=0x2
### Trace Instruction [libnative-lib.so] [0x01d45] [ 0c f8 00 10 ] 0x40001d44: strb.w r1, [ip, r0]>>> r1=0x0 ip=0x401d2000
### Trace Instruction [libnative-lib.so] [0x01d49] [ bd e8 00 0b ] 0x40001d48: pop.w {r8, sb, fp}>>> r8=0x40004ca8 sb=0x1 fp=0xbffff660
### Trace Instruction [libnative-lib.so] [0x01d4d] [       f0 bd ] 0x40001d4c: pop {r4, r5, r6, r7, pc}>>> r4=0x6 r5=0x76 r6=0x2 r7=0xbffff5f8 pc=0x40001d4c
### Trace Instruction [libnative-lib.so] [0x03c27] [       28 46 ] 0x40003c26: mov r0, r5>>> r0=0x8 r5=0x401d2000
### Trace Instruction [libnative-lib.so] [0x03c29] [       b0 47 ] 0x40003c28: blx r6>>> r6=0x400bec91
### Trace Instruction [libnative-lib.so] [0x03c2b] [       03 46 ] 0x40003c2a: mov r3, r0>>> r3=0x1000000 r0=0x8
### Trace Instruction [libnative-lib.so] [0x03c2d] [       08 20 ] 0x40003c2c: movs r0, #8>>> r0=0x8
### Trace Instruction [libnative-lib.so] [0x03c2f] [       58 aa ] 0x40003c2e: add r2, sp, #0x160>>> r2=0x0
### Trace Instruction [libnative-lib.so] [0x03c31] [       00 90 ] 0x40003c30: str r0, [sp]>>> r0=0x8
### Trace Instruction [libnative-lib.so] [0x03c33] [       58 46 ] 0x40003c32: mov r0, fp>>> r0=0x8 fp=0xbffff660
### Trace Instruction [libnative-lib.so] [0x03c35] [       29 46 ] 0x40003c34: mov r1, r5>>> r1=0x401d2010 r5=0x401d2000
### Trace Instruction [libnative-lib.so] [0x03c3b] [       68 48 ] 0x40003c3a: ldr r0, [pc, #0x1a0]>>> r0=0x0 pc=0x40003c3a
### Trace Instruction [libnative-lib.so] [0x03c3d] [       1a 26 ] 0x40003c3c: movs r6, #0x1a>>> r6=0x400bec91
### Trace Instruction [libnative-lib.so] [0x03c3f] [ 9d f8 73 10 ] 0x40003c3e: ldrb.w r1, [sp, #0x73]>>> r1=0x0 //push
### Trace Instruction [libnative-lib.so] [0x03c43] [ 0d f1 38 0a ] 0x40003c42: add.w sl, sp, #0x38>>> sl=0x4016e000
### Trace Instruction [libnative-lib.so] [0x03c47] [       78 44 ] 0x40003c46: add r0, pc>>> r0=0x248e pc=0x40003c46
### Trace Instruction [libnative-lib.so] [0x03c49] [       01 60 ] 0x40003c48: str r1, [r0]>>> r1=0xea r0=0x400060d8
### Trace Instruction [libnative-lib.so] [0x03c4b] [ 01 f0 0f 00 ] 0x40003c4a: and r0, r1, #0xf>>> r0=0x400060d8 r1=0xea
### Trace Instruction [libnative-lib.so] [0x03c4f] [       64 49 ] 0x40003c4e: ldr r1, [pc, #0x190]>>> r1=0xea pc=0x40003c4e
### Trace Instruction [libnative-lib.so] [0x03c51] [       79 44 ] 0x40003c50: add r1, pc>>> r1=0x248c pc=0x40003c50
### Trace Instruction [libnative-lib.so] [0x03c53] [       08 60 ] 0x40003c52: str r0, [r1]>>> r0=0xa r1=0x400060e0
### Trace Instruction [libnative-lib.so] [0x03c55] [       52 a1 ] 0x40003c54: adr r1, #0x148>>> r1=0x400060e0
### Trace Instruction [libnative-lib.so] [0x03c57] [ 5b f8 00 00 ] 0x40003c56: ldr.w r0, [fp, r0]>>> r0=0xa fp=0xbffff660
### Trace Instruction [libnative-lib.so] [0x03c5b] [ 0d f1 45 0b ] 0x40003c5a: add.w fp, sp, #0x45>>> fp=0xbffff660 r3=0x7
### Trace Instruction [libnative-lib.so] [0x03c5f] [ 61 f9 cf 0a ] 0x40003c5e: vld1.64 {d16, d17}, [r1]>>> r1=0x40003da0
### Trace Instruction [libnative-lib.so] [0x03c63] [       59 46 ] 0x40003c62: mov r1, fp>>> r1=0x40003da0 fp=0xbffff645
### Trace Instruction [libnative-lib.so] [0x03c65] [ 41 f9 06 0a ] 0x40003c64: vst1.8 {d16, d17}, [r1], r6>>> r1=0xbffff645 r6=0x1a
### Trace Instruction [libnative-lib.so] [0x03c69] [ 81 f8 00 90 ] 0x40003c68: strb.w sb, [r1]>>> sb=0x0 r1=0xbffff65f
### Trace Instruction [libnative-lib.so] [0x03c6d] [       5d 49 ] 0x40003c6c: ldr r1, [pc, #0x174]>>> r1=0xbffff65f pc=0x40003c6c
### Trace Instruction [libnative-lib.so] [0x03c6f] [       79 44 ] 0x40003c6e: add r1, pc>>> r1=0x246a pc=0x40003c6e
### Trace Instruction [libnative-lib.so] [0x03c71] [       08 60 ] 0x40003c70: str r0, [r1]>>> r0=0xa04e4be1 r1=0x400060dc
### Trace Instruction [libnative-lib.so] [0x03c73] [       00 ba ] 0x40003c72: rev r0, r0>>> r0=0xa04e4be1 r0=0xa04e4be1
### Trace Instruction [libnative-lib.so] [0x03c75] [       5c 49 ] 0x40003c74: ldr r1, [pc, #0x170]>>> r1=0x400060dc pc=0x40003c74
### Trace Instruction [libnative-lib.so] [0x03c77] [ 20 f0 00 45 ] 0x40003c76: bic r5, r0, #0x80000000>>> r5=0x401d2000 r0=0xe14b4ea0
### Trace Instruction [libnative-lib.so] [0x03c7b] [       79 44 ] 0x40003c7a: add r1, pc>>> r1=0x246a pc=0x40003c7a
### Trace Instruction [libnative-lib.so] [0x03c7d] [       08 60 ] 0x40003c7c: str r0, [r1]>>> r0=0xe14b4ea0 r1=0x400060e8
### Trace Instruction [libnative-lib.so] [0x03c7f] [       5b 48 ] 0x40003c7e: ldr r0, [pc, #0x16c]>>> r0=0xe14b4ea0 pc=0x40003c7e
### Trace Instruction [libnative-lib.so] [0x03c81] [       78 44 ] 0x40003c80: add r0, pc>>> r0=0x2460 pc=0x40003c80
### Trace Instruction [libnative-lib.so] [0x03c83] [       04 46 ] 0x40003c82: mov r4, r0>>> r4=0x4fb64261 r0=0x400060e4
### Trace Instruction [libnative-lib.so] [0x03c85] [       05 60 ] 0x40003c84: str r5, [r0]>>> r5=0x614b4ea0 r0=0x400060e4
### Trace Instruction [libnative-lib.so] [0x03c87] [ 45 f6 58 10 ] 0x40003c86: movw r0, #0x5958>>> r0=0x400060e4
### Trace Instruction [libnative-lib.so] [0x03c8b] [ ad f8 5d 00 ] 0x40003c8a: strh.w r0, [sp, #0x5d]>>> r0=0x5958
### Trace Instruction [libnative-lib.so] [0x03c8f] [       48 48 ] 0x40003c8e: ldr r0, [pc, #0x120]>>> r0=0x5958 pc=0x40003c8e
### Trace Instruction [libnative-lib.so] [0x03c91] [ cd f8 59 00 ] 0x40003c90: str.w r0, [sp, #0x59]>>> r0=0x57565452
### Trace Instruction [libnative-lib.so] [0x03c95] [       47 48 ] 0x40003c94: ldr r0, [pc, #0x11c]>>> r0=0x57565452 pc=0x40003c94
### Trace Instruction [libnative-lib.so] [0x03c97] [ cd f8 55 00 ] 0x40003c96: str.w r0, [sp, #0x55]>>> r0=0x51504e4d
### Trace Instruction [libnative-lib.so] [0x03c9b] [       47 48 ] 0x40003c9a: ldr r0, [pc, #0x11c]>>> r0=0x51504e4d pc=0x40003c9a
### Trace Instruction [libnative-lib.so] [0x03c9d] [       0f 90 ] 0x40003c9c: str r0, [sp, #0x3c]>>> r0=0x373635
### Trace Instruction [libnative-lib.so] [0x03c9f] [       47 48 ] 0x40003c9e: ldr r0, [pc, #0x11c]>>> r0=0x373635 pc=0x40003c9e
### Trace Instruction [libnative-lib.so] [0x03ca1] [       0e 90 ] 0x40003ca0: str r0, [sp, #0x38]>>> r0=0x34333231
### Trace Instruction [libnative-lib.so] [0x03ca3] [ b9 f1 05 0f ] 0x40003ca2: cmp.w sb, #5>>> sb=0x0
### Trace Instruction [libnative-lib.so] [0x03ca7] [       21 d0 ] 0x40003ca6: beq #0x40003cec>>>
### Trace Instruction [libnative-lib.so] [0x03ca9] [       28 46 ] 0x40003ca8: mov r0, r5>>> r0=0x34333231 r5=0x614b4ea0
### Trace Instruction [libnative-lib.so] [0x03cab] [       1a 21 ] 0x40003caa: movs r1, #0x1a>>> r1=0x400060e8
### Trace Instruction [libnative-lib.so] [0x03cad] [ ff f7 78 fd ] 0x40003cac: bl #0x400037a0>>>
### Trace Instruction [libnative-lib.so] [0x037a1] [       00 29 ] 0x400037a0: cmp r1, #0>>> r1=0x1a
### Trace Instruction [libnative-lib.so] [0x037a3] [       56 d0 ] 0x400037a2: beq #0x40003852>>>
### Trace Instruction [libnative-lib.so] [0x037a5] [ 80 ea 01 0c ] 0x400037a4: eor.w ip, r0, r1>>> ip=0x401c20c0 r0=0x614b4ea0 r1=0x1a
### Trace Instruction [libnative-lib.so] [0x037a9] [       48 bf ] 0x400037a8: it mi>>>
### Trace Instruction [libnative-lib.so] [0x037ad] [       4a 1e ] 0x400037ac: subs r2, r1, #1>>> r2=0x8 r1=0x1a
### Trace Instruction [libnative-lib.so] [0x037af] [       38 d0 ] 0x400037ae: beq #0x40003822>>>
### Trace Instruction [libnative-lib.so] [0x037b1] [       03 00 ] 0x400037b0: movs r3, r0>>> r3=0x7 r0=0x614b4ea0
### Trace Instruction [libnative-lib.so] [0x037b3] [       48 bf ] 0x400037b2: it mi>>>
### Trace Instruction [libnative-lib.so] [0x037b7] [       8b 42 ] 0x400037b6: cmp r3, r1>>> r3=0x614b4ea0 r1=0x1a
### Trace Instruction [libnative-lib.so] [0x037b9] [       38 d9 ] 0x400037b8: bls #0x4000382c>>>
### Trace Instruction [libnative-lib.so] [0x037bb] [       11 42 ] 0x400037ba: tst r1, r2>>> r1=0x1a r2=0x19
### Trace Instruction [libnative-lib.so] [0x037bd] [       3e d0 ] 0x400037bc: beq #0x4000383c>>>
### Trace Instruction [libnative-lib.so] [0x037bf] [ b1 fa 81 f2 ] 0x400037be: clz r2, r1>>> r2=0x19 r1=0x1a
### Trace Instruction [libnative-lib.so] [0x037c3] [ b3 fa 83 f0 ] 0x400037c2: clz r0, r3>>> r0=0x614b4ea0 r3=0x614b4ea0
### Trace Instruction [libnative-lib.so] [0x037c7] [ a2 eb 00 00 ] 0x400037c6: sub.w r0, r2, r0>>> r0=0x1 r2=0x1b r0=0x1
### Trace Instruction [libnative-lib.so] [0x037cb] [ 4f f0 01 02 ] 0x400037ca: mov.w r2, #1>>> r2=0x1b
### Trace Instruction [libnative-lib.so] [0x037cf] [ 01 fa 00 f1 ] 0x400037ce: lsl.w r1, r1, r0>>> r1=0x1a r1=0x1a r0=0x1a
### Trace Instruction [libnative-lib.so] [0x037d3] [ 02 fa 00 f2 ] 0x400037d2: lsl.w r2, r2, r0>>> r2=0x1 r2=0x1 r0=0x1a
### Trace Instruction [libnative-lib.so] [0x037d7] [ 4f f0 00 00 ] 0x400037d6: mov.w r0, #0>>> r0=0x1a
### Trace Instruction [libnative-lib.so] [0x037db] [       8b 42 ] 0x400037da: cmp r3, r1>>> r3=0x614b4ea0 r1=0x68000000
### Trace Instruction [libnative-lib.so] [0x037dd] [       24 bf ] 0x400037dc: itt hs>>>
### Trace Instruction [libnative-lib.so] [0x037e3] [ b3 eb 51 0f ] 0x400037e2: cmp.w r3, r1, lsr #1>>> r3=0x614b4ea0 r1=0x68000000
### Trace Instruction [libnative-lib.so] [0x037e7] [       24 bf ] 0x400037e6: itt hs>>>
### Trace Instruction [libnative-lib.so] [0x037e9] [ a3 eb 51 03 ] 0x400037e8: sub.w r3, r3, r1, lsr #1>>> r3=0x614b4ea0 r3=0x614b4ea0 r1=0x68000000
### Trace Instruction [libnative-lib.so] [0x037ed] [ 40 ea 52 00 ] 0x400037ec: orr.w r0, r0, r2, lsr #1>>> r0=0x0 r0=0x0 r2=0x4000000
### Trace Instruction [libnative-lib.so] [0x037f1] [ b3 eb 91 0f ] 0x400037f0: cmp.w r3, r1, lsr #2>>> r3=0x2d4b4ea0 r1=0x68000000
### Trace Instruction [libnative-lib.so] [0x037f5] [       24 bf ] 0x400037f4: itt hs>>>
### Trace Instruction [libnative-lib.so] [0x037f7] [ a3 eb 91 03 ] 0x400037f6: sub.w r3, r3, r1, lsr #2>>> r3=0x2d4b4ea0 r3=0x2d4b4ea0 r1=0x68000000
### Trace Instruction [libnative-lib.so] [0x037fb] [ 40 ea 92 00 ] 0x400037fa: orr.w r0, r0, r2, lsr #2>>> r0=0x2000000 r0=0x2000000 r2=0x4000000
### Trace Instruction [libnative-lib.so] [0x037ff] [ b3 eb d1 0f ] 0x400037fe: cmp.w r3, r1, lsr #3>>> r3=0x134b4ea0 r1=0x68000000
### Trace Instruction [libnative-lib.so] [0x03803] [       24 bf ] 0x40003802: itt hs>>>
### Trace Instruction [libnative-lib.so] [0x03805] [ a3 eb d1 03 ] 0x40003804: sub.w r3, r3, r1, lsr #3>>> r3=0x134b4ea0 r3=0x134b4ea0 r1=0x68000000
### Trace Instruction [libnative-lib.so] [0x03809] [ 40 ea d2 00 ] 0x40003808: orr.w r0, r0, r2, lsr #3>>> r0=0x3000000 r0=0x3000000 r2=0x4000000
### Trace Instruction [libnative-lib.so] [0x0380d] [       00 2b ] 0x4000380c: cmp r3, #0>>> r3=0x64b4ea0
### Trace Instruction [libnative-lib.so] [0x0380f] [       1c bf ] 0x4000380e: itt ne>>>
### Trace Instruction [libnative-lib.so] [0x03811] [ 5f ea 12 12 ] 0x40003810: lsrs.w r2, r2, #4>>> r2=0x4000000 r2=0x4000000
### Trace Instruction [libnative-lib.so] [0x03815] [       09 09 ] 0x40003814: lsrs r1, r1, #4>>> r1=0x68000000 r1=0x68000000
### Trace Instruction [libnative-lib.so] [0x03817] [       e0 d1 ] 0x40003816: bne #0x400037da>>>
### Trace Instruction [libnative-lib.so] [0x037db] [       8b 42 ] 0x400037da: cmp r3, r1>>> r3=0x64b4ea0 r1=0x6800000
### Trace Instruction [libnative-lib.so] [0x037dd] [       24 bf ] 0x400037dc: itt hs>>>
### Trace Instruction [libnative-lib.so] [0x037e3] [ b3 eb 51 0f ] 0x400037e2: cmp.w r3, r1, lsr #1>>> r3=0x64b4ea0 r1=0x6800000
### Trace Instruction [libnative-lib.so] [0x037e7] [       24 bf ] 0x400037e6: itt hs>>>
### Trace Instruction [libnative-lib.so] [0x037e9] [ a3 eb 51 03 ] 0x400037e8: sub.w r3, r3, r1, lsr #1>>> r3=0x64b4ea0 r3=0x64b4ea0 r1=0x6800000
### Trace Instruction [libnative-lib.so] [0x037ed] [ 40 ea 52 00 ] 0x400037ec: orr.w r0, r0, r2, lsr #1>>> r0=0x3800000 r0=0x3800000 r2=0x400000
### Trace Instruction [libnative-lib.so] [0x037f1] [ b3 eb 91 0f ] 0x400037f0: cmp.w r3, r1, lsr #2>>> r3=0x30b4ea0 r1=0x6800000
### Trace Instruction [libnative-lib.so] [0x037f5] [       24 bf ] 0x400037f4: itt hs>>>
### Trace Instruction [libnative-lib.so] [0x037f7] [ a3 eb 91 03 ] 0x400037f6: sub.w r3, r3, r1, lsr #2>>> r3=0x30b4ea0 r3=0x30b4ea0 r1=0x6800000
### Trace Instruction [libnative-lib.so] [0x037fb] [ 40 ea 92 00 ] 0x400037fa: orr.w r0, r0, r2, lsr #2>>> r0=0x3a00000 r0=0x3a00000 r2=0x400000
### Trace Instruction [libnative-lib.so] [0x037ff] [ b3 eb d1 0f ] 0x400037fe: cmp.w r3, r1, lsr #3>>> r3=0x16b4ea0 r1=0x6800000
### Trace Instruction [libnative-lib.so] [0x03803] [       24 bf ] 0x40003802: itt hs>>>
### Trace Instruction [libnative-lib.so] [0x03805] [ a3 eb d1 03 ] 0x40003804: sub.w r3, r3, r1, lsr #3>>> r3=0x16b4ea0 r3=0x16b4ea0 r1=0x6800000
### Trace Instruction [libnative-lib.so] [0x03809] [ 40 ea d2 00 ] 0x40003808: orr.w r0, r0, r2, lsr #3>>> r0=0x3b00000 r0=0x3b00000 r2=0x400000
### Trace Instruction [libnative-lib.so] [0x0380d] [       00 2b ] 0x4000380c: cmp r3, #0>>> r3=0x9b4ea0
### Trace Instruction [libnative-lib.so] [0x0380f] [       1c bf ] 0x4000380e: itt ne>>>
### Trace Instruction [libnative-lib.so] [0x03811] [ 5f ea 12 12 ] 0x40003810: lsrs.w r2, r2, #4>>> r2=0x400000 r2=0x400000
### Trace Instruction [libnative-lib.so] [0x03815] [       09 09 ] 0x40003814: lsrs r1, r1, #4>>> r1=0x6800000 r1=0x6800000
### Trace Instruction [libnative-lib.so] [0x03817] [       e0 d1 ] 0x40003816: bne #0x400037da>>>
### Trace Instruction [libnative-lib.so] [0x037db] [       8b 42 ] 0x400037da: cmp r3, r1>>> r3=0x9b4ea0 r1=0x680000
### Trace Instruction [libnative-lib.so] [0x037dd] [       24 bf ] 0x400037dc: itt hs>>>
### Trace Instruction [libnative-lib.so] [0x037df] [       5b 1a ] 0x400037de: subs r3, r3, r1>>> r3=0x9b4ea0 r3=0x9b4ea0 r1=0x680000
### Trace Instruction [libnative-lib.so] [0x037e1] [       10 43 ] 0x400037e0: orrs r0, r2>>> r0=0x3b80000 r2=0x40000
### Trace Instruction [libnative-lib.so] [0x037e3] [ b3 eb 51 0f ] 0x400037e2: cmp.w r3, r1, lsr #1>>> r3=0x334ea0 r1=0x680000
### Trace Instruction [libnative-lib.so] [0x037e7] [       24 bf ] 0x400037e6: itt hs>>>
### Trace Instruction [libnative-lib.so] [0x037f1] [ b3 eb 91 0f ] 0x400037f0: cmp.w r3, r1, lsr #2>>> r3=0x334ea0 r1=0x680000
### Trace Instruction [libnative-lib.so] [0x037f5] [       24 bf ] 0x400037f4: itt hs>>>
### Trace Instruction [libnative-lib.so] [0x037f7] [ a3 eb 91 03 ] 0x400037f6: sub.w r3, r3, r1, lsr #2>>> r3=0x334ea0 r3=0x334ea0 r1=0x680000
### Trace Instruction [libnative-lib.so] [0x037fb] [ 40 ea 92 00 ] 0x400037fa: orr.w r0, r0, r2, lsr #2>>> r0=0x3bc0000 r0=0x3bc0000 r2=0x40000
### Trace Instruction [libnative-lib.so] [0x037ff] [ b3 eb d1 0f ] 0x400037fe: cmp.w r3, r1, lsr #3>>> r3=0x194ea0 r1=0x680000
### Trace Instruction [libnative-lib.so] [0x03803] [       24 bf ] 0x40003802: itt hs>>>
### Trace Instruction [libnative-lib.so] [0x03805] [ a3 eb d1 03 ] 0x40003804: sub.w r3, r3, r1, lsr #3>>> r3=0x194ea0 r3=0x194ea0 r1=0x680000
### Trace Instruction [libnative-lib.so] [0x03809] [ 40 ea d2 00 ] 0x40003808: orr.w r0, r0, r2, lsr #3>>> r0=0x3bd0000 r0=0x3bd0000 r2=0x40000
### Trace Instruction [libnative-lib.so] [0x0380d] [       00 2b ] 0x4000380c: cmp r3, #0>>> r3=0xc4ea0
### Trace Instruction [libnative-lib.so] [0x0380f] [       1c bf ] 0x4000380e: itt ne>>>
### Trace Instruction [libnative-lib.so] [0x03811] [ 5f ea 12 12 ] 0x40003810: lsrs.w r2, r2, #4>>> r2=0x40000 r2=0x40000
### Trace Instruction [libnative-lib.so] [0x03815] [       09 09 ] 0x40003814: lsrs r1, r1, #4>>> r1=0x680000 r1=0x680000
### Trace Instruction [libnative-lib.so] [0x03817] [       e0 d1 ] 0x40003816: bne #0x400037da>>>
### Trace Instruction [libnative-lib.so] [0x037db] [       8b 42 ] 0x400037da: cmp r3, r1>>> r3=0xc4ea0 r1=0x68000
### Trace Instruction [libnative-lib.so] [0x037dd] [       24 bf ] 0x400037dc: itt hs>>>
### Trace Instruction [libnative-lib.so] [0x037df] [       5b 1a ] 0x400037de: subs r3, r3, r1>>> r3=0xc4ea0 r3=0xc4ea0 r1=0x68000
### Trace Instruction [libnative-lib.so] [0x037e1] [       10 43 ] 0x400037e0: orrs r0, r2>>> r0=0x3bd8000 r2=0x4000
### Trace Instruction [libnative-lib.so] [0x037e3] [ b3 eb 51 0f ] 0x400037e2: cmp.w r3, r1, lsr #1>>> r3=0x5cea0 r1=0x68000
### Trace Instruction [libnative-lib.so] [0x037e7] [       24 bf ] 0x400037e6: itt hs>>>
### Trace Instruction [libnative-lib.so] [0x037e9] [ a3 eb 51 03 ] 0x400037e8: sub.w r3, r3, r1, lsr #1>>> r3=0x5cea0 r3=0x5cea0 r1=0x68000
### Trace Instruction [libnative-lib.so] [0x037ed] [ 40 ea 52 00 ] 0x400037ec: orr.w r0, r0, r2, lsr #1>>> r0=0x3bdc000 r0=0x3bdc000 r2=0x4000
### Trace Instruction [libnative-lib.so] [0x037f1] [ b3 eb 91 0f ] 0x400037f0: cmp.w r3, r1, lsr #2>>> r3=0x28ea0 r1=0x68000
### Trace Instruction [libnative-lib.so] [0x037f5] [       24 bf ] 0x400037f4: itt hs>>>
### Trace Instruction [libnative-lib.so] [0x037f7] [ a3 eb 91 03 ] 0x400037f6: sub.w r3, r3, r1, lsr #2>>> r3=0x28ea0 r3=0x28ea0 r1=0x68000
### Trace Instruction [libnative-lib.so] [0x037fb] [ 40 ea 92 00 ] 0x400037fa: orr.w r0, r0, r2, lsr #2>>> r0=0x3bde000 r0=0x3bde000 r2=0x4000
### Trace Instruction [libnative-lib.so] [0x037ff] [ b3 eb d1 0f ] 0x400037fe: cmp.w r3, r1, lsr #3>>> r3=0xeea0 r1=0x68000
### Trace Instruction [libnative-lib.so] [0x03803] [       24 bf ] 0x40003802: itt hs>>>
### Trace Instruction [libnative-lib.so] [0x03805] [ a3 eb d1 03 ] 0x40003804: sub.w r3, r3, r1, lsr #3>>> r3=0xeea0 r3=0xeea0 r1=0x68000
### Trace Instruction [libnative-lib.so] [0x03809] [ 40 ea d2 00 ] 0x40003808: orr.w r0, r0, r2, lsr #3>>> r0=0x3bdf000 r0=0x3bdf000 r2=0x4000
### Trace Instruction [libnative-lib.so] [0x0380d] [       00 2b ] 0x4000380c: cmp r3, #0>>> r3=0x1ea0
### Trace Instruction [libnative-lib.so] [0x0380f] [       1c bf ] 0x4000380e: itt ne>>>
### Trace Instruction [libnative-lib.so] [0x03811] [ 5f ea 12 12 ] 0x40003810: lsrs.w r2, r2, #4>>> r2=0x4000 r2=0x4000
### Trace Instruction [libnative-lib.so] [0x03815] [       09 09 ] 0x40003814: lsrs r1, r1, #4>>> r1=0x68000 r1=0x68000
### Trace Instruction [libnative-lib.so] [0x03817] [       e0 d1 ] 0x40003816: bne #0x400037da>>>
### Trace Instruction [libnative-lib.so] [0x037db] [       8b 42 ] 0x400037da: cmp r3, r1>>> r3=0x1ea0 r1=0x6800
### Trace Instruction [libnative-lib.so] [0x037dd] [       24 bf ] 0x400037dc: itt hs>>>
### Trace Instruction [libnative-lib.so] [0x037e3] [ b3 eb 51 0f ] 0x400037e2: cmp.w r3, r1, lsr #1>>> r3=0x1ea0 r1=0x6800
### Trace Instruction [libnative-lib.so] [0x037e7] [       24 bf ] 0x400037e6: itt hs>>>
### Trace Instruction [libnative-lib.so] [0x037f1] [ b3 eb 91 0f ] 0x400037f0: cmp.w r3, r1, lsr #2>>> r3=0x1ea0 r1=0x6800
### Trace Instruction [libnative-lib.so] [0x037f5] [       24 bf ] 0x400037f4: itt hs>>>
### Trace Instruction [libnative-lib.so] [0x037f7] [ a3 eb 91 03 ] 0x400037f6: sub.w r3, r3, r1, lsr #2>>> r3=0x1ea0 r3=0x1ea0 r1=0x6800
### Trace Instruction [libnative-lib.so] [0x037fb] [ 40 ea 92 00 ] 0x400037fa: orr.w r0, r0, r2, lsr #2>>> r0=0x3bdf800 r0=0x3bdf800 r2=0x400
### Trace Instruction [libnative-lib.so] [0x037ff] [ b3 eb d1 0f ] 0x400037fe: cmp.w r3, r1, lsr #3>>> r3=0x4a0 r1=0x6800
### Trace Instruction [libnative-lib.so] [0x03803] [       24 bf ] 0x40003802: itt hs>>>
### Trace Instruction [libnative-lib.so] [0x0380d] [       00 2b ] 0x4000380c: cmp r3, #0>>> r3=0x4a0
### Trace Instruction [libnative-lib.so] [0x0380f] [       1c bf ] 0x4000380e: itt ne>>>
### Trace Instruction [libnative-lib.so] [0x03811] [ 5f ea 12 12 ] 0x40003810: lsrs.w r2, r2, #4>>> r2=0x400 r2=0x400
### Trace Instruction [libnative-lib.so] [0x03815] [       09 09 ] 0x40003814: lsrs r1, r1, #4>>> r1=0x6800 r1=0x6800
### Trace Instruction [libnative-lib.so] [0x03817] [       e0 d1 ] 0x40003816: bne #0x400037da>>>
### Trace Instruction [libnative-lib.so] [0x037db] [       8b 42 ] 0x400037da: cmp r3, r1>>> r3=0x4a0 r1=0x680
### Trace Instruction [libnative-lib.so] [0x037dd] [       24 bf ] 0x400037dc: itt hs>>>
### Trace Instruction [libnative-lib.so] [0x037e3] [ b3 eb 51 0f ] 0x400037e2: cmp.w r3, r1, lsr #1>>> r3=0x4a0 r1=0x680
### Trace Instruction [libnative-lib.so] [0x037e7] [       24 bf ] 0x400037e6: itt hs>>>
### Trace Instruction [libnative-lib.so] [0x037e9] [ a3 eb 51 03 ] 0x400037e8: sub.w r3, r3, r1, lsr #1>>> r3=0x4a0 r3=0x4a0 r1=0x680
### Trace Instruction [libnative-lib.so] [0x037ed] [ 40 ea 52 00 ] 0x400037ec: orr.w r0, r0, r2, lsr #1>>> r0=0x3bdf900 r0=0x3bdf900 r2=0x40
### Trace Instruction [libnative-lib.so] [0x037f1] [ b3 eb 91 0f ] 0x400037f0: cmp.w r3, r1, lsr #2>>> r3=0x160 r1=0x680
### Trace Instruction [libnative-lib.so] [0x037f5] [       24 bf ] 0x400037f4: itt hs>>>
### Trace Instruction [libnative-lib.so] [0x037ff] [ b3 eb d1 0f ] 0x400037fe: cmp.w r3, r1, lsr #3>>> r3=0x160 r1=0x680
### Trace Instruction [libnative-lib.so] [0x03803] [       24 bf ] 0x40003802: itt hs>>>
### Trace Instruction [libnative-lib.so] [0x03805] [ a3 eb d1 03 ] 0x40003804: sub.w r3, r3, r1, lsr #3>>> r3=0x160 r3=0x160 r1=0x680
### Trace Instruction [libnative-lib.so] [0x03809] [ 40 ea d2 00 ] 0x40003808: orr.w r0, r0, r2, lsr #3>>> r0=0x3bdf920 r0=0x3bdf920 r2=0x40
### Trace Instruction [libnative-lib.so] [0x0380d] [       00 2b ] 0x4000380c: cmp r3, #0>>> r3=0x90
### Trace Instruction [libnative-lib.so] [0x0380f] [       1c bf ] 0x4000380e: itt ne>>>
### Trace Instruction [libnative-lib.so] [0x03811] [ 5f ea 12 12 ] 0x40003810: lsrs.w r2, r2, #4>>> r2=0x40 r2=0x40
### Trace Instruction [libnative-lib.so] [0x03815] [       09 09 ] 0x40003814: lsrs r1, r1, #4>>> r1=0x680 r1=0x680
### Trace Instruction [libnative-lib.so] [0x03817] [       e0 d1 ] 0x40003816: bne #0x400037da>>>
### Trace Instruction [libnative-lib.so] [0x037db] [       8b 42 ] 0x400037da: cmp r3, r1>>> r3=0x90 r1=0x68
### Trace Instruction [libnative-lib.so] [0x037dd] [       24 bf ] 0x400037dc: itt hs>>>
### Trace Instruction [libnative-lib.so] [0x037df] [       5b 1a ] 0x400037de: subs r3, r3, r1>>> r3=0x90 r3=0x90 r1=0x68
### Trace Instruction [libnative-lib.so] [0x037e1] [       10 43 ] 0x400037e0: orrs r0, r2>>> r0=0x3bdf928 r2=0x4
### Trace Instruction [libnative-lib.so] [0x037e3] [ b3 eb 51 0f ] 0x400037e2: cmp.w r3, r1, lsr #1>>> r3=0x28 r1=0x68
### Trace Instruction [libnative-lib.so] [0x037e7] [       24 bf ] 0x400037e6: itt hs>>>
### Trace Instruction [libnative-lib.so] [0x037f1] [ b3 eb 91 0f ] 0x400037f0: cmp.w r3, r1, lsr #2>>> r3=0x28 r1=0x68
### Trace Instruction [libnative-lib.so] [0x037f5] [       24 bf ] 0x400037f4: itt hs>>>
### Trace Instruction [libnative-lib.so] [0x037f7] [ a3 eb 91 03 ] 0x400037f6: sub.w r3, r3, r1, lsr #2>>> r3=0x28 r3=0x28 r1=0x68
### Trace Instruction [libnative-lib.so] [0x037fb] [ 40 ea 92 00 ] 0x400037fa: orr.w r0, r0, r2, lsr #2>>> r0=0x3bdf92c r0=0x3bdf92c r2=0x4
### Trace Instruction [libnative-lib.so] [0x037ff] [ b3 eb d1 0f ] 0x400037fe: cmp.w r3, r1, lsr #3>>> r3=0xe r1=0x68
### Trace Instruction [libnative-lib.so] [0x03803] [       24 bf ] 0x40003802: itt hs>>>
### Trace Instruction [libnative-lib.so] [0x03805] [ a3 eb d1 03 ] 0x40003804: sub.w r3, r3, r1, lsr #3>>> r3=0xe r3=0xe r1=0x68
### Trace Instruction [libnative-lib.so] [0x03809] [ 40 ea d2 00 ] 0x40003808: orr.w r0, r0, r2, lsr #3>>> r0=0x3bdf92d r0=0x3bdf92d r2=0x4
### Trace Instruction [libnative-lib.so] [0x0380d] [       00 2b ] 0x4000380c: cmp r3, #0>>> r3=0x1
### Trace Instruction [libnative-lib.so] [0x0380f] [       1c bf ] 0x4000380e: itt ne>>>
### Trace Instruction [libnative-lib.so] [0x03811] [ 5f ea 12 12 ] 0x40003810: lsrs.w r2, r2, #4>>> r2=0x4 r2=0x4
### Trace Instruction [libnative-lib.so] [0x03817] [       e0 d1 ] 0x40003816: bne #0x400037da>>>
### Trace Instruction [libnative-lib.so] [0x03819] [ bc f1 00 0f ] 0x40003818: cmp.w ip, #0>>> ip=0x614b4eba
### Trace Instruction [libnative-lib.so] [0x0381d] [       48 bf ] 0x4000381c: it mi>>>
### Trace Instruction [libnative-lib.so] [0x03821] [       70 47 ] 0x40003820: bx lr>>>
### Trace Instruction [libnative-lib.so] [0x03cb1] [ 00 fb 16 51 ] 0x40003cb0: mls r1, r0, r6, r5>>> r1=0x68 r0=0x3bdf92d r6=0x1a r5=0x614b4ea0
### Trace Instruction [libnative-lib.so] [0x03cb5] [       05 46 ] 0x40003cb4: mov r5, r0>>> r5=0x614b4ea0 r0=0x3bdf92d
### Trace Instruction [libnative-lib.so] [0x03cb7] [ 1b f8 01 10 ] 0x40003cb6: ldrb.w r1, [fp, r1]>>> r1=0xe fp=0xbffff645
### Trace Instruction [libnative-lib.so] [0x03cbb] [ 0a f8 09 10 ] 0x40003cba: strb.w r1, [sl, sb]>>> r1=0x4a sl=0xbffff638
### Trace Instruction [libnative-lib.so] [0x03cbf] [ 09 f1 01 09 ] 0x40003cbe: add.w sb, sb, #1>>> sb=0x0 sb=0x0
### Trace Instruction [libnative-lib.so] [0x03cc3] [       ee e7 ] 0x40003cc2: b #0x40003ca2>>>
### Trace Instruction [libnative-lib.so] [0x03ca3] [ b9 f1 05 0f ] 0x40003ca2: cmp.w sb, #5>>> sb=0x1
### Trace Instruction [libnative-lib.so] [0x03ca7] [       21 d0 ] 0x40003ca6: beq #0x40003cec>>>
### Trace Instruction [libnative-lib.so] [0x03ca9] [       28 46 ] 0x40003ca8: mov r0, r5>>> r0=0x3bdf92d r5=0x3bdf92d
### Trace Instruction [libnative-lib.so] [0x03cab] [       1a 21 ] 0x40003caa: movs r1, #0x1a>>> r1=0x4a
### Trace Instruction [libnative-lib.so] [0x03cad] [ ff f7 78 fd ] 0x40003cac: bl #0x400037a0>>>
### Trace Instruction [libnative-lib.so] [0x037a1] [       00 29 ] 0x400037a0: cmp r1, #0>>> r1=0x1a
### Trace Instruction [libnative-lib.so] [0x037a3] [       56 d0 ] 0x400037a2: beq #0x40003852>>>
### Trace Instruction [libnative-lib.so] [0x037a5] [ 80 ea 01 0c ] 0x400037a4: eor.w ip, r0, r1>>> ip=0x614b4eba r0=0x3bdf92d r1=0x1a
### Trace Instruction [libnative-lib.so] [0x037a9] [       48 bf ] 0x400037a8: it mi>>>
### Trace Instruction [libnative-lib.so] [0x037ad] [       4a 1e ] 0x400037ac: subs r2, r1, #1>>> r2=0x0 r1=0x1a
### Trace Instruction [libnative-lib.so] [0x037af] [       38 d0 ] 0x400037ae: beq #0x40003822>>>
### Trace Instruction [libnative-lib.so] [0x037b1] [       03 00 ] 0x400037b0: movs r3, r0>>> r3=0x1 r0=0x3bdf92d
### Trace Instruction [libnative-lib.so] [0x037b3] [       48 bf ] 0x400037b2: it mi>>>
### Trace Instruction [libnative-lib.so] [0x037b7] [       8b 42 ] 0x400037b6: cmp r3, r1>>> r3=0x3bdf92d r1=0x1a
### Trace Instruction [libnative-lib.so] [0x037b9] [       38 d9 ] 0x400037b8: bls #0x4000382c>>>
### Trace Instruction [libnative-lib.so] [0x037bb] [       11 42 ] 0x400037ba: tst r1, r2>>> r1=0x1a r2=0x19
### Trace Instruction [libnative-lib.so] [0x037bd] [       3e d0 ] 0x400037bc: beq #0x4000383c>>>
### Trace Instruction [libnative-lib.so] [0x037bf] [ b1 fa 81 f2 ] 0x400037be: clz r2, r1>>> r2=0x19 r1=0x1a
### Trace Instruction [libnative-lib.so] [0x037c3] [ b3 fa 83 f0 ] 0x400037c2: clz r0, r3>>> r0=0x3bdf92d r3=0x3bdf92d
### Trace Instruction [libnative-lib.so] [0x037c7] [ a2 eb 00 00 ] 0x400037c6: sub.w r0, r2, r0>>> r0=0x6 r2=0x1b r0=0x6
### Trace Instruction [libnative-lib.so] [0x037cb] [ 4f f0 01 02 ] 0x400037ca: mov.w r2, #1>>> r2=0x1b
### Trace Instruction [libnative-lib.so] [0x037cf] [ 01 fa 00 f1 ] 0x400037ce: lsl.w r1, r1, r0>>> r1=0x1a r1=0x1a r0=0x15
### Trace Instruction [libnative-lib.so] [0x037d3] [ 02 fa 00 f2 ] 0x400037d2: lsl.w r2, r2, r0>>> r2=0x1 r2=0x1 r0=0x15
### Trace Instruction [libnative-lib.so] [0x037d7] [ 4f f0 00 00 ] 0x400037d6: mov.w r0, #0>>> r0=0x15
### Trace Instruction [libnative-lib.so] [0x037db] [       8b 42 ] 0x400037da: cmp r3, r1>>> r3=0x3bdf92d r1=0x3400000
### Trace Instruction [libnative-lib.so] [0x037dd] [       24 bf ] 0x400037dc: itt hs>>>
### Trace Instruction [libnative-lib.so] [0x037df] [       5b 1a ] 0x400037de: subs r3, r3, r1>>> r3=0x3bdf92d r3=0x3bdf92d r1=0x3400000
### Trace Instruction [libnative-lib.so] [0x037e1] [       10 43 ] 0x400037e0: orrs r0, r2>>> r0=0x0 r2=0x200000
### Trace Instruction [libnative-lib.so] [0x037e3] [ b3 eb 51 0f ] 0x400037e2: cmp.w r3, r1, lsr #1>>> r3=0x7df92d r1=0x3400000
### Trace Instruction [libnative-lib.so] [0x037e7] [       24 bf ] 0x400037e6: itt hs>>>
### Trace Instruction [libnative-lib.so] [0x037f1] [ b3 eb 91 0f ] 0x400037f0: cmp.w r3, r1, lsr #2>>> r3=0x7df92d r1=0x3400000
### Trace Instruction [libnative-lib.so] [0x037f5] [       24 bf ] 0x400037f4: itt hs>>>
### Trace Instruction [libnative-lib.so] [0x037ff] [ b3 eb d1 0f ] 0x400037fe: cmp.w r3, r1, lsr #3>>> r3=0x7df92d r1=0x3400000
### Trace Instruction [libnative-lib.so] [0x03803] [       24 bf ] 0x40003802: itt hs>>>
### Trace Instruction [libnative-lib.so] [0x03805] [ a3 eb d1 03 ] 0x40003804: sub.w r3, r3, r1, lsr #3>>> r3=0x7df92d r3=0x7df92d r1=0x3400000
### Trace Instruction [libnative-lib.so] [0x03809] [ 40 ea d2 00 ] 0x40003808: orr.w r0, r0, r2, lsr #3>>> r0=0x200000 r0=0x200000 r2=0x200000
### Trace Instruction [libnative-lib.so] [0x0380d] [       00 2b ] 0x4000380c: cmp r3, #0>>> r3=0x15f92d
### Trace Instruction [libnative-lib.so] [0x0380f] [       1c bf ] 0x4000380e: itt ne>>>
### Trace Instruction [libnative-lib.so] [0x03811] [ 5f ea 12 12 ] 0x40003810: lsrs.w r2, r2, #4>>> r2=0x200000 r2=0x200000
### Trace Instruction [libnative-lib.so] [0x03815] [       09 09 ] 0x40003814: lsrs r1, r1, #4>>> r1=0x3400000 r1=0x3400000
### Trace Instruction [libnative-lib.so] [0x03817] [       e0 d1 ] 0x40003816: bne #0x400037da>>>
### Trace Instruction [libnative-lib.so] [0x037db] [       8b 42 ] 0x400037da: cmp r3, r1>>> r3=0x15f92d r1=0x340000
### Trace Instruction [libnative-lib.so] [0x037dd] [       24 bf ] 0x400037dc: itt hs>>>
### Trace Instruction [libnative-lib.so] [0x037e3] [ b3 eb 51 0f ] 0x400037e2: cmp.w r3, r1, lsr #1>>> r3=0x15f92d r1=0x340000
### Trace Instruction [libnative-lib.so] [0x037e7] [       24 bf ] 0x400037e6: itt hs>>>
### Trace Instruction [libnative-lib.so] [0x037f1] [ b3 eb 91 0f ] 0x400037f0: cmp.w r3, r1, lsr #2>>> r3=0x15f92d r1=0x340000
### Trace Instruction [libnative-lib.so] [0x037f5] [       24 bf ] 0x400037f4: itt hs>>>
### Trace Instruction [libnative-lib.so] [0x037f7] [ a3 eb 91 03 ] 0x400037f6: sub.w r3, r3, r1, lsr #2>>> r3=0x15f92d r3=0x15f92d r1=0x340000
### Trace Instruction [libnative-lib.so] [0x037fb] [ 40 ea 92 00 ] 0x400037fa: orr.w r0, r0, r2, lsr #2>>> r0=0x240000 r0=0x240000 r2=0x20000
### Trace Instruction [libnative-lib.so] [0x037ff] [ b3 eb d1 0f ] 0x400037fe: cmp.w r3, r1, lsr #3>>> r3=0x8f92d r1=0x340000
### Trace Instruction [libnative-lib.so] [0x03803] [       24 bf ] 0x40003802: itt hs>>>
### Trace Instruction [libnative-lib.so] [0x03805] [ a3 eb d1 03 ] 0x40003804: sub.w r3, r3, r1, lsr #3>>> r3=0x8f92d r3=0x8f92d r1=0x340000
### Trace Instruction [libnative-lib.so] [0x03809] [ 40 ea d2 00 ] 0x40003808: orr.w r0, r0, r2, lsr #3>>> r0=0x248000 r0=0x248000 r2=0x20000
### Trace Instruction [libnative-lib.so] [0x0380d] [       00 2b ] 0x4000380c: cmp r3, #0>>> r3=0x2792d
### Trace Instruction [libnative-lib.so] [0x0380f] [       1c bf ] 0x4000380e: itt ne>>>
### Trace Instruction [libnative-lib.so] [0x03811] [ 5f ea 12 12 ] 0x40003810: lsrs.w r2, r2, #4>>> r2=0x20000 r2=0x20000
### Trace Instruction [libnative-lib.so] [0x03815] [       09 09 ] 0x40003814: lsrs r1, r1, #4>>> r1=0x340000 r1=0x340000
### Trace Instruction [libnative-lib.so] [0x03817] [       e0 d1 ] 0x40003816: bne #0x400037da>>>
### Trace Instruction [libnative-lib.so] [0x037db] [       8b 42 ] 0x400037da: cmp r3, r1>>> r3=0x2792d r1=0x34000
### Trace Instruction [libnative-lib.so] [0x037dd] [       24 bf ] 0x400037dc: itt hs>>>
### Trace Instruction [libnative-lib.so] [0x037e3] [ b3 eb 51 0f ] 0x400037e2: cmp.w r3, r1, lsr #1>>> r3=0x2792d r1=0x34000
### Trace Instruction [libnative-lib.so] [0x037e7] [       24 bf ] 0x400037e6: itt hs>>>
### Trace Instruction [libnative-lib.so] [0x037e9] [ a3 eb 51 03 ] 0x400037e8: sub.w r3, r3, r1, lsr #1>>> r3=0x2792d r3=0x2792d r1=0x34000
### Trace Instruction [libnative-lib.so] [0x037ed] [ 40 ea 52 00 ] 0x400037ec: orr.w r0, r0, r2, lsr #1>>> r0=0x24c000 r0=0x24c000 r2=0x2000
### Trace Instruction [libnative-lib.so] [0x037f1] [ b3 eb 91 0f ] 0x400037f0: cmp.w r3, r1, lsr #2>>> r3=0xd92d r1=0x34000
### Trace Instruction [libnative-lib.so] [0x037f5] [       24 bf ] 0x400037f4: itt hs>>>
### Trace Instruction [libnative-lib.so] [0x037f7] [ a3 eb 91 03 ] 0x400037f6: sub.w r3, r3, r1, lsr #2>>> r3=0xd92d r3=0xd92d r1=0x34000
### Trace Instruction [libnative-lib.so] [0x037fb] [ 40 ea 92 00 ] 0x400037fa: orr.w r0, r0, r2, lsr #2>>> r0=0x24d000 r0=0x24d000 r2=0x2000
### Trace Instruction [libnative-lib.so] [0x037ff] [ b3 eb d1 0f ] 0x400037fe: cmp.w r3, r1, lsr #3>>> r3=0x92d r1=0x34000
### Trace Instruction [libnative-lib.so] [0x03803] [       24 bf ] 0x40003802: itt hs>>>
### Trace Instruction [libnative-lib.so] [0x0380d] [       00 2b ] 0x4000380c: cmp r3, #0>>> r3=0x92d
### Trace Instruction [libnative-lib.so] [0x0380f] [       1c bf ] 0x4000380e: itt ne>>>
### Trace Instruction [libnative-lib.so] [0x03811] [ 5f ea 12 12 ] 0x40003810: lsrs.w r2, r2, #4>>> r2=0x2000 r2=0x2000
### Trace Instruction [libnative-lib.so] [0x03815] [       09 09 ] 0x40003814: lsrs r1, r1, #4>>> r1=0x34000 r1=0x34000
### Trace Instruction [libnative-lib.so] [0x03817] [       e0 d1 ] 0x40003816: bne #0x400037da>>>
### Trace Instruction [libnative-lib.so] [0x037db] [       8b 42 ] 0x400037da: cmp r3, r1>>> r3=0x92d r1=0x3400
### Trace Instruction [libnative-lib.so] [0x037dd] [       24 bf ] 0x400037dc: itt hs>>>
### Trace Instruction [libnative-lib.so] [0x037e3] [ b3 eb 51 0f ] 0x400037e2: cmp.w r3, r1, lsr #1>>> r3=0x92d r1=0x3400
### Trace Instruction [libnative-lib.so] [0x037e7] [       24 bf ] 0x400037e6: itt hs>>>
### Trace Instruction [libnative-lib.so] [0x037f1] [ b3 eb 91 0f ] 0x400037f0: cmp.w r3, r1, lsr #2>>> r3=0x92d r1=0x3400
### Trace Instruction [libnative-lib.so] [0x037f5] [       24 bf ] 0x400037f4: itt hs>>>
### Trace Instruction [libnative-lib.so] [0x037ff] [ b3 eb d1 0f ] 0x400037fe: cmp.w r3, r1, lsr #3>>> r3=0x92d r1=0x3400
### Trace Instruction [libnative-lib.so] [0x03803] [       24 bf ] 0x40003802: itt hs>>>
### Trace Instruction [libnative-lib.so] [0x03805] [ a3 eb d1 03 ] 0x40003804: sub.w r3, r3, r1, lsr #3>>> r3=0x92d r3=0x92d r1=0x3400
### Trace Instruction [libnative-lib.so] [0x03809] [ 40 ea d2 00 ] 0x40003808: orr.w r0, r0, r2, lsr #3>>> r0=0x24d800 r0=0x24d800 r2=0x200
### Trace Instruction [libnative-lib.so] [0x0380d] [       00 2b ] 0x4000380c: cmp r3, #0>>> r3=0x2ad
### Trace Instruction [libnative-lib.so] [0x0380f] [       1c bf ] 0x4000380e: itt ne>>>
### Trace Instruction [libnative-lib.so] [0x03811] [ 5f ea 12 12 ] 0x40003810: lsrs.w r2, r2, #4>>> r2=0x200 r2=0x200
### Trace Instruction [libnative-lib.so] [0x03815] [       09 09 ] 0x40003814: lsrs r1, r1, #4>>> r1=0x3400 r1=0x3400
### Trace Instruction [libnative-lib.so] [0x03817] [       e0 d1 ] 0x40003816: bne #0x400037da>>>
### Trace Instruction [libnative-lib.so] [0x037db] [       8b 42 ] 0x400037da: cmp r3, r1>>> r3=0x2ad r1=0x340
### Trace Instruction [libnative-lib.so] [0x037dd] [       24 bf ] 0x400037dc: itt hs>>>
### Trace Instruction [libnative-lib.so] [0x037e3] [ b3 eb 51 0f ] 0x400037e2: cmp.w r3, r1, lsr #1>>> r3=0x2ad r1=0x340
### Trace Instruction [libnative-lib.so] [0x037e7] [       24 bf ] 0x400037e6: itt hs>>>
### Trace Instruction [libnative-lib.so] [0x037e9] [ a3 eb 51 03 ] 0x400037e8: sub.w r3, r3, r1, lsr #1>>> r3=0x2ad r3=0x2ad r1=0x340
### Trace Instruction [libnative-lib.so] [0x037ed] [ 40 ea 52 00 ] 0x400037ec: orr.w r0, r0, r2, lsr #1>>> r0=0x24d840 r0=0x24d840 r2=0x20
### Trace Instruction [libnative-lib.so] [0x037f1] [ b3 eb 91 0f ] 0x400037f0: cmp.w r3, r1, lsr #2>>> r3=0x10d r1=0x340
### Trace Instruction [libnative-lib.so] [0x037f5] [       24 bf ] 0x400037f4: itt hs>>>
### Trace Instruction [libnative-lib.so] [0x037f7] [ a3 eb 91 03 ] 0x400037f6: sub.w r3, r3, r1, lsr #2>>> r3=0x10d r3=0x10d r1=0x340
### Trace Instruction [libnative-lib.so] [0x037fb] [ 40 ea 92 00 ] 0x400037fa: orr.w r0, r0, r2, lsr #2>>> r0=0x24d850 r0=0x24d850 r2=0x20
### Trace Instruction [libnative-lib.so] [0x037ff] [ b3 eb d1 0f ] 0x400037fe: cmp.w r3, r1, lsr #3>>> r3=0x3d r1=0x340
### Trace Instruction [libnative-lib.so] [0x03803] [       24 bf ] 0x40003802: itt hs>>>
### Trace Instruction [libnative-lib.so] [0x0380d] [       00 2b ] 0x4000380c: cmp r3, #0>>> r3=0x3d
### Trace Instruction [libnative-lib.so] [0x0380f] [       1c bf ] 0x4000380e: itt ne>>>
### Trace Instruction [libnative-lib.so] [0x03811] [ 5f ea 12 12 ] 0x40003810: lsrs.w r2, r2, #4>>> r2=0x20 r2=0x20
### Trace Instruction [libnative-lib.so] [0x03815] [       09 09 ] 0x40003814: lsrs r1, r1, #4>>> r1=0x340 r1=0x340
### Trace Instruction [libnative-lib.so] [0x03817] [       e0 d1 ] 0x40003816: bne #0x400037da>>>
### Trace Instruction [libnative-lib.so] [0x037db] [       8b 42 ] 0x400037da: cmp r3, r1>>> r3=0x3d r1=0x34
### Trace Instruction [libnative-lib.so] [0x037dd] [       24 bf ] 0x400037dc: itt hs>>>
### Trace Instruction [libnative-lib.so] [0x037df] [       5b 1a ] 0x400037de: subs r3, r3, r1>>> r3=0x3d r3=0x3d r1=0x34
### Trace Instruction [libnative-lib.so] [0x037e1] [       10 43 ] 0x400037e0: orrs r0, r2>>> r0=0x24d858 r2=0x2
### Trace Instruction [libnative-lib.so] [0x037e3] [ b3 eb 51 0f ] 0x400037e2: cmp.w r3, r1, lsr #1>>> r3=0x9 r1=0x34
### Trace Instruction [libnative-lib.so] [0x037e7] [       24 bf ] 0x400037e6: itt hs>>>
### Trace Instruction [libnative-lib.so] [0x037f1] [ b3 eb 91 0f ] 0x400037f0: cmp.w r3, r1, lsr #2>>> r3=0x9 r1=0x34
### Trace Instruction [libnative-lib.so] [0x037f5] [       24 bf ] 0x400037f4: itt hs>>>
### Trace Instruction [libnative-lib.so] [0x037ff] [ b3 eb d1 0f ] 0x400037fe: cmp.w r3, r1, lsr #3>>> r3=0x9 r1=0x34
### Trace Instruction [libnative-lib.so] [0x03803] [       24 bf ] 0x40003802: itt hs>>>
### Trace Instruction [libnative-lib.so] [0x03805] [ a3 eb d1 03 ] 0x40003804: sub.w r3, r3, r1, lsr #3>>> r3=0x9 r3=0x9 r1=0x34
### Trace Instruction [libnative-lib.so] [0x03809] [ 40 ea d2 00 ] 0x40003808: orr.w r0, r0, r2, lsr #3>>> r0=0x24d85a r0=0x24d85a r2=0x2
### Trace Instruction [libnative-lib.so] [0x0380d] [       00 2b ] 0x4000380c: cmp r3, #0>>> r3=0x3
### Trace Instruction [libnative-lib.so] [0x0380f] [       1c bf ] 0x4000380e: itt ne>>>
### Trace Instruction [libnative-lib.so] [0x03811] [ 5f ea 12 12 ] 0x40003810: lsrs.w r2, r2, #4>>> r2=0x2 r2=0x2
### Trace Instruction [libnative-lib.so] [0x03817] [       e0 d1 ] 0x40003816: bne #0x400037da>>>
### Trace Instruction [libnative-lib.so] [0x03819] [ bc f1 00 0f ] 0x40003818: cmp.w ip, #0>>> ip=0x3bdf937
### Trace Instruction [libnative-lib.so] [0x0381d] [       48 bf ] 0x4000381c: it mi>>>
### Trace Instruction [libnative-lib.so] [0x03821] [       70 47 ] 0x40003820: bx lr>>>
### Trace Instruction [libnative-lib.so] [0x03cb1] [ 00 fb 16 51 ] 0x40003cb0: mls r1, r0, r6, r5>>> r1=0x34 r0=0x24d85a r6=0x1a r5=0x3bdf92d
### Trace Instruction [libnative-lib.so] [0x03cb5] [       05 46 ] 0x40003cb4: mov r5, r0>>> r5=0x3bdf92d r0=0x24d85a
### Trace Instruction [libnative-lib.so] [0x03cb7] [ 1b f8 01 10 ] 0x40003cb6: ldrb.w r1, [fp, r1]>>> r1=0x9 fp=0xbffff645
### Trace Instruction [libnative-lib.so] [0x03cbb] [ 0a f8 09 10 ] 0x40003cba: strb.w r1, [sl, sb]>>> r1=0x43 sl=0xbffff638
### Trace Instruction [libnative-lib.so] [0x03cbf] [ 09 f1 01 09 ] 0x40003cbe: add.w sb, sb, #1>>> sb=0x1 sb=0x1
### Trace Instruction [libnative-lib.so] [0x03cc3] [       ee e7 ] 0x40003cc2: b #0x40003ca2>>>
### Trace Instruction [libnative-lib.so] [0x03ca3] [ b9 f1 05 0f ] 0x40003ca2: cmp.w sb, #5>>> sb=0x2
### Trace Instruction [libnative-lib.so] [0x03ca7] [       21 d0 ] 0x40003ca6: beq #0x40003cec>>>
### Trace Instruction [libnative-lib.so] [0x03ca9] [       28 46 ] 0x40003ca8: mov r0, r5>>> r0=0x24d85a r5=0x24d85a
### Trace Instruction [libnative-lib.so] [0x03cab] [       1a 21 ] 0x40003caa: movs r1, #0x1a>>> r1=0x43
### Trace Instruction [libnative-lib.so] [0x03cad] [ ff f7 78 fd ] 0x40003cac: bl #0x400037a0>>>
### Trace Instruction [libnative-lib.so] [0x037a1] [       00 29 ] 0x400037a0: cmp r1, #0>>> r1=0x1a
### Trace Instruction [libnative-lib.so] [0x037a3] [       56 d0 ] 0x400037a2: beq #0x40003852>>>
### Trace Instruction [libnative-lib.so] [0x037a5] [ 80 ea 01 0c ] 0x400037a4: eor.w ip, r0, r1>>> ip=0x3bdf937 r0=0x24d85a r1=0x1a
### Trace Instruction [libnative-lib.so] [0x037a9] [       48 bf ] 0x400037a8: it mi>>>
### Trace Instruction [libnative-lib.so] [0x037ad] [       4a 1e ] 0x400037ac: subs r2, r1, #1>>> r2=0x0 r1=0x1a
### Trace Instruction [libnative-lib.so] [0x037af] [       38 d0 ] 0x400037ae: beq #0x40003822>>>
### Trace Instruction [libnative-lib.so] [0x037b1] [       03 00 ] 0x400037b0: movs r3, r0>>> r3=0x3 r0=0x24d85a
### Trace Instruction [libnative-lib.so] [0x037b3] [       48 bf ] 0x400037b2: it mi>>>
### Trace Instruction [libnative-lib.so] [0x037b7] [       8b 42 ] 0x400037b6: cmp r3, r1>>> r3=0x24d85a r1=0x1a
### Trace Instruction [libnative-lib.so] [0x037b9] [       38 d9 ] 0x400037b8: bls #0x4000382c>>>
### Trace Instruction [libnative-lib.so] [0x037bb] [       11 42 ] 0x400037ba: tst r1, r2>>> r1=0x1a r2=0x19
### Trace Instruction [libnative-lib.so] [0x037bd] [       3e d0 ] 0x400037bc: beq #0x4000383c>>>
### Trace Instruction [libnative-lib.so] [0x037bf] [ b1 fa 81 f2 ] 0x400037be: clz r2, r1>>> r2=0x19 r1=0x1a
### Trace Instruction [libnative-lib.so] [0x037c3] [ b3 fa 83 f0 ] 0x400037c2: clz r0, r3>>> r0=0x24d85a r3=0x24d85a
### Trace Instruction [libnative-lib.so] [0x037c7] [ a2 eb 00 00 ] 0x400037c6: sub.w r0, r2, r0>>> r0=0xa r2=0x1b r0=0xa
### Trace Instruction [libnative-lib.so] [0x037cb] [ 4f f0 01 02 ] 0x400037ca: mov.w r2, #1>>> r2=0x1b
### Trace Instruction [libnative-lib.so] [0x037cf] [ 01 fa 00 f1 ] 0x400037ce: lsl.w r1, r1, r0>>> r1=0x1a r1=0x1a r0=0x11
### Trace Instruction [libnative-lib.so] [0x037d3] [ 02 fa 00 f2 ] 0x400037d2: lsl.w r2, r2, r0>>> r2=0x1 r2=0x1 r0=0x11
### Trace Instruction [libnative-lib.so] [0x037d7] [ 4f f0 00 00 ] 0x400037d6: mov.w r0, #0>>> r0=0x11
### Trace Instruction [libnative-lib.so] [0x037db] [       8b 42 ] 0x400037da: cmp r3, r1>>> r3=0x24d85a r1=0x340000
### Trace Instruction [libnative-lib.so] [0x037dd] [       24 bf ] 0x400037dc: itt hs>>>
### Trace Instruction [libnative-lib.so] [0x037e3] [ b3 eb 51 0f ] 0x400037e2: cmp.w r3, r1, lsr #1>>> r3=0x24d85a r1=0x340000
### Trace Instruction [libnative-lib.so] [0x037e7] [       24 bf ] 0x400037e6: itt hs>>>
### Trace Instruction [libnative-lib.so] [0x037e9] [ a3 eb 51 03 ] 0x400037e8: sub.w r3, r3, r1, lsr #1>>> r3=0x24d85a r3=0x24d85a r1=0x340000
### Trace Instruction [libnative-lib.so] [0x037ed] [ 40 ea 52 00 ] 0x400037ec: orr.w r0, r0, r2, lsr #1>>> r0=0x0 r0=0x0 r2=0x20000
### Trace Instruction [libnative-lib.so] [0x037f1] [ b3 eb 91 0f ] 0x400037f0: cmp.w r3, r1, lsr #2>>> r3=0xad85a r1=0x340000
### Trace Instruction [libnative-lib.so] [0x037f5] [       24 bf ] 0x400037f4: itt hs>>>
### Trace Instruction [libnative-lib.so] [0x037ff] [ b3 eb d1 0f ] 0x400037fe: cmp.w r3, r1, lsr #3>>> r3=0xad85a r1=0x340000
### Trace Instruction [libnative-lib.so] [0x03803] [       24 bf ] 0x40003802: itt hs>>>
### Trace Instruction [libnative-lib.so] [0x03805] [ a3 eb d1 03 ] 0x40003804: sub.w r3, r3, r1, lsr #3>>> r3=0xad85a r3=0xad85a r1=0x340000
### Trace Instruction [libnative-lib.so] [0x03809] [ 40 ea d2 00 ] 0x40003808: orr.w r0, r0, r2, lsr #3>>> r0=0x10000 r0=0x10000 r2=0x20000
### Trace Instruction [libnative-lib.so] [0x0380d] [       00 2b ] 0x4000380c: cmp r3, #0>>> r3=0x4585a
### Trace Instruction [libnative-lib.so] [0x0380f] [       1c bf ] 0x4000380e: itt ne>>>
### Trace Instruction [libnative-lib.so] [0x03811] [ 5f ea 12 12 ] 0x40003810: lsrs.w r2, r2, #4>>> r2=0x20000 r2=0x20000
### Trace Instruction [libnative-lib.so] [0x03815] [       09 09 ] 0x40003814: lsrs r1, r1, #4>>> r1=0x340000 r1=0x340000
### Trace Instruction [libnative-lib.so] [0x03817] [       e0 d1 ] 0x40003816: bne #0x400037da>>>
### Trace Instruction [libnative-lib.so] [0x037db] [       8b 42 ] 0x400037da: cmp r3, r1>>> r3=0x4585a r1=0x34000
### Trace Instruction [libnative-lib.so] [0x037dd] [       24 bf ] 0x400037dc: itt hs>>>
### Trace Instruction [libnative-lib.so] [0x037df] [       5b 1a ] 0x400037de: subs r3, r3, r1>>> r3=0x4585a r3=0x4585a r1=0x34000
### Trace Instruction [libnative-lib.so] [0x037e1] [       10 43 ] 0x400037e0: orrs r0, r2>>> r0=0x14000 r2=0x2000
### Trace Instruction [libnative-lib.so] [0x037e3] [ b3 eb 51 0f ] 0x400037e2: cmp.w r3, r1, lsr #1>>> r3=0x1185a r1=0x34000
### Trace Instruction [libnative-lib.so] [0x037e7] [       24 bf ] 0x400037e6: itt hs>>>
### Trace Instruction [libnative-lib.so] [0x037f1] [ b3 eb 91 0f ] 0x400037f0: cmp.w r3, r1, lsr #2>>> r3=0x1185a r1=0x34000
### Trace Instruction [libnative-lib.so] [0x037f5] [       24 bf ] 0x400037f4: itt hs>>>
### Trace Instruction [libnative-lib.so] [0x037f7] [ a3 eb 91 03 ] 0x400037f6: sub.w r3, r3, r1, lsr #2>>> r3=0x1185a r3=0x1185a r1=0x34000
### Trace Instruction [libnative-lib.so] [0x037fb] [ 40 ea 92 00 ] 0x400037fa: orr.w r0, r0, r2, lsr #2>>> r0=0x16000 r0=0x16000 r2=0x2000
### Trace Instruction [libnative-lib.so] [0x037ff] [ b3 eb d1 0f ] 0x400037fe: cmp.w r3, r1, lsr #3>>> r3=0x485a r1=0x34000
### Trace Instruction [libnative-lib.so] [0x03803] [       24 bf ] 0x40003802: itt hs>>>
### Trace Instruction [libnative-lib.so] [0x0380d] [       00 2b ] 0x4000380c: cmp r3, #0>>> r3=0x485a
### Trace Instruction [libnative-lib.so] [0x0380f] [       1c bf ] 0x4000380e: itt ne>>>
### Trace Instruction [libnative-lib.so] [0x03811] [ 5f ea 12 12 ] 0x40003810: lsrs.w r2, r2, #4>>> r2=0x2000 r2=0x2000
### Trace Instruction [libnative-lib.so] [0x03815] [       09 09 ] 0x40003814: lsrs r1, r1, #4>>> r1=0x34000 r1=0x34000
### Trace Instruction [libnative-lib.so] [0x03817] [       e0 d1 ] 0x40003816: bne #0x400037da>>>
### Trace Instruction [libnative-lib.so] [0x037db] [       8b 42 ] 0x400037da: cmp r3, r1>>> r3=0x485a r1=0x3400
### Trace Instruction [libnative-lib.so] [0x037dd] [       24 bf ] 0x400037dc: itt hs>>>
### Trace Instruction [libnative-lib.so] [0x037df] [       5b 1a ] 0x400037de: subs r3, r3, r1>>> r3=0x485a r3=0x485a r1=0x3400
### Trace Instruction [libnative-lib.so] [0x037e1] [       10 43 ] 0x400037e0: orrs r0, r2>>> r0=0x16800 r2=0x200
### Trace Instruction [libnative-lib.so] [0x037e3] [ b3 eb 51 0f ] 0x400037e2: cmp.w r3, r1, lsr #1>>> r3=0x145a r1=0x3400
### Trace Instruction [libnative-lib.so] [0x037e7] [       24 bf ] 0x400037e6: itt hs>>>
### Trace Instruction [libnative-lib.so] [0x037f1] [ b3 eb 91 0f ] 0x400037f0: cmp.w r3, r1, lsr #2>>> r3=0x145a r1=0x3400
### Trace Instruction [libnative-lib.so] [0x037f5] [       24 bf ] 0x400037f4: itt hs>>>
### Trace Instruction [libnative-lib.so] [0x037f7] [ a3 eb 91 03 ] 0x400037f6: sub.w r3, r3, r1, lsr #2>>> r3=0x145a r3=0x145a r1=0x3400
### Trace Instruction [libnative-lib.so] [0x037fb] [ 40 ea 92 00 ] 0x400037fa: orr.w r0, r0, r2, lsr #2>>> r0=0x16a00 r0=0x16a00 r2=0x200
### Trace Instruction [libnative-lib.so] [0x037ff] [ b3 eb d1 0f ] 0x400037fe: cmp.w r3, r1, lsr #3>>> r3=0x75a r1=0x3400
### Trace Instruction [libnative-lib.so] [0x03803] [       24 bf ] 0x40003802: itt hs>>>
### Trace Instruction [libnative-lib.so] [0x03805] [ a3 eb d1 03 ] 0x40003804: sub.w r3, r3, r1, lsr #3>>> r3=0x75a r3=0x75a r1=0x3400
### Trace Instruction [libnative-lib.so] [0x03809] [ 40 ea d2 00 ] 0x40003808: orr.w r0, r0, r2, lsr #3>>> r0=0x16a80 r0=0x16a80 r2=0x200
### Trace Instruction [libnative-lib.so] [0x0380d] [       00 2b ] 0x4000380c: cmp r3, #0>>> r3=0xda
### Trace Instruction [libnative-lib.so] [0x0380f] [       1c bf ] 0x4000380e: itt ne>>>
### Trace Instruction [libnative-lib.so] [0x03811] [ 5f ea 12 12 ] 0x40003810: lsrs.w r2, r2, #4>>> r2=0x200 r2=0x200
### Trace Instruction [libnative-lib.so] [0x03815] [       09 09 ] 0x40003814: lsrs r1, r1, #4>>> r1=0x3400 r1=0x3400
### Trace Instruction [libnative-lib.so] [0x03817] [       e0 d1 ] 0x40003816: bne #0x400037da>>>
### Trace Instruction [libnative-lib.so] [0x037db] [       8b 42 ] 0x400037da: cmp r3, r1>>> r3=0xda r1=0x340
### Trace Instruction [libnative-lib.so] [0x037dd] [       24 bf ] 0x400037dc: itt hs>>>
### Trace Instruction [libnative-lib.so] [0x037e3] [ b3 eb 51 0f ] 0x400037e2: cmp.w r3, r1, lsr #1>>> r3=0xda r1=0x340
### Trace Instruction [libnative-lib.so] [0x037e7] [       24 bf ] 0x400037e6: itt hs>>>
### Trace Instruction [libnative-lib.so] [0x037f1] [ b3 eb 91 0f ] 0x400037f0: cmp.w r3, r1, lsr #2>>> r3=0xda r1=0x340
### Trace Instruction [libnative-lib.so] [0x037f5] [       24 bf ] 0x400037f4: itt hs>>>
### Trace Instruction [libnative-lib.so] [0x037f7] [ a3 eb 91 03 ] 0x400037f6: sub.w r3, r3, r1, lsr #2>>> r3=0xda r3=0xda r1=0x340
### Trace Instruction [libnative-lib.so] [0x037fb] [ 40 ea 92 00 ] 0x400037fa: orr.w r0, r0, r2, lsr #2>>> r0=0x16ac0 r0=0x16ac0 r2=0x20
### Trace Instruction [libnative-lib.so] [0x037ff] [ b3 eb d1 0f ] 0x400037fe: cmp.w r3, r1, lsr #3>>> r3=0xa r1=0x340
### Trace Instruction [libnative-lib.so] [0x03803] [       24 bf ] 0x40003802: itt hs>>>
### Trace Instruction [libnative-lib.so] [0x0380d] [       00 2b ] 0x4000380c: cmp r3, #0>>> r3=0xa
### Trace Instruction [libnative-lib.so] [0x0380f] [       1c bf ] 0x4000380e: itt ne>>>
### Trace Instruction [libnative-lib.so] [0x03811] [ 5f ea 12 12 ] 0x40003810: lsrs.w r2, r2, #4>>> r2=0x20 r2=0x20
### Trace Instruction [libnative-lib.so] [0x03815] [       09 09 ] 0x40003814: lsrs r1, r1, #4>>> r1=0x340 r1=0x340
### Trace Instruction [libnative-lib.so] [0x03817] [       e0 d1 ] 0x40003816: bne #0x400037da>>>
### Trace Instruction [libnative-lib.so] [0x037db] [       8b 42 ] 0x400037da: cmp r3, r1>>> r3=0xa r1=0x34
### Trace Instruction [libnative-lib.so] [0x037dd] [       24 bf ] 0x400037dc: itt hs>>>
### Trace Instruction [libnative-lib.so] [0x037e3] [ b3 eb 51 0f ] 0x400037e2: cmp.w r3, r1, lsr #1>>> r3=0xa r1=0x34
### Trace Instruction [libnative-lib.so] [0x037e7] [       24 bf ] 0x400037e6: itt hs>>>
### Trace Instruction [libnative-lib.so] [0x037f1] [ b3 eb 91 0f ] 0x400037f0: cmp.w r3, r1, lsr #2>>> r3=0xa r1=0x34
### Trace Instruction [libnative-lib.so] [0x037f5] [       24 bf ] 0x400037f4: itt hs>>>
### Trace Instruction [libnative-lib.so] [0x037ff] [ b3 eb d1 0f ] 0x400037fe: cmp.w r3, r1, lsr #3>>> r3=0xa r1=0x34
### Trace Instruction [libnative-lib.so] [0x03803] [       24 bf ] 0x40003802: itt hs>>>
### Trace Instruction [libnative-lib.so] [0x03805] [ a3 eb d1 03 ] 0x40003804: sub.w r3, r3, r1, lsr #3>>> r3=0xa r3=0xa r1=0x34
### Trace Instruction [libnative-lib.so] [0x03809] [ 40 ea d2 00 ] 0x40003808: orr.w r0, r0, r2, lsr #3>>> r0=0x16ac8 r0=0x16ac8 r2=0x2
### Trace Instruction [libnative-lib.so] [0x0380d] [       00 2b ] 0x4000380c: cmp r3, #0>>> r3=0x4
### Trace Instruction [libnative-lib.so] [0x0380f] [       1c bf ] 0x4000380e: itt ne>>>
### Trace Instruction [libnative-lib.so] [0x03811] [ 5f ea 12 12 ] 0x40003810: lsrs.w r2, r2, #4>>> r2=0x2 r2=0x2
### Trace Instruction [libnative-lib.so] [0x03817] [       e0 d1 ] 0x40003816: bne #0x400037da>>>
### Trace Instruction [libnative-lib.so] [0x03819] [ bc f1 00 0f ] 0x40003818: cmp.w ip, #0>>> ip=0x24d840
### Trace Instruction [libnative-lib.so] [0x0381d] [       48 bf ] 0x4000381c: it mi>>>
### Trace Instruction [libnative-lib.so] [0x03821] [       70 47 ] 0x40003820: bx lr>>>
### Trace Instruction [libnative-lib.so] [0x03cb1] [ 00 fb 16 51 ] 0x40003cb0: mls r1, r0, r6, r5>>> r1=0x34 r0=0x16ac8 r6=0x1a r5=0x24d85a
### Trace Instruction [libnative-lib.so] [0x03cb5] [       05 46 ] 0x40003cb4: mov r5, r0>>> r5=0x24d85a r0=0x16ac8
### Trace Instruction [libnative-lib.so] [0x03cb7] [ 1b f8 01 10 ] 0x40003cb6: ldrb.w r1, [fp, r1]>>> r1=0xa fp=0xbffff645
### Trace Instruction [libnative-lib.so] [0x03cbb] [ 0a f8 09 10 ] 0x40003cba: strb.w r1, [sl, sb]>>> r1=0x44 sl=0xbffff638
### Trace Instruction [libnative-lib.so] [0x03cbf] [ 09 f1 01 09 ] 0x40003cbe: add.w sb, sb, #1>>> sb=0x2 sb=0x2
### Trace Instruction [libnative-lib.so] [0x03cc3] [       ee e7 ] 0x40003cc2: b #0x40003ca2>>>
### Trace Instruction [libnative-lib.so] [0x03ca3] [ b9 f1 05 0f ] 0x40003ca2: cmp.w sb, #5>>> sb=0x3
### Trace Instruction [libnative-lib.so] [0x03ca7] [       21 d0 ] 0x40003ca6: beq #0x40003cec>>>
### Trace Instruction [libnative-lib.so] [0x03ca9] [       28 46 ] 0x40003ca8: mov r0, r5>>> r0=0x16ac8 r5=0x16ac8
### Trace Instruction [libnative-lib.so] [0x03cab] [       1a 21 ] 0x40003caa: movs r1, #0x1a>>> r1=0x44
### Trace Instruction [libnative-lib.so] [0x03cad] [ ff f7 78 fd ] 0x40003cac: bl #0x400037a0>>>
### Trace Instruction [libnative-lib.so] [0x037a1] [       00 29 ] 0x400037a0: cmp r1, #0>>> r1=0x1a
### Trace Instruction [libnative-lib.so] [0x037a3] [       56 d0 ] 0x400037a2: beq #0x40003852>>>
### Trace Instruction [libnative-lib.so] [0x037a5] [ 80 ea 01 0c ] 0x400037a4: eor.w ip, r0, r1>>> ip=0x24d840 r0=0x16ac8 r1=0x1a
### Trace Instruction [libnative-lib.so] [0x037a9] [       48 bf ] 0x400037a8: it mi>>>
### Trace Instruction [libnative-lib.so] [0x037ad] [       4a 1e ] 0x400037ac: subs r2, r1, #1>>> r2=0x0 r1=0x1a
### Trace Instruction [libnative-lib.so] [0x037af] [       38 d0 ] 0x400037ae: beq #0x40003822>>>
### Trace Instruction [libnative-lib.so] [0x037b1] [       03 00 ] 0x400037b0: movs r3, r0>>> r3=0x4 r0=0x16ac8
### Trace Instruction [libnative-lib.so] [0x037b3] [       48 bf ] 0x400037b2: it mi>>>
### Trace Instruction [libnative-lib.so] [0x037b7] [       8b 42 ] 0x400037b6: cmp r3, r1>>> r3=0x16ac8 r1=0x1a
### Trace Instruction [libnative-lib.so] [0x037b9] [       38 d9 ] 0x400037b8: bls #0x4000382c>>>
### Trace Instruction [libnative-lib.so] [0x037bb] [       11 42 ] 0x400037ba: tst r1, r2>>> r1=0x1a r2=0x19
### Trace Instruction [libnative-lib.so] [0x037bd] [       3e d0 ] 0x400037bc: beq #0x4000383c>>>
### Trace Instruction [libnative-lib.so] [0x037bf] [ b1 fa 81 f2 ] 0x400037be: clz r2, r1>>> r2=0x19 r1=0x1a
### Trace Instruction [libnative-lib.so] [0x037c3] [ b3 fa 83 f0 ] 0x400037c2: clz r0, r3>>> r0=0x16ac8 r3=0x16ac8
### Trace Instruction [libnative-lib.so] [0x037c7] [ a2 eb 00 00 ] 0x400037c6: sub.w r0, r2, r0>>> r0=0xf r2=0x1b r0=0xf
### Trace Instruction [libnative-lib.so] [0x037cb] [ 4f f0 01 02 ] 0x400037ca: mov.w r2, #1>>> r2=0x1b
### Trace Instruction [libnative-lib.so] [0x037cf] [ 01 fa 00 f1 ] 0x400037ce: lsl.w r1, r1, r0>>> r1=0x1a r1=0x1a r0=0xc
### Trace Instruction [libnative-lib.so] [0x037d3] [ 02 fa 00 f2 ] 0x400037d2: lsl.w r2, r2, r0>>> r2=0x1 r2=0x1 r0=0xc
### Trace Instruction [libnative-lib.so] [0x037d7] [ 4f f0 00 00 ] 0x400037d6: mov.w r0, #0>>> r0=0xc
### Trace Instruction [libnative-lib.so] [0x037db] [       8b 42 ] 0x400037da: cmp r3, r1>>> r3=0x16ac8 r1=0x1a000
### Trace Instruction [libnative-lib.so] [0x037dd] [       24 bf ] 0x400037dc: itt hs>>>
### Trace Instruction [libnative-lib.so] [0x037e3] [ b3 eb 51 0f ] 0x400037e2: cmp.w r3, r1, lsr #1>>> r3=0x16ac8 r1=0x1a000
### Trace Instruction [libnative-lib.so] [0x037e7] [       24 bf ] 0x400037e6: itt hs>>>
### Trace Instruction [libnative-lib.so] [0x037e9] [ a3 eb 51 03 ] 0x400037e8: sub.w r3, r3, r1, lsr #1>>> r3=0x16ac8 r3=0x16ac8 r1=0x1a000
### Trace Instruction [libnative-lib.so] [0x037ed] [ 40 ea 52 00 ] 0x400037ec: orr.w r0, r0, r2, lsr #1>>> r0=0x0 r0=0x0 r2=0x1000
### Trace Instruction [libnative-lib.so] [0x037f1] [ b3 eb 91 0f ] 0x400037f0: cmp.w r3, r1, lsr #2>>> r3=0x9ac8 r1=0x1a000
### Trace Instruction [libnative-lib.so] [0x037f5] [       24 bf ] 0x400037f4: itt hs>>>
### Trace Instruction [libnative-lib.so] [0x037f7] [ a3 eb 91 03 ] 0x400037f6: sub.w r3, r3, r1, lsr #2>>> r3=0x9ac8 r3=0x9ac8 r1=0x1a000
### Trace Instruction [libnative-lib.so] [0x037fb] [ 40 ea 92 00 ] 0x400037fa: orr.w r0, r0, r2, lsr #2>>> r0=0x800 r0=0x800 r2=0x1000
### Trace Instruction [libnative-lib.so] [0x037ff] [ b3 eb d1 0f ] 0x400037fe: cmp.w r3, r1, lsr #3>>> r3=0x32c8 r1=0x1a000
### Trace Instruction [libnative-lib.so] [0x03803] [       24 bf ] 0x40003802: itt hs>>>
### Trace Instruction [libnative-lib.so] [0x0380d] [       00 2b ] 0x4000380c: cmp r3, #0>>> r3=0x32c8
### Trace Instruction [libnative-lib.so] [0x0380f] [       1c bf ] 0x4000380e: itt ne>>>
### Trace Instruction [libnative-lib.so] [0x03811] [ 5f ea 12 12 ] 0x40003810: lsrs.w r2, r2, #4>>> r2=0x1000 r2=0x1000
### Trace Instruction [libnative-lib.so] [0x03815] [       09 09 ] 0x40003814: lsrs r1, r1, #4>>> r1=0x1a000 r1=0x1a000
### Trace Instruction [libnative-lib.so] [0x03817] [       e0 d1 ] 0x40003816: bne #0x400037da>>>
### Trace Instruction [libnative-lib.so] [0x037db] [       8b 42 ] 0x400037da: cmp r3, r1>>> r3=0x32c8 r1=0x1a00
### Trace Instruction [libnative-lib.so] [0x037dd] [       24 bf ] 0x400037dc: itt hs>>>
### Trace Instruction [libnative-lib.so] [0x037df] [       5b 1a ] 0x400037de: subs r3, r3, r1>>> r3=0x32c8 r3=0x32c8 r1=0x1a00
### Trace Instruction [libnative-lib.so] [0x037e1] [       10 43 ] 0x400037e0: orrs r0, r2>>> r0=0xc00 r2=0x100
### Trace Instruction [libnative-lib.so] [0x037e3] [ b3 eb 51 0f ] 0x400037e2: cmp.w r3, r1, lsr #1>>> r3=0x18c8 r1=0x1a00
### Trace Instruction [libnative-lib.so] [0x037e7] [       24 bf ] 0x400037e6: itt hs>>>
### Trace Instruction [libnative-lib.so] [0x037e9] [ a3 eb 51 03 ] 0x400037e8: sub.w r3, r3, r1, lsr #1>>> r3=0x18c8 r3=0x18c8 r1=0x1a00
### Trace Instruction [libnative-lib.so] [0x037ed] [ 40 ea 52 00 ] 0x400037ec: orr.w r0, r0, r2, lsr #1>>> r0=0xd00 r0=0xd00 r2=0x100
### Trace Instruction [libnative-lib.so] [0x037f1] [ b3 eb 91 0f ] 0x400037f0: cmp.w r3, r1, lsr #2>>> r3=0xbc8 r1=0x1a00
### Trace Instruction [libnative-lib.so] [0x037f5] [       24 bf ] 0x400037f4: itt hs>>>
### Trace Instruction [libnative-lib.so] [0x037f7] [ a3 eb 91 03 ] 0x400037f6: sub.w r3, r3, r1, lsr #2>>> r3=0xbc8 r3=0xbc8 r1=0x1a00
### Trace Instruction [libnative-lib.so] [0x037fb] [ 40 ea 92 00 ] 0x400037fa: orr.w r0, r0, r2, lsr #2>>> r0=0xd80 r0=0xd80 r2=0x100
### Trace Instruction [libnative-lib.so] [0x037ff] [ b3 eb d1 0f ] 0x400037fe: cmp.w r3, r1, lsr #3>>> r3=0x548 r1=0x1a00
### Trace Instruction [libnative-lib.so] [0x03803] [       24 bf ] 0x40003802: itt hs>>>
### Trace Instruction [libnative-lib.so] [0x03805] [ a3 eb d1 03 ] 0x40003804: sub.w r3, r3, r1, lsr #3>>> r3=0x548 r3=0x548 r1=0x1a00
### Trace Instruction [libnative-lib.so] [0x03809] [ 40 ea d2 00 ] 0x40003808: orr.w r0, r0, r2, lsr #3>>> r0=0xdc0 r0=0xdc0 r2=0x100
### Trace Instruction [libnative-lib.so] [0x0380d] [       00 2b ] 0x4000380c: cmp r3, #0>>> r3=0x208
### Trace Instruction [libnative-lib.so] [0x0380f] [       1c bf ] 0x4000380e: itt ne>>>
### Trace Instruction [libnative-lib.so] [0x03811] [ 5f ea 12 12 ] 0x40003810: lsrs.w r2, r2, #4>>> r2=0x100 r2=0x100
### Trace Instruction [libnative-lib.so] [0x03815] [       09 09 ] 0x40003814: lsrs r1, r1, #4>>> r1=0x1a00 r1=0x1a00
### Trace Instruction [libnative-lib.so] [0x03817] [       e0 d1 ] 0x40003816: bne #0x400037da>>>
### Trace Instruction [libnative-lib.so] [0x037db] [       8b 42 ] 0x400037da: cmp r3, r1>>> r3=0x208 r1=0x1a0
### Trace Instruction [libnative-lib.so] [0x037dd] [       24 bf ] 0x400037dc: itt hs>>>
### Trace Instruction [libnative-lib.so] [0x037df] [       5b 1a ] 0x400037de: subs r3, r3, r1>>> r3=0x208 r3=0x208 r1=0x1a0
### Trace Instruction [libnative-lib.so] [0x037e1] [       10 43 ] 0x400037e0: orrs r0, r2>>> r0=0xde0 r2=0x10
### Trace Instruction [libnative-lib.so] [0x037e3] [ b3 eb 51 0f ] 0x400037e2: cmp.w r3, r1, lsr #1>>> r3=0x68 r1=0x1a0
### Trace Instruction [libnative-lib.so] [0x037e7] [       24 bf ] 0x400037e6: itt hs>>>
### Trace Instruction [libnative-lib.so] [0x037f1] [ b3 eb 91 0f ] 0x400037f0: cmp.w r3, r1, lsr #2>>> r3=0x68 r1=0x1a0
### Trace Instruction [libnative-lib.so] [0x037f5] [       24 bf ] 0x400037f4: itt hs>>>
### Trace Instruction [libnative-lib.so] [0x037f7] [ a3 eb 91 03 ] 0x400037f6: sub.w r3, r3, r1, lsr #2>>> r3=0x68 r3=0x68 r1=0x1a0
### Trace Instruction [libnative-lib.so] [0x037fb] [ 40 ea 92 00 ] 0x400037fa: orr.w r0, r0, r2, lsr #2>>> r0=0xdf0 r0=0xdf0 r2=0x10
### Trace Instruction [libnative-lib.so] [0x037ff] [ b3 eb d1 0f ] 0x400037fe: cmp.w r3, r1, lsr #3>>> r3=0x0 r1=0x1a0
### Trace Instruction [libnative-lib.so] [0x03803] [       24 bf ] 0x40003802: itt hs>>>
### Trace Instruction [libnative-lib.so] [0x0380d] [       00 2b ] 0x4000380c: cmp r3, #0>>> r3=0x0
### Trace Instruction [libnative-lib.so] [0x0380f] [       1c bf ] 0x4000380e: itt ne>>>
### Trace Instruction [libnative-lib.so] [0x03817] [       e0 d1 ] 0x40003816: bne #0x400037da>>>
### Trace Instruction [libnative-lib.so] [0x03819] [ bc f1 00 0f ] 0x40003818: cmp.w ip, #0>>> ip=0x16ad2
### Trace Instruction [libnative-lib.so] [0x0381d] [       48 bf ] 0x4000381c: it mi>>>
### Trace Instruction [libnative-lib.so] [0x03821] [       70 47 ] 0x40003820: bx lr>>>
### Trace Instruction [libnative-lib.so] [0x03cb1] [ 00 fb 16 51 ] 0x40003cb0: mls r1, r0, r6, r5>>> r1=0x1a0 r0=0xdf4 r6=0x1a r5=0x16ac8
### Trace Instruction [libnative-lib.so] [0x03cb5] [       05 46 ] 0x40003cb4: mov r5, r0>>> r5=0x16ac8 r0=0xdf4
### Trace Instruction [libnative-lib.so] [0x03cb7] [ 1b f8 01 10 ] 0x40003cb6: ldrb.w r1, [fp, r1]>>> r1=0x0 fp=0xbffff645
### Trace Instruction [libnative-lib.so] [0x03cbb] [ 0a f8 09 10 ] 0x40003cba: strb.w r1, [sl, sb]>>> r1=0x32 sl=0xbffff638
### Trace Instruction [libnative-lib.so] [0x03cbf] [ 09 f1 01 09 ] 0x40003cbe: add.w sb, sb, #1>>> sb=0x3 sb=0x3
### Trace Instruction [libnative-lib.so] [0x03cc3] [       ee e7 ] 0x40003cc2: b #0x40003ca2>>>
### Trace Instruction [libnative-lib.so] [0x03ca3] [ b9 f1 05 0f ] 0x40003ca2: cmp.w sb, #5>>> sb=0x4
### Trace Instruction [libnative-lib.so] [0x03ca7] [       21 d0 ] 0x40003ca6: beq #0x40003cec>>>
### Trace Instruction [libnative-lib.so] [0x03ca9] [       28 46 ] 0x40003ca8: mov r0, r5>>> r0=0xdf4 r5=0xdf4
### Trace Instruction [libnative-lib.so] [0x03cab] [       1a 21 ] 0x40003caa: movs r1, #0x1a>>> r1=0x32
### Trace Instruction [libnative-lib.so] [0x03cad] [ ff f7 78 fd ] 0x40003cac: bl #0x400037a0>>>
### Trace Instruction [libnative-lib.so] [0x037a1] [       00 29 ] 0x400037a0: cmp r1, #0>>> r1=0x1a
### Trace Instruction [libnative-lib.so] [0x037a3] [       56 d0 ] 0x400037a2: beq #0x40003852>>>
### Trace Instruction [libnative-lib.so] [0x037a5] [ 80 ea 01 0c ] 0x400037a4: eor.w ip, r0, r1>>> ip=0x16ad2 r0=0xdf4 r1=0x1a
### Trace Instruction [libnative-lib.so] [0x037a9] [       48 bf ] 0x400037a8: it mi>>>
### Trace Instruction [libnative-lib.so] [0x037ad] [       4a 1e ] 0x400037ac: subs r2, r1, #1>>> r2=0x10 r1=0x1a
### Trace Instruction [libnative-lib.so] [0x037af] [       38 d0 ] 0x400037ae: beq #0x40003822>>>
### Trace Instruction [libnative-lib.so] [0x037b1] [       03 00 ] 0x400037b0: movs r3, r0>>> r3=0x0 r0=0xdf4
### Trace Instruction [libnative-lib.so] [0x037b3] [       48 bf ] 0x400037b2: it mi>>>
### Trace Instruction [libnative-lib.so] [0x037b7] [       8b 42 ] 0x400037b6: cmp r3, r1>>> r3=0xdf4 r1=0x1a
### Trace Instruction [libnative-lib.so] [0x037b9] [       38 d9 ] 0x400037b8: bls #0x4000382c>>>
### Trace Instruction [libnative-lib.so] [0x037bb] [       11 42 ] 0x400037ba: tst r1, r2>>> r1=0x1a r2=0x19
### Trace Instruction [libnative-lib.so] [0x037bd] [       3e d0 ] 0x400037bc: beq #0x4000383c>>>
### Trace Instruction [libnative-lib.so] [0x037bf] [ b1 fa 81 f2 ] 0x400037be: clz r2, r1>>> r2=0x19 r1=0x1a
### Trace Instruction [libnative-lib.so] [0x037c3] [ b3 fa 83 f0 ] 0x400037c2: clz r0, r3>>> r0=0xdf4 r3=0xdf4
### Trace Instruction [libnative-lib.so] [0x037c7] [ a2 eb 00 00 ] 0x400037c6: sub.w r0, r2, r0>>> r0=0x14 r2=0x1b r0=0x14
### Trace Instruction [libnative-lib.so] [0x037cb] [ 4f f0 01 02 ] 0x400037ca: mov.w r2, #1>>> r2=0x1b
### Trace Instruction [libnative-lib.so] [0x037cf] [ 01 fa 00 f1 ] 0x400037ce: lsl.w r1, r1, r0>>> r1=0x1a r1=0x1a r0=0x7
### Trace Instruction [libnative-lib.so] [0x037d3] [ 02 fa 00 f2 ] 0x400037d2: lsl.w r2, r2, r0>>> r2=0x1 r2=0x1 r0=0x7
### Trace Instruction [libnative-lib.so] [0x037d7] [ 4f f0 00 00 ] 0x400037d6: mov.w r0, #0>>> r0=0x7
### Trace Instruction [libnative-lib.so] [0x037db] [       8b 42 ] 0x400037da: cmp r3, r1>>> r3=0xdf4 r1=0xd00
### Trace Instruction [libnative-lib.so] [0x037dd] [       24 bf ] 0x400037dc: itt hs>>>
### Trace Instruction [libnative-lib.so] [0x037df] [       5b 1a ] 0x400037de: subs r3, r3, r1>>> r3=0xdf4 r3=0xdf4 r1=0xd00
### Trace Instruction [libnative-lib.so] [0x037e1] [       10 43 ] 0x400037e0: orrs r0, r2>>> r0=0x0 r2=0x80
### Trace Instruction [libnative-lib.so] [0x037e3] [ b3 eb 51 0f ] 0x400037e2: cmp.w r3, r1, lsr #1>>> r3=0xf4 r1=0xd00
### Trace Instruction [libnative-lib.so] [0x037e7] [       24 bf ] 0x400037e6: itt hs>>>
### Trace Instruction [libnative-lib.so] [0x037f1] [ b3 eb 91 0f ] 0x400037f0: cmp.w r3, r1, lsr #2>>> r3=0xf4 r1=0xd00
### Trace Instruction [libnative-lib.so] [0x037f5] [       24 bf ] 0x400037f4: itt hs>>>
### Trace Instruction [libnative-lib.so] [0x037ff] [ b3 eb d1 0f ] 0x400037fe: cmp.w r3, r1, lsr #3>>> r3=0xf4 r1=0xd00
### Trace Instruction [libnative-lib.so] [0x03803] [       24 bf ] 0x40003802: itt hs>>>
### Trace Instruction [libnative-lib.so] [0x0380d] [       00 2b ] 0x4000380c: cmp r3, #0>>> r3=0xf4
### Trace Instruction [libnative-lib.so] [0x0380f] [       1c bf ] 0x4000380e: itt ne>>>
### Trace Instruction [libnative-lib.so] [0x03811] [ 5f ea 12 12 ] 0x40003810: lsrs.w r2, r2, #4>>> r2=0x80 r2=0x80
### Trace Instruction [libnative-lib.so] [0x03815] [       09 09 ] 0x40003814: lsrs r1, r1, #4>>> r1=0xd00 r1=0xd00
### Trace Instruction [libnative-lib.so] [0x03817] [       e0 d1 ] 0x40003816: bne #0x400037da>>>
### Trace Instruction [libnative-lib.so] [0x037db] [       8b 42 ] 0x400037da: cmp r3, r1>>> r3=0xf4 r1=0xd0
### Trace Instruction [libnative-lib.so] [0x037dd] [       24 bf ] 0x400037dc: itt hs>>>
### Trace Instruction [libnative-lib.so] [0x037df] [       5b 1a ] 0x400037de: subs r3, r3, r1>>> r3=0xf4 r3=0xf4 r1=0xd0
### Trace Instruction [libnative-lib.so] [0x037e1] [       10 43 ] 0x400037e0: orrs r0, r2>>> r0=0x80 r2=0x8
### Trace Instruction [libnative-lib.so] [0x037e3] [ b3 eb 51 0f ] 0x400037e2: cmp.w r3, r1, lsr #1>>> r3=0x24 r1=0xd0
### Trace Instruction [libnative-lib.so] [0x037e7] [       24 bf ] 0x400037e6: itt hs>>>
### Trace Instruction [libnative-lib.so] [0x037f1] [ b3 eb 91 0f ] 0x400037f0: cmp.w r3, r1, lsr #2>>> r3=0x24 r1=0xd0
### Trace Instruction [libnative-lib.so] [0x037f5] [       24 bf ] 0x400037f4: itt hs>>>
### Trace Instruction [libnative-lib.so] [0x037ff] [ b3 eb d1 0f ] 0x400037fe: cmp.w r3, r1, lsr #3>>> r3=0x24 r1=0xd0
### Trace Instruction [libnative-lib.so] [0x03803] [       24 bf ] 0x40003802: itt hs>>>
### Trace Instruction [libnative-lib.so] [0x03805] [ a3 eb d1 03 ] 0x40003804: sub.w r3, r3, r1, lsr #3>>> r3=0x24 r3=0x24 r1=0xd0
### Trace Instruction [libnative-lib.so] [0x03809] [ 40 ea d2 00 ] 0x40003808: orr.w r0, r0, r2, lsr #3>>> r0=0x88 r0=0x88 r2=0x8
### Trace Instruction [libnative-lib.so] [0x0380d] [       00 2b ] 0x4000380c: cmp r3, #0>>> r3=0xa
### Trace Instruction [libnative-lib.so] [0x0380f] [       1c bf ] 0x4000380e: itt ne>>>
### Trace Instruction [libnative-lib.so] [0x03811] [ 5f ea 12 12 ] 0x40003810: lsrs.w r2, r2, #4>>> r2=0x8 r2=0x8
### Trace Instruction [libnative-lib.so] [0x03817] [       e0 d1 ] 0x40003816: bne #0x400037da>>>
### Trace Instruction [libnative-lib.so] [0x03819] [ bc f1 00 0f ] 0x40003818: cmp.w ip, #0>>> ip=0xdee
### Trace Instruction [libnative-lib.so] [0x0381d] [       48 bf ] 0x4000381c: it mi>>>
### Trace Instruction [libnative-lib.so] [0x03821] [       70 47 ] 0x40003820: bx lr>>>
### Trace Instruction [libnative-lib.so] [0x03cb1] [ 00 fb 16 51 ] 0x40003cb0: mls r1, r0, r6, r5>>> r1=0xd0 r0=0x89 r6=0x1a r5=0xdf4
### Trace Instruction [libnative-lib.so] [0x03cb5] [       05 46 ] 0x40003cb4: mov r5, r0>>> r5=0xdf4 r0=0x89
### Trace Instruction [libnative-lib.so] [0x03cb7] [ 1b f8 01 10 ] 0x40003cb6: ldrb.w r1, [fp, r1]>>> r1=0xa fp=0xbffff645
### Trace Instruction [libnative-lib.so] [0x03cbb] [ 0a f8 09 10 ] 0x40003cba: strb.w r1, [sl, sb]>>> r1=0x44 sl=0xbffff638
### Trace Instruction [libnative-lib.so] [0x03cbf] [ 09 f1 01 09 ] 0x40003cbe: add.w sb, sb, #1>>> sb=0x4 sb=0x4
### Trace Instruction [libnative-lib.so] [0x03cc3] [       ee e7 ] 0x40003cc2: b #0x40003ca2>>>
### Trace Instruction [libnative-lib.so] [0x03ca3] [ b9 f1 05 0f ] 0x40003ca2: cmp.w sb, #5>>> sb=0x5
### Trace Instruction [libnative-lib.so] [0x03ca7] [       21 d0 ] 0x40003ca6: beq #0x40003cec>>>
### Trace Instruction [libnative-lib.so] [0x03ced] [ dd f8 39 00 ] 0x40003cec: ldr.w r0, [sp, #0x39]>>> r0=0x89
### Trace Instruction [libnative-lib.so] [0x03cf1] [       25 60 ] 0x40003cf0: str r5, [r4]>>> r5=0x89 r4=0x400060e4
### Trace Instruction [libnative-lib.so] [0x03cf3] [       07 90 ] 0x40003cf2: str r0, [sp, #0x1c]>>> r0=0x44324443
### Trace Instruction [libnative-lib.so] [0x03cf5] [       07 a8 ] 0x40003cf4: add r0, sp, #0x1c>>> r0=0x44324443
### Trace Instruction [libnative-lib.so] [0x03cf7] [ e0 f9 3f 08 ] 0x40003cf6: vld1.32 {d16[0]}, [r0:0x20]>>> r0=0xbffff61c
### Trace Instruction [libnative-lib.so] [0x03cfb] [       08 a8 ] 0x40003cfa: add r0, sp, #0x20>>> r0=0xbffff61c
### Trace Instruction [libnative-lib.so] [0x03cfd] [ c8 ff 30 0a ] 0x40003cfc: vmovl.u8 q8, d16>>>
### Trace Instruction [libnative-lib.so] [0x03d01] [ d0 ff 30 0a ] 0x40003d00: vmovl.u16 q8, d16>>>
### Trace Instruction [libnative-lib.so] [0x03d05] [ 40 f9 ef 0a ] 0x40003d04: vst1.64 {d16, d17}, [r0:0x80]>>> r0=0xbffff620
### Trace Instruction [libnative-lib.so] [0x03d09] [ fd f7 20 fe ] 0x40003d08: bl #0x4000194c>>>
### Trace Instruction [libnative-lib.so] [0x0194d] [       f0 b5 ] 0x4000194c: push {r4, r5, r6, r7, lr}>>> r4=0x400060e4 r5=0x89 r6=0x1a r7=0xbffff788
### Trace Instruction [libnative-lib.so] [0x0194f] [       03 af ] 0x4000194e: add r7, sp, #0xc>>> r7=0xbffff788
### Trace Instruction [libnative-lib.so] [0x01951] [ 2d e9 00 0f ] 0x40001950: push.w {r8, sb, sl, fp}>>> r8=0xfffe0ab0 sb=0x5 sl=0xbffff638 fp=0xbffff645
### Trace Instruction [libnative-lib.so] [0x01955] [       8b b0 ] 0x40001954: sub sp, #0x2c>>>
### Trace Instruction [libnative-lib.so] [0x01957] [       05 68 ] 0x40001956: ldr r5, [r0]>>> r5=0x89 r0=0xbffff620
### Trace Instruction [libnative-lib.so] [0x01959] [       04 46 ] 0x40001958: mov r4, r0>>> r4=0x400060e4 r0=0xbffff620
### Trace Instruction [libnative-lib.so] [0x0195b] [       42 49 ] 0x4000195a: ldr r1, [pc, #0x108]>>> r1=0x44 pc=0x4000195a
### Trace Instruction [libnative-lib.so] [0x0195d] [       79 44 ] 0x4000195c: add r1, pc>>> r1=0xffffffbf pc=0x4000195c
### Trace Instruction [libnative-lib.so] [0x0195f] [       28 46 ] 0x4000195e: mov r0, r5>>> r0=0xbffff620 r5=0x43
### Trace Instruction [libnative-lib.so] [0x01961] [       0a 91 ] 0x40001960: str r1, [sp, #0x28]>>> r1=0x4000191f
### Trace Instruction [libnative-lib.so] [0x01963] [       88 47 ] 0x40001962: blx r1>>> r1=0x4000191f
### Trace Instruction [libnative-lib.so] [0x0191f] [       b0 b5 ] 0x4000191e: push {r4, r5, r7, lr}>>> r4=0xbffff620 r5=0x43 r7=0xbffff5f8
### Trace Instruction [libnative-lib.so] [0x01921] [       02 af ] 0x40001920: add r7, sp, #8>>> r7=0xbffff5f8
### Trace Instruction [libnative-lib.so] [0x01923] [       04 46 ] 0x40001922: mov r4, r0>>> r4=0xbffff620 r0=0x43
### Trace Instruction [libnative-lib.so] [0x01925] [       00 06 ] 0x40001924: lsls r0, r0, #0x18>>> r0=0x43 r0=0x43
### Trace Instruction [libnative-lib.so] [0x01927] [ 4f ea 44 00 ] 0x40001926: lsl.w r0, r4, #1>>> r0=0x43000000 r4=0x43
### Trace Instruction [libnative-lib.so] [0x0192b] [       c0 b2 ] 0x4000192a: uxtb r0, r0>>> r0=0x86 r0=0x86
### Trace Instruction [libnative-lib.so] [0x0192d] [ 80 f0 1b 00 ] 0x4000192c: eor r0, r0, #0x1b>>> r0=0x86 r0=0x86
### Trace Instruction [libnative-lib.so] [0x01931] [       58 bf ] 0x40001930: it pl>>>
### Trace Instruction [libnative-lib.so] [0x01933] [       60 00 ] 0x40001932: lsls r0, r4, #1>>> r0=0x9d r4=0x43
### Trace Instruction [libnative-lib.so] [0x01935] [ 80 ea 04 05 ] 0x40001934: eor.w r5, r0, r4>>> r5=0x43 r0=0x86 r4=0x43
### Trace Instruction [libnative-lib.so] [0x01939] [       20 46 ] 0x40001938: mov r0, r4>>> r0=0x86 r4=0x43
### Trace Instruction [libnative-lib.so] [0x0193b] [ ff f7 dd ff ] 0x4000193a: bl #0x400018f8>>>
### Trace Instruction [libnative-lib.so] [0x018f9] [       01 06 ] 0x400018f8: lsls r1, r0, #0x18>>> r1=0x4000191f r0=0x43
### Trace Instruction [libnative-lib.so] [0x018fb] [ 4f ea 40 01 ] 0x400018fa: lsl.w r1, r0, #1>>> r1=0x43000000 r0=0x43
### Trace Instruction [libnative-lib.so] [0x018ff] [       c9 b2 ] 0x400018fe: uxtb r1, r1>>> r1=0x86 r1=0x86
### Trace Instruction [libnative-lib.so] [0x01901] [ 81 f0 1b 01 ] 0x40001900: eor r1, r1, #0x1b>>> r1=0x86 r1=0x86
### Trace Instruction [libnative-lib.so] [0x01905] [       58 bf ] 0x40001904: it pl>>>
### Trace Instruction [libnative-lib.so] [0x01907] [       41 00 ] 0x40001906: lsls r1, r0, #1>>> r1=0x9d r0=0x43
### Trace Instruction [libnative-lib.so] [0x01909] [       08 06 ] 0x40001908: lsls r0, r1, #0x18>>> r0=0x43 r1=0x86
### Trace Instruction [libnative-lib.so] [0x0190b] [ 4f ea 41 00 ] 0x4000190a: lsl.w r0, r1, #1>>> r0=0x86000000 r1=0x86
### Trace Instruction [libnative-lib.so] [0x0190f] [       c0 b2 ] 0x4000190e: uxtb r0, r0>>> r0=0x10c r0=0x10c
### Trace Instruction [libnative-lib.so] [0x01911] [ 80 f0 1b 00 ] 0x40001910: eor r0, r0, #0x1b>>> r0=0xc r0=0xc
### Trace Instruction [libnative-lib.so] [0x01915] [       58 bf ] 0x40001914: it pl>>>
### Trace Instruction [libnative-lib.so] [0x01919] [       48 40 ] 0x40001918: eors r0, r1>>> r0=0x17 r1=0x86
### Trace Instruction [libnative-lib.so] [0x0191b] [ ff f7 db bf ] 0x4000191a: b.w #0x400018d4>>>
### Trace Instruction [libnative-lib.so] [0x018d5] [       01 06 ] 0x400018d4: lsls r1, r0, #0x18>>> r1=0x86 r0=0x91
### Trace Instruction [libnative-lib.so] [0x018d7] [ 4f ea 40 01 ] 0x400018d6: lsl.w r1, r0, #1>>> r1=0x91000000 r0=0x91
### Trace Instruction [libnative-lib.so] [0x018db] [       c9 b2 ] 0x400018da: uxtb r1, r1>>> r1=0x122 r1=0x122
### Trace Instruction [libnative-lib.so] [0x018dd] [ 81 f0 1b 01 ] 0x400018dc: eor r1, r1, #0x1b>>> r1=0x22 r1=0x22
### Trace Instruction [libnative-lib.so] [0x018e1] [       58 bf ] 0x400018e0: it pl>>>
### Trace Instruction [libnative-lib.so] [0x018e5] [       08 06 ] 0x400018e4: lsls r0, r1, #0x18>>> r0=0x91 r1=0x39
### Trace Instruction [libnative-lib.so] [0x018e7] [ 4f ea 41 00 ] 0x400018e6: lsl.w r0, r1, #1>>> r0=0x39000000 r1=0x39
### Trace Instruction [libnative-lib.so] [0x018eb] [       c0 b2 ] 0x400018ea: uxtb r0, r0>>> r0=0x72 r0=0x72
### Trace Instruction [libnative-lib.so] [0x018ed] [ 80 f0 1b 00 ] 0x400018ec: eor r0, r0, #0x1b>>> r0=0x72 r0=0x72
### Trace Instruction [libnative-lib.so] [0x018f1] [       58 bf ] 0x400018f0: it pl>>>
### Trace Instruction [libnative-lib.so] [0x018f3] [       48 00 ] 0x400018f2: lsls r0, r1, #1>>> r0=0x69 r1=0x39
### Trace Instruction [libnative-lib.so] [0x018f5] [       48 40 ] 0x400018f4: eors r0, r1>>> r0=0x72 r1=0x39
### Trace Instruction [libnative-lib.so] [0x018f7] [       70 47 ] 0x400018f6: bx lr>>>
### Trace Instruction [libnative-lib.so] [0x0193f] [       45 40 ] 0x4000193e: eors r5, r0>>> r5=0xc5 r0=0x4b
### Trace Instruction [libnative-lib.so] [0x01941] [       20 46 ] 0x40001940: mov r0, r4>>> r0=0x4b r4=0x43
### Trace Instruction [libnative-lib.so] [0x01943] [ ff f7 c7 ff ] 0x40001942: bl #0x400018d4>>>
### Trace Instruction [libnative-lib.so] [0x018d5] [       01 06 ] 0x400018d4: lsls r1, r0, #0x18>>> r1=0x39 r0=0x43
### Trace Instruction [libnative-lib.so] [0x018d7] [ 4f ea 40 01 ] 0x400018d6: lsl.w r1, r0, #1>>> r1=0x43000000 r0=0x43
### Trace Instruction [libnative-lib.so] [0x018db] [       c9 b2 ] 0x400018da: uxtb r1, r1>>> r1=0x86 r1=0x86
### Trace Instruction [libnative-lib.so] [0x018dd] [ 81 f0 1b 01 ] 0x400018dc: eor r1, r1, #0x1b>>> r1=0x86 r1=0x86
### Trace Instruction [libnative-lib.so] [0x018e1] [       58 bf ] 0x400018e0: it pl>>>
### Trace Instruction [libnative-lib.so] [0x018e3] [       41 00 ] 0x400018e2: lsls r1, r0, #1>>> r1=0x9d r0=0x43
### Trace Instruction [libnative-lib.so] [0x018e5] [       08 06 ] 0x400018e4: lsls r0, r1, #0x18>>> r0=0x43 r1=0x86
### Trace Instruction [libnative-lib.so] [0x018e7] [ 4f ea 41 00 ] 0x400018e6: lsl.w r0, r1, #1>>> r0=0x86000000 r1=0x86
### Trace Instruction [libnative-lib.so] [0x018eb] [       c0 b2 ] 0x400018ea: uxtb r0, r0>>> r0=0x10c r0=0x10c
### Trace Instruction [libnative-lib.so] [0x018ed] [ 80 f0 1b 00 ] 0x400018ec: eor r0, r0, #0x1b>>> r0=0xc r0=0xc
### Trace Instruction [libnative-lib.so] [0x018f1] [       58 bf ] 0x400018f0: it pl>>>
### Trace Instruction [libnative-lib.so] [0x018f5] [       48 40 ] 0x400018f4: eors r0, r1>>> r0=0x17 r1=0x86
### Trace Instruction [libnative-lib.so] [0x018f7] [       70 47 ] 0x400018f6: bx lr>>>
### Trace Instruction [libnative-lib.so] [0x01947] [       68 40 ] 0x40001946: eors r0, r5>>> r0=0x91 r5=0x8e
### Trace Instruction [libnative-lib.so] [0x01949] [       b0 bd ] 0x40001948: pop {r4, r5, r7, pc}>>> r4=0x43 r5=0x8e r7=0xbffff5a8 pc=0x40001948
### Trace Instruction [libnative-lib.so] [0x01965] [ d4 f8 04 80 ] 0x40001964: ldr.w r8, [r4, #4]>>> r8=0xfffe0ab0 r4=0xbffff620
### Trace Instruction [libnative-lib.so] [0x01969] [       09 90 ] 0x40001968: str r0, [sp, #0x24]>>> r0=0x1f
### Trace Instruction [libnative-lib.so] [0x0196b] [ 5f ea 08 60 ] 0x4000196a: lsls.w r0, r8, #0x18>>> r0=0x1f r8=0x44
### Trace Instruction [libnative-lib.so] [0x0196f] [ 4f ea 48 00 ] 0x4000196e: lsl.w r0, r8, #1>>> r0=0x44000000 r8=0x44
### Trace Instruction [libnative-lib.so] [0x01973] [       c0 b2 ] 0x40001972: uxtb r0, r0>>> r0=0x88 r0=0x88
### Trace Instruction [libnative-lib.so] [0x01975] [ 80 f0 1b 00 ] 0x40001974: eor r0, r0, #0x1b>>> r0=0x88 r0=0x88
### Trace Instruction [libnative-lib.so] [0x01979] [       58 bf ] 0x40001978: it pl>>>
### Trace Instruction [libnative-lib.so] [0x0197b] [ 4f ea 48 00 ] 0x4000197a: lsl.w r0, r8, #1>>> r0=0x93 r8=0x44
### Trace Instruction [libnative-lib.so] [0x0197f] [ 80 ea 08 00 ] 0x4000197e: eor.w r0, r0, r8>>> r0=0x88 r0=0x88 r8=0x44
### Trace Instruction [libnative-lib.so] [0x01983] [       03 90 ] 0x40001982: str r0, [sp, #0xc]>>> r0=0xcc
### Trace Instruction [libnative-lib.so] [0x01985] [       38 4e ] 0x40001984: ldr r6, [pc, #0xe0]>>> r6=0x1a pc=0x40001984
### Trace Instruction [libnative-lib.so] [0x01987] [       40 46 ] 0x40001986: mov r0, r8>>> r0=0xcc r8=0x44
### Trace Instruction [libnative-lib.so] [0x01989] [       7e 44 ] 0x40001988: add r6, pc>>> r6=0xffffff6d pc=0x40001988
### Trace Instruction [libnative-lib.so] [0x0198b] [       b0 47 ] 0x4000198a: blx r6>>> r6=0x400018f9
### Trace Instruction [libnative-lib.so] [0x018f9] [       01 06 ] 0x400018f8: lsls r1, r0, #0x18>>> r1=0x86 r0=0x44
### Trace Instruction [libnative-lib.so] [0x018fb] [ 4f ea 40 01 ] 0x400018fa: lsl.w r1, r0, #1>>> r1=0x44000000 r0=0x44
### Trace Instruction [libnative-lib.so] [0x018ff] [       c9 b2 ] 0x400018fe: uxtb r1, r1>>> r1=0x88 r1=0x88
### Trace Instruction [libnative-lib.so] [0x01901] [ 81 f0 1b 01 ] 0x40001900: eor r1, r1, #0x1b>>> r1=0x88 r1=0x88
### Trace Instruction [libnative-lib.so] [0x01905] [       58 bf ] 0x40001904: it pl>>>
### Trace Instruction [libnative-lib.so] [0x01907] [       41 00 ] 0x40001906: lsls r1, r0, #1>>> r1=0x93 r0=0x44
### Trace Instruction [libnative-lib.so] [0x01909] [       08 06 ] 0x40001908: lsls r0, r1, #0x18>>> r0=0x44 r1=0x88
### Trace Instruction [libnative-lib.so] [0x0190b] [ 4f ea 41 00 ] 0x4000190a: lsl.w r0, r1, #1>>> r0=0x88000000 r1=0x88
### Trace Instruction [libnative-lib.so] [0x0190f] [       c0 b2 ] 0x4000190e: uxtb r0, r0>>> r0=0x110 r0=0x110
### Trace Instruction [libnative-lib.so] [0x01911] [ 80 f0 1b 00 ] 0x40001910: eor r0, r0, #0x1b>>> r0=0x10 r0=0x10
### Trace Instruction [libnative-lib.so] [0x01915] [       58 bf ] 0x40001914: it pl>>>
### Trace Instruction [libnative-lib.so] [0x01919] [       48 40 ] 0x40001918: eors r0, r1>>> r0=0xb r1=0x88
### Trace Instruction [libnative-lib.so] [0x0191b] [ ff f7 db bf ] 0x4000191a: b.w #0x400018d4>>>
### Trace Instruction [libnative-lib.so] [0x018d5] [       01 06 ] 0x400018d4: lsls r1, r0, #0x18>>> r1=0x88 r0=0x83
### Trace Instruction [libnative-lib.so] [0x018d7] [ 4f ea 40 01 ] 0x400018d6: lsl.w r1, r0, #1>>> r1=0x83000000 r0=0x83
### Trace Instruction [libnative-lib.so] [0x018db] [       c9 b2 ] 0x400018da: uxtb r1, r1>>> r1=0x106 r1=0x106
### Trace Instruction [libnative-lib.so] [0x018dd] [ 81 f0 1b 01 ] 0x400018dc: eor r1, r1, #0x1b>>> r1=0x6 r1=0x6
### Trace Instruction [libnative-lib.so] [0x018e1] [       58 bf ] 0x400018e0: it pl>>>
### Trace Instruction [libnative-lib.so] [0x018e5] [       08 06 ] 0x400018e4: lsls r0, r1, #0x18>>> r0=0x83 r1=0x1d
### Trace Instruction [libnative-lib.so] [0x018e7] [ 4f ea 41 00 ] 0x400018e6: lsl.w r0, r1, #1>>> r0=0x1d000000 r1=0x1d
### Trace Instruction [libnative-lib.so] [0x018eb] [       c0 b2 ] 0x400018ea: uxtb r0, r0>>> r0=0x3a r0=0x3a
### Trace Instruction [libnative-lib.so] [0x018ed] [ 80 f0 1b 00 ] 0x400018ec: eor r0, r0, #0x1b>>> r0=0x3a r0=0x3a
### Trace Instruction [libnative-lib.so] [0x018f1] [       58 bf ] 0x400018f0: it pl>>>
### Trace Instruction [libnative-lib.so] [0x018f3] [       48 00 ] 0x400018f2: lsls r0, r1, #1>>> r0=0x21 r1=0x1d
### Trace Instruction [libnative-lib.so] [0x018f5] [       48 40 ] 0x400018f4: eors r0, r1>>> r0=0x3a r1=0x1d
### Trace Instruction [libnative-lib.so] [0x018f7] [       70 47 ] 0x400018f6: bx lr>>>
### Trace Instruction [libnative-lib.so] [0x0198d] [       01 96 ] 0x4000198c: str r6, [sp, #4]>>> r6=0x400018f9
### Trace Instruction [libnative-lib.so] [0x0198f] [       b1 46 ] 0x4000198e: mov sb, r6>>> sb=0x5 r6=0x400018f9
### Trace Instruction [libnative-lib.so] [0x01991] [       08 90 ] 0x40001990: str r0, [sp, #0x20]>>> r0=0x27
### Trace Instruction [libnative-lib.so] [0x01993] [ d4 f8 08 b0 ] 0x40001992: ldr.w fp, [r4, #8]>>> fp=0xbffff645 r4=0xbffff620
### Trace Instruction [libnative-lib.so] [0x01997] [       35 4e ] 0x40001996: ldr r6, [pc, #0xd4]>>> r6=0x400018f9 pc=0x40001996
### Trace Instruction [libnative-lib.so] [0x01999] [       7e 44 ] 0x40001998: add r6, pc>>> r6=0xffffff39 pc=0x40001998
### Trace Instruction [libnative-lib.so] [0x0199b] [       58 46 ] 0x4000199a: mov r0, fp>>> r0=0x27 fp=0x32
### Trace Instruction [libnative-lib.so] [0x0199d] [       b0 47 ] 0x4000199c: blx r6>>> r6=0x400018d5
### Trace Instruction [libnative-lib.so] [0x018d5] [       01 06 ] 0x400018d4: lsls r1, r0, #0x18>>> r1=0x1d r0=0x32
### Trace Instruction [libnative-lib.so] [0x018d7] [ 4f ea 40 01 ] 0x400018d6: lsl.w r1, r0, #1>>> r1=0x32000000 r0=0x32
### Trace Instruction [libnative-lib.so] [0x018db] [       c9 b2 ] 0x400018da: uxtb r1, r1>>> r1=0x64 r1=0x64
### Trace Instruction [libnative-lib.so] [0x018dd] [ 81 f0 1b 01 ] 0x400018dc: eor r1, r1, #0x1b>>> r1=0x64 r1=0x64
### Trace Instruction [libnative-lib.so] [0x018e1] [       58 bf ] 0x400018e0: it pl>>>
### Trace Instruction [libnative-lib.so] [0x018e3] [       41 00 ] 0x400018e2: lsls r1, r0, #1>>> r1=0x7f r0=0x32
### Trace Instruction [libnative-lib.so] [0x018e5] [       08 06 ] 0x400018e4: lsls r0, r1, #0x18>>> r0=0x32 r1=0x64
### Trace Instruction [libnative-lib.so] [0x018e7] [ 4f ea 41 00 ] 0x400018e6: lsl.w r0, r1, #1>>> r0=0x64000000 r1=0x64
### Trace Instruction [libnative-lib.so] [0x018eb] [       c0 b2 ] 0x400018ea: uxtb r0, r0>>> r0=0xc8 r0=0xc8
### Trace Instruction [libnative-lib.so] [0x018ed] [ 80 f0 1b 00 ] 0x400018ec: eor r0, r0, #0x1b>>> r0=0xc8 r0=0xc8
### Trace Instruction [libnative-lib.so] [0x018f1] [       58 bf ] 0x400018f0: it pl>>>
### Trace Instruction [libnative-lib.so] [0x018f3] [       48 00 ] 0x400018f2: lsls r0, r1, #1>>> r0=0xd3 r1=0x64
### Trace Instruction [libnative-lib.so] [0x018f5] [       48 40 ] 0x400018f4: eors r0, r1>>> r0=0xc8 r1=0x64
### Trace Instruction [libnative-lib.so] [0x018f7] [       70 47 ] 0x400018f6: bx lr>>>
### Trace Instruction [libnative-lib.so] [0x0199f] [       0a 99 ] 0x4000199e: ldr r1, [sp, #0x28]>>> r1=0x64
### Trace Instruction [libnative-lib.so] [0x019a1] [       07 90 ] 0x400019a0: str r0, [sp, #0x1c]>>> r0=0xac
### Trace Instruction [libnative-lib.so] [0x019a3] [       40 46 ] 0x400019a2: mov r0, r8>>> r0=0xac r8=0x44
### Trace Instruction [libnative-lib.so] [0x019a5] [       02 96 ] 0x400019a4: str r6, [sp, #8]>>> r6=0x400018d5
### Trace Instruction [libnative-lib.so] [0x019a7] [ d4 f8 0c a0 ] 0x400019a6: ldr.w sl, [r4, #0xc]>>> sl=0xbffff638 r4=0xbffff620
### Trace Instruction [libnative-lib.so] [0x019ab] [       88 47 ] 0x400019aa: blx r1>>> r1=0x4000191f
### Trace Instruction [libnative-lib.so] [0x0191f] [       b0 b5 ] 0x4000191e: push {r4, r5, r7, lr}>>> r4=0xbffff620 r5=0x43 r7=0xbffff5f8
### Trace Instruction [libnative-lib.so] [0x01921] [       02 af ] 0x40001920: add r7, sp, #8>>> r7=0xbffff5f8
### Trace Instruction [libnative-lib.so] [0x01923] [       04 46 ] 0x40001922: mov r4, r0>>> r4=0xbffff620 r0=0x44
### Trace Instruction [libnative-lib.so] [0x01925] [       00 06 ] 0x40001924: lsls r0, r0, #0x18>>> r0=0x44 r0=0x44
### Trace Instruction [libnative-lib.so] [0x01927] [ 4f ea 44 00 ] 0x40001926: lsl.w r0, r4, #1>>> r0=0x44000000 r4=0x44
### Trace Instruction [libnative-lib.so] [0x0192b] [       c0 b2 ] 0x4000192a: uxtb r0, r0>>> r0=0x88 r0=0x88
### Trace Instruction [libnative-lib.so] [0x0192d] [ 80 f0 1b 00 ] 0x4000192c: eor r0, r0, #0x1b>>> r0=0x88 r0=0x88
### Trace Instruction [libnative-lib.so] [0x01931] [       58 bf ] 0x40001930: it pl>>>
### Trace Instruction [libnative-lib.so] [0x01933] [       60 00 ] 0x40001932: lsls r0, r4, #1>>> r0=0x93 r4=0x44
### Trace Instruction [libnative-lib.so] [0x01935] [ 80 ea 04 05 ] 0x40001934: eor.w r5, r0, r4>>> r5=0x43 r0=0x88 r4=0x44
### Trace Instruction [libnative-lib.so] [0x01939] [       20 46 ] 0x40001938: mov r0, r4>>> r0=0x88 r4=0x44
### Trace Instruction [libnative-lib.so] [0x0193b] [ ff f7 dd ff ] 0x4000193a: bl #0x400018f8>>>
### Trace Instruction [libnative-lib.so] [0x018f9] [       01 06 ] 0x400018f8: lsls r1, r0, #0x18>>> r1=0x4000191f r0=0x44
### Trace Instruction [libnative-lib.so] [0x018fb] [ 4f ea 40 01 ] 0x400018fa: lsl.w r1, r0, #1>>> r1=0x44000000 r0=0x44
### Trace Instruction [libnative-lib.so] [0x018ff] [       c9 b2 ] 0x400018fe: uxtb r1, r1>>> r1=0x88 r1=0x88
### Trace Instruction [libnative-lib.so] [0x01901] [ 81 f0 1b 01 ] 0x40001900: eor r1, r1, #0x1b>>> r1=0x88 r1=0x88
### Trace Instruction [libnative-lib.so] [0x01905] [       58 bf ] 0x40001904: it pl>>>
### Trace Instruction [libnative-lib.so] [0x01907] [       41 00 ] 0x40001906: lsls r1, r0, #1>>> r1=0x93 r0=0x44
### Trace Instruction [libnative-lib.so] [0x01909] [       08 06 ] 0x40001908: lsls r0, r1, #0x18>>> r0=0x44 r1=0x88
### Trace Instruction [libnative-lib.so] [0x0190b] [ 4f ea 41 00 ] 0x4000190a: lsl.w r0, r1, #1>>> r0=0x88000000 r1=0x88
### Trace Instruction [libnative-lib.so] [0x0190f] [       c0 b2 ] 0x4000190e: uxtb r0, r0>>> r0=0x110 r0=0x110
### Trace Instruction [libnative-lib.so] [0x01911] [ 80 f0 1b 00 ] 0x40001910: eor r0, r0, #0x1b>>> r0=0x10 r0=0x10
### Trace Instruction [libnative-lib.so] [0x01915] [       58 bf ] 0x40001914: it pl>>>
### Trace Instruction [libnative-lib.so] [0x01919] [       48 40 ] 0x40001918: eors r0, r1>>> r0=0xb r1=0x88
### Trace Instruction [libnative-lib.so] [0x0191b] [ ff f7 db bf ] 0x4000191a: b.w #0x400018d4>>>
### Trace Instruction [libnative-lib.so] [0x018d5] [       01 06 ] 0x400018d4: lsls r1, r0, #0x18>>> r1=0x88 r0=0x83
### Trace Instruction [libnative-lib.so] [0x018d7] [ 4f ea 40 01 ] 0x400018d6: lsl.w r1, r0, #1>>> r1=0x83000000 r0=0x83
### Trace Instruction [libnative-lib.so] [0x018db] [       c9 b2 ] 0x400018da: uxtb r1, r1>>> r1=0x106 r1=0x106
### Trace Instruction [libnative-lib.so] [0x018dd] [ 81 f0 1b 01 ] 0x400018dc: eor r1, r1, #0x1b>>> r1=0x6 r1=0x6
### Trace Instruction [libnative-lib.so] [0x018e1] [       58 bf ] 0x400018e0: it pl>>>
### Trace Instruction [libnative-lib.so] [0x018e5] [       08 06 ] 0x400018e4: lsls r0, r1, #0x18>>> r0=0x83 r1=0x1d
### Trace Instruction [libnative-lib.so] [0x018e7] [ 4f ea 41 00 ] 0x400018e6: lsl.w r0, r1, #1>>> r0=0x1d000000 r1=0x1d
### Trace Instruction [libnative-lib.so] [0x018eb] [       c0 b2 ] 0x400018ea: uxtb r0, r0>>> r0=0x3a r0=0x3a
### Trace Instruction [libnative-lib.so] [0x018ed] [ 80 f0 1b 00 ] 0x400018ec: eor r0, r0, #0x1b>>> r0=0x3a r0=0x3a
### Trace Instruction [libnative-lib.so] [0x018f1] [       58 bf ] 0x400018f0: it pl>>>
### Trace Instruction [libnative-lib.so] [0x018f3] [       48 00 ] 0x400018f2: lsls r0, r1, #1>>> r0=0x21 r1=0x1d
### Trace Instruction [libnative-lib.so] [0x018f5] [       48 40 ] 0x400018f4: eors r0, r1>>> r0=0x3a r1=0x1d
### Trace Instruction [libnative-lib.so] [0x018f7] [       70 47 ] 0x400018f6: bx lr>>>
### Trace Instruction [libnative-lib.so] [0x0193f] [       45 40 ] 0x4000193e: eors r5, r0>>> r5=0xcc r0=0x27
### Trace Instruction [libnative-lib.so] [0x01941] [       20 46 ] 0x40001940: mov r0, r4>>> r0=0x27 r4=0x44
### Trace Instruction [libnative-lib.so] [0x01943] [ ff f7 c7 ff ] 0x40001942: bl #0x400018d4>>>
### Trace Instruction [libnative-lib.so] [0x018d5] [       01 06 ] 0x400018d4: lsls r1, r0, #0x18>>> r1=0x1d r0=0x44
### Trace Instruction [libnative-lib.so] [0x018d7] [ 4f ea 40 01 ] 0x400018d6: lsl.w r1, r0, #1>>> r1=0x44000000 r0=0x44
### Trace Instruction [libnative-lib.so] [0x018db] [       c9 b2 ] 0x400018da: uxtb r1, r1>>> r1=0x88 r1=0x88
### Trace Instruction [libnative-lib.so] [0x018dd] [ 81 f0 1b 01 ] 0x400018dc: eor r1, r1, #0x1b>>> r1=0x88 r1=0x88
### Trace Instruction [libnative-lib.so] [0x018e1] [       58 bf ] 0x400018e0: it pl>>>
### Trace Instruction [libnative-lib.so] [0x018e3] [       41 00 ] 0x400018e2: lsls r1, r0, #1>>> r1=0x93 r0=0x44
### Trace Instruction [libnative-lib.so] [0x018e5] [       08 06 ] 0x400018e4: lsls r0, r1, #0x18>>> r0=0x44 r1=0x88
### Trace Instruction [libnative-lib.so] [0x018e7] [ 4f ea 41 00 ] 0x400018e6: lsl.w r0, r1, #1>>> r0=0x88000000 r1=0x88
### Trace Instruction [libnative-lib.so] [0x018eb] [       c0 b2 ] 0x400018ea: uxtb r0, r0>>> r0=0x110 r0=0x110
### Trace Instruction [libnative-lib.so] [0x018ed] [ 80 f0 1b 00 ] 0x400018ec: eor r0, r0, #0x1b>>> r0=0x10 r0=0x10
### Trace Instruction [libnative-lib.so] [0x018f1] [       58 bf ] 0x400018f0: it pl>>>
### Trace Instruction [libnative-lib.so] [0x018f5] [       48 40 ] 0x400018f4: eors r0, r1>>> r0=0xb r1=0x88
### Trace Instruction [libnative-lib.so] [0x018f7] [       70 47 ] 0x400018f6: bx lr>>>
### Trace Instruction [libnative-lib.so] [0x01947] [       68 40 ] 0x40001946: eors r0, r5>>> r0=0x83 r5=0xeb
### Trace Instruction [libnative-lib.so] [0x01949] [       b0 bd ] 0x40001948: pop {r4, r5, r7, pc}>>> r4=0x44 r5=0xeb r7=0xbffff5a8 pc=0x40001948
### Trace Instruction [libnative-lib.so] [0x019ad] [       06 90 ] 0x400019ac: str r0, [sp, #0x18]>>> r0=0x68
### Trace Instruction [libnative-lib.so] [0x019af] [       58 46 ] 0x400019ae: mov r0, fp>>> r0=0x68 fp=0x32
### Trace Instruction [libnative-lib.so] [0x019b1] [       c8 47 ] 0x400019b0: blx sb>>> sb=0x400018f9
### Trace Instruction [libnative-lib.so] [0x018f9] [       01 06 ] 0x400018f8: lsls r1, r0, #0x18>>> r1=0x88 r0=0x32
### Trace Instruction [libnative-lib.so] [0x018fb] [ 4f ea 40 01 ] 0x400018fa: lsl.w r1, r0, #1>>> r1=0x32000000 r0=0x32
### Trace Instruction [libnative-lib.so] [0x018ff] [       c9 b2 ] 0x400018fe: uxtb r1, r1>>> r1=0x64 r1=0x64
### Trace Instruction [libnative-lib.so] [0x01901] [ 81 f0 1b 01 ] 0x40001900: eor r1, r1, #0x1b>>> r1=0x64 r1=0x64
### Trace Instruction [libnative-lib.so] [0x01905] [       58 bf ] 0x40001904: it pl>>>
### Trace Instruction [libnative-lib.so] [0x01907] [       41 00 ] 0x40001906: lsls r1, r0, #1>>> r1=0x7f r0=0x32
### Trace Instruction [libnative-lib.so] [0x01909] [       08 06 ] 0x40001908: lsls r0, r1, #0x18>>> r0=0x32 r1=0x64
### Trace Instruction [libnative-lib.so] [0x0190b] [ 4f ea 41 00 ] 0x4000190a: lsl.w r0, r1, #1>>> r0=0x64000000 r1=0x64
### Trace Instruction [libnative-lib.so] [0x0190f] [       c0 b2 ] 0x4000190e: uxtb r0, r0>>> r0=0xc8 r0=0xc8
### Trace Instruction [libnative-lib.so] [0x01911] [ 80 f0 1b 00 ] 0x40001910: eor r0, r0, #0x1b>>> r0=0xc8 r0=0xc8
### Trace Instruction [libnative-lib.so] [0x01915] [       58 bf ] 0x40001914: it pl>>>
### Trace Instruction [libnative-lib.so] [0x01917] [       48 00 ] 0x40001916: lsls r0, r1, #1>>> r0=0xd3 r1=0x64
### Trace Instruction [libnative-lib.so] [0x01919] [       48 40 ] 0x40001918: eors r0, r1>>> r0=0xc8 r1=0x64
### Trace Instruction [libnative-lib.so] [0x0191b] [ ff f7 db bf ] 0x4000191a: b.w #0x400018d4>>>
### Trace Instruction [libnative-lib.so] [0x018d5] [       01 06 ] 0x400018d4: lsls r1, r0, #0x18>>> r1=0x64 r0=0xac
### Trace Instruction [libnative-lib.so] [0x018d7] [ 4f ea 40 01 ] 0x400018d6: lsl.w r1, r0, #1>>> r1=0xac000000 r0=0xac
### Trace Instruction [libnative-lib.so] [0x018db] [       c9 b2 ] 0x400018da: uxtb r1, r1>>> r1=0x158 r1=0x158
### Trace Instruction [libnative-lib.so] [0x018dd] [ 81 f0 1b 01 ] 0x400018dc: eor r1, r1, #0x1b>>> r1=0x58 r1=0x58
### Trace Instruction [libnative-lib.so] [0x018e1] [       58 bf ] 0x400018e0: it pl>>>
### Trace Instruction [libnative-lib.so] [0x018e5] [       08 06 ] 0x400018e4: lsls r0, r1, #0x18>>> r0=0xac r1=0x43
### Trace Instruction [libnative-lib.so] [0x018e7] [ 4f ea 41 00 ] 0x400018e6: lsl.w r0, r1, #1>>> r0=0x43000000 r1=0x43
### Trace Instruction [libnative-lib.so] [0x018eb] [       c0 b2 ] 0x400018ea: uxtb r0, r0>>> r0=0x86 r0=0x86
### Trace Instruction [libnative-lib.so] [0x018ed] [ 80 f0 1b 00 ] 0x400018ec: eor r0, r0, #0x1b>>> r0=0x86 r0=0x86
### Trace Instruction [libnative-lib.so] [0x018f1] [       58 bf ] 0x400018f0: it pl>>>
### Trace Instruction [libnative-lib.so] [0x018f3] [       48 00 ] 0x400018f2: lsls r0, r1, #1>>> r0=0x9d r1=0x43
### Trace Instruction [libnative-lib.so] [0x018f5] [       48 40 ] 0x400018f4: eors r0, r1>>> r0=0x86 r1=0x43
### Trace Instruction [libnative-lib.so] [0x018f7] [       70 47 ] 0x400018f6: bx lr>>>
### Trace Instruction [libnative-lib.so] [0x019b3] [       05 90 ] 0x400019b2: str r0, [sp, #0x14]>>> r0=0xc5
### Trace Instruction [libnative-lib.so] [0x019b5] [       50 46 ] 0x400019b4: mov r0, sl>>> r0=0xc5 sl=0x44
### Trace Instruction [libnative-lib.so] [0x019b7] [       b0 47 ] 0x400019b6: blx r6>>> r6=0x400018d5
### Trace Instruction [libnative-lib.so] [0x018d5] [       01 06 ] 0x400018d4: lsls r1, r0, #0x18>>> r1=0x43 r0=0x44
### Trace Instruction [libnative-lib.so] [0x018d7] [ 4f ea 40 01 ] 0x400018d6: lsl.w r1, r0, #1>>> r1=0x44000000 r0=0x44
### Trace Instruction [libnative-lib.so] [0x018db] [       c9 b2 ] 0x400018da: uxtb r1, r1>>> r1=0x88 r1=0x88
### Trace Instruction [libnative-lib.so] [0x018dd] [ 81 f0 1b 01 ] 0x400018dc: eor r1, r1, #0x1b>>> r1=0x88 r1=0x88
### Trace Instruction [libnative-lib.so] [0x018e1] [       58 bf ] 0x400018e0: it pl>>>
### Trace Instruction [libnative-lib.so] [0x018e3] [       41 00 ] 0x400018e2: lsls r1, r0, #1>>> r1=0x93 r0=0x44
### Trace Instruction [libnative-lib.so] [0x018e5] [       08 06 ] 0x400018e4: lsls r0, r1, #0x18>>> r0=0x44 r1=0x88
### Trace Instruction [libnative-lib.so] [0x018e7] [ 4f ea 41 00 ] 0x400018e6: lsl.w r0, r1, #1>>> r0=0x88000000 r1=0x88
### Trace Instruction [libnative-lib.so] [0x018eb] [       c0 b2 ] 0x400018ea: uxtb r0, r0>>> r0=0x110 r0=0x110
### Trace Instruction [libnative-lib.so] [0x018ed] [ 80 f0 1b 00 ] 0x400018ec: eor r0, r0, #0x1b>>> r0=0x10 r0=0x10
### Trace Instruction [libnative-lib.so] [0x018f1] [       58 bf ] 0x400018f0: it pl>>>
### Trace Instruction [libnative-lib.so] [0x018f5] [       48 40 ] 0x400018f4: eors r0, r1>>> r0=0xb r1=0x88
### Trace Instruction [libnative-lib.so] [0x018f7] [       70 47 ] 0x400018f6: bx lr>>>
### Trace Instruction [libnative-lib.so] [0x019b9] [       04 90 ] 0x400019b8: str r0, [sp, #0x10]>>> r0=0x83
### Trace Instruction [libnative-lib.so] [0x019bb] [       28 46 ] 0x400019ba: mov r0, r5>>> r0=0x83 r5=0x43
### Trace Instruction [libnative-lib.so] [0x019bd] [       b0 47 ] 0x400019bc: blx r6>>> r6=0x400018d5
### Trace Instruction [libnative-lib.so] [0x018d5] [       01 06 ] 0x400018d4: lsls r1, r0, #0x18>>> r1=0x88 r0=0x43
### Trace Instruction [libnative-lib.so] [0x018d7] [ 4f ea 40 01 ] 0x400018d6: lsl.w r1, r0, #1>>> r1=0x43000000 r0=0x43
### Trace Instruction [libnative-lib.so] [0x018db] [       c9 b2 ] 0x400018da: uxtb r1, r1>>> r1=0x86 r1=0x86
### Trace Instruction [libnative-lib.so] [0x018dd] [ 81 f0 1b 01 ] 0x400018dc: eor r1, r1, #0x1b>>> r1=0x86 r1=0x86
### Trace Instruction [libnative-lib.so] [0x018e1] [       58 bf ] 0x400018e0: it pl>>>
### Trace Instruction [libnative-lib.so] [0x018e3] [       41 00 ] 0x400018e2: lsls r1, r0, #1>>> r1=0x9d r0=0x43
### Trace Instruction [libnative-lib.so] [0x018e5] [       08 06 ] 0x400018e4: lsls r0, r1, #0x18>>> r0=0x43 r1=0x86
### Trace Instruction [libnative-lib.so] [0x018e7] [ 4f ea 41 00 ] 0x400018e6: lsl.w r0, r1, #1>>> r0=0x86000000 r1=0x86
### Trace Instruction [libnative-lib.so] [0x018eb] [       c0 b2 ] 0x400018ea: uxtb r0, r0>>> r0=0x10c r0=0x10c
### Trace Instruction [libnative-lib.so] [0x018ed] [ 80 f0 1b 00 ] 0x400018ec: eor r0, r0, #0x1b>>> r0=0xc r0=0xc
### Trace Instruction [libnative-lib.so] [0x018f1] [       58 bf ] 0x400018f0: it pl>>>
### Trace Instruction [libnative-lib.so] [0x018f5] [       48 40 ] 0x400018f4: eors r0, r1>>> r0=0x17 r1=0x86
### Trace Instruction [libnative-lib.so] [0x018f7] [       70 47 ] 0x400018f6: bx lr>>>
### Trace Instruction [libnative-lib.so] [0x019bf] [       03 99 ] 0x400019be: ldr r1, [sp, #0xc]>>> r1=0x86
### Trace Instruction [libnative-lib.so] [0x019c1] [ 81 ea 00 09 ] 0x400019c0: eor.w sb, r1, r0>>> sb=0x400018f9 r1=0xcc r0=0x91
### Trace Instruction [libnative-lib.so] [0x019c5] [       0a 99 ] 0x400019c4: ldr r1, [sp, #0x28]>>> r1=0xcc
### Trace Instruction [libnative-lib.so] [0x019c7] [       58 46 ] 0x400019c6: mov r0, fp>>> r0=0x91 fp=0x32
### Trace Instruction [libnative-lib.so] [0x019c9] [       88 47 ] 0x400019c8: blx r1>>> r1=0x4000191f
### Trace Instruction [libnative-lib.so] [0x0191f] [       b0 b5 ] 0x4000191e: push {r4, r5, r7, lr}>>> r4=0xbffff620 r5=0x43 r7=0xbffff5f8
### Trace Instruction [libnative-lib.so] [0x01921] [       02 af ] 0x40001920: add r7, sp, #8>>> r7=0xbffff5f8
### Trace Instruction [libnative-lib.so] [0x01923] [       04 46 ] 0x40001922: mov r4, r0>>> r4=0xbffff620 r0=0x32
### Trace Instruction [libnative-lib.so] [0x01925] [       00 06 ] 0x40001924: lsls r0, r0, #0x18>>> r0=0x32 r0=0x32
### Trace Instruction [libnative-lib.so] [0x01927] [ 4f ea 44 00 ] 0x40001926: lsl.w r0, r4, #1>>> r0=0x32000000 r4=0x32
### Trace Instruction [libnative-lib.so] [0x0192b] [       c0 b2 ] 0x4000192a: uxtb r0, r0>>> r0=0x64 r0=0x64
### Trace Instruction [libnative-lib.so] [0x0192d] [ 80 f0 1b 00 ] 0x4000192c: eor r0, r0, #0x1b>>> r0=0x64 r0=0x64
### Trace Instruction [libnative-lib.so] [0x01931] [       58 bf ] 0x40001930: it pl>>>
### Trace Instruction [libnative-lib.so] [0x01933] [       60 00 ] 0x40001932: lsls r0, r4, #1>>> r0=0x7f r4=0x32
### Trace Instruction [libnative-lib.so] [0x01935] [ 80 ea 04 05 ] 0x40001934: eor.w r5, r0, r4>>> r5=0x43 r0=0x64 r4=0x32
### Trace Instruction [libnative-lib.so] [0x01939] [       20 46 ] 0x40001938: mov r0, r4>>> r0=0x64 r4=0x32
### Trace Instruction [libnative-lib.so] [0x0193b] [ ff f7 dd ff ] 0x4000193a: bl #0x400018f8>>>
### Trace Instruction [libnative-lib.so] [0x018f9] [       01 06 ] 0x400018f8: lsls r1, r0, #0x18>>> r1=0x4000191f r0=0x32
### Trace Instruction [libnative-lib.so] [0x018fb] [ 4f ea 40 01 ] 0x400018fa: lsl.w r1, r0, #1>>> r1=0x32000000 r0=0x32
### Trace Instruction [libnative-lib.so] [0x018ff] [       c9 b2 ] 0x400018fe: uxtb r1, r1>>> r1=0x64 r1=0x64
### Trace Instruction [libnative-lib.so] [0x01901] [ 81 f0 1b 01 ] 0x40001900: eor r1, r1, #0x1b>>> r1=0x64 r1=0x64
### Trace Instruction [libnative-lib.so] [0x01905] [       58 bf ] 0x40001904: it pl>>>
### Trace Instruction [libnative-lib.so] [0x01907] [       41 00 ] 0x40001906: lsls r1, r0, #1>>> r1=0x7f r0=0x32
### Trace Instruction [libnative-lib.so] [0x01909] [       08 06 ] 0x40001908: lsls r0, r1, #0x18>>> r0=0x32 r1=0x64
### Trace Instruction [libnative-lib.so] [0x0190b] [ 4f ea 41 00 ] 0x4000190a: lsl.w r0, r1, #1>>> r0=0x64000000 r1=0x64
### Trace Instruction [libnative-lib.so] [0x0190f] [       c0 b2 ] 0x4000190e: uxtb r0, r0>>> r0=0xc8 r0=0xc8
### Trace Instruction [libnative-lib.so] [0x01911] [ 80 f0 1b 00 ] 0x40001910: eor r0, r0, #0x1b>>> r0=0xc8 r0=0xc8
### Trace Instruction [libnative-lib.so] [0x01915] [       58 bf ] 0x40001914: it pl>>>
### Trace Instruction [libnative-lib.so] [0x01917] [       48 00 ] 0x40001916: lsls r0, r1, #1>>> r0=0xd3 r1=0x64
### Trace Instruction [libnative-lib.so] [0x01919] [       48 40 ] 0x40001918: eors r0, r1>>> r0=0xc8 r1=0x64
### Trace Instruction [libnative-lib.so] [0x0191b] [ ff f7 db bf ] 0x4000191a: b.w #0x400018d4>>>
### Trace Instruction [libnative-lib.so] [0x018d5] [       01 06 ] 0x400018d4: lsls r1, r0, #0x18>>> r1=0x64 r0=0xac
### Trace Instruction [libnative-lib.so] [0x018d7] [ 4f ea 40 01 ] 0x400018d6: lsl.w r1, r0, #1>>> r1=0xac000000 r0=0xac
### Trace Instruction [libnative-lib.so] [0x018db] [       c9 b2 ] 0x400018da: uxtb r1, r1>>> r1=0x158 r1=0x158
### Trace Instruction [libnative-lib.so] [0x018dd] [ 81 f0 1b 01 ] 0x400018dc: eor r1, r1, #0x1b>>> r1=0x58 r1=0x58
### Trace Instruction [libnative-lib.so] [0x018e1] [       58 bf ] 0x400018e0: it pl>>>
### Trace Instruction [libnative-lib.so] [0x018e5] [       08 06 ] 0x400018e4: lsls r0, r1, #0x18>>> r0=0xac r1=0x43
### Trace Instruction [libnative-lib.so] [0x018e7] [ 4f ea 41 00 ] 0x400018e6: lsl.w r0, r1, #1>>> r0=0x43000000 r1=0x43
### Trace Instruction [libnative-lib.so] [0x018eb] [       c0 b2 ] 0x400018ea: uxtb r0, r0>>> r0=0x86 r0=0x86
### Trace Instruction [libnative-lib.so] [0x018ed] [ 80 f0 1b 00 ] 0x400018ec: eor r0, r0, #0x1b>>> r0=0x86 r0=0x86
### Trace Instruction [libnative-lib.so] [0x018f1] [       58 bf ] 0x400018f0: it pl>>>
### Trace Instruction [libnative-lib.so] [0x018f3] [       48 00 ] 0x400018f2: lsls r0, r1, #1>>> r0=0x9d r1=0x43
### Trace Instruction [libnative-lib.so] [0x018f5] [       48 40 ] 0x400018f4: eors r0, r1>>> r0=0x86 r1=0x43
### Trace Instruction [libnative-lib.so] [0x018f7] [       70 47 ] 0x400018f6: bx lr>>>
### Trace Instruction [libnative-lib.so] [0x0193f] [       45 40 ] 0x4000193e: eors r5, r0>>> r5=0x56 r0=0xc5
### Trace Instruction [libnative-lib.so] [0x01941] [       20 46 ] 0x40001940: mov r0, r4>>> r0=0xc5 r4=0x32
### Trace Instruction [libnative-lib.so] [0x01943] [ ff f7 c7 ff ] 0x40001942: bl #0x400018d4>>>
### Trace Instruction [libnative-lib.so] [0x018d5] [       01 06 ] 0x400018d4: lsls r1, r0, #0x18>>> r1=0x43 r0=0x32
### Trace Instruction [libnative-lib.so] [0x018d7] [ 4f ea 40 01 ] 0x400018d6: lsl.w r1, r0, #1>>> r1=0x32000000 r0=0x32
### Trace Instruction [libnative-lib.so] [0x018db] [       c9 b2 ] 0x400018da: uxtb r1, r1>>> r1=0x64 r1=0x64
### Trace Instruction [libnative-lib.so] [0x018dd] [ 81 f0 1b 01 ] 0x400018dc: eor r1, r1, #0x1b>>> r1=0x64 r1=0x64
### Trace Instruction [libnative-lib.so] [0x018e1] [       58 bf ] 0x400018e0: it pl>>>
### Trace Instruction [libnative-lib.so] [0x018e3] [       41 00 ] 0x400018e2: lsls r1, r0, #1>>> r1=0x7f r0=0x32
### Trace Instruction [libnative-lib.so] [0x018e5] [       08 06 ] 0x400018e4: lsls r0, r1, #0x18>>> r0=0x32 r1=0x64
### Trace Instruction [libnative-lib.so] [0x018e7] [ 4f ea 41 00 ] 0x400018e6: lsl.w r0, r1, #1>>> r0=0x64000000 r1=0x64
### Trace Instruction [libnative-lib.so] [0x018eb] [       c0 b2 ] 0x400018ea: uxtb r0, r0>>> r0=0xc8 r0=0xc8
### Trace Instruction [libnative-lib.so] [0x018ed] [ 80 f0 1b 00 ] 0x400018ec: eor r0, r0, #0x1b>>> r0=0xc8 r0=0xc8
### Trace Instruction [libnative-lib.so] [0x018f1] [       58 bf ] 0x400018f0: it pl>>>
### Trace Instruction [libnative-lib.so] [0x018f3] [       48 00 ] 0x400018f2: lsls r0, r1, #1>>> r0=0xd3 r1=0x64
### Trace Instruction [libnative-lib.so] [0x018f5] [       48 40 ] 0x400018f4: eors r0, r1>>> r0=0xc8 r1=0x64
### Trace Instruction [libnative-lib.so] [0x018f7] [       70 47 ] 0x400018f6: bx lr>>>
### Trace Instruction [libnative-lib.so] [0x01947] [       68 40 ] 0x40001946: eors r0, r5>>> r0=0xac r5=0x93
### Trace Instruction [libnative-lib.so] [0x01949] [       b0 bd ] 0x40001948: pop {r4, r5, r7, pc}>>> r4=0x32 r5=0x93 r7=0xbffff5a8 pc=0x40001948
### Trace Instruction [libnative-lib.so] [0x019cb] [ 89 ea 00 06 ] 0x400019ca: eor.w r6, sb, r0>>> r6=0x400018d5 sb=0x5d r0=0x3f
### Trace Instruction [libnative-lib.so] [0x019cf] [ dd f8 04 90 ] 0x400019ce: ldr.w sb, [sp, #4]>>> sb=0x5d
### Trace Instruction [libnative-lib.so] [0x019d3] [       50 46 ] 0x400019d2: mov r0, sl>>> r0=0x3f sl=0x44
### Trace Instruction [libnative-lib.so] [0x019d5] [       c8 47 ] 0x400019d4: blx sb>>> sb=0x400018f9
### Trace Instruction [libnative-lib.so] [0x018f9] [       01 06 ] 0x400018f8: lsls r1, r0, #0x18>>> r1=0x64 r0=0x44
### Trace Instruction [libnative-lib.so] [0x018fb] [ 4f ea 40 01 ] 0x400018fa: lsl.w r1, r0, #1>>> r1=0x44000000 r0=0x44
### Trace Instruction [libnative-lib.so] [0x018ff] [       c9 b2 ] 0x400018fe: uxtb r1, r1>>> r1=0x88 r1=0x88
### Trace Instruction [libnative-lib.so] [0x01901] [ 81 f0 1b 01 ] 0x40001900: eor r1, r1, #0x1b>>> r1=0x88 r1=0x88
### Trace Instruction [libnative-lib.so] [0x01905] [       58 bf ] 0x40001904: it pl>>>
### Trace Instruction [libnative-lib.so] [0x01907] [       41 00 ] 0x40001906: lsls r1, r0, #1>>> r1=0x93 r0=0x44
### Trace Instruction [libnative-lib.so] [0x01909] [       08 06 ] 0x40001908: lsls r0, r1, #0x18>>> r0=0x44 r1=0x88
### Trace Instruction [libnative-lib.so] [0x0190b] [ 4f ea 41 00 ] 0x4000190a: lsl.w r0, r1, #1>>> r0=0x88000000 r1=0x88
### Trace Instruction [libnative-lib.so] [0x0190f] [       c0 b2 ] 0x4000190e: uxtb r0, r0>>> r0=0x110 r0=0x110
### Trace Instruction [libnative-lib.so] [0x01911] [ 80 f0 1b 00 ] 0x40001910: eor r0, r0, #0x1b>>> r0=0x10 r0=0x10
### Trace Instruction [libnative-lib.so] [0x01915] [       58 bf ] 0x40001914: it pl>>>
### Trace Instruction [libnative-lib.so] [0x01919] [       48 40 ] 0x40001918: eors r0, r1>>> r0=0xb r1=0x88
### Trace Instruction [libnative-lib.so] [0x0191b] [ ff f7 db bf ] 0x4000191a: b.w #0x400018d4>>>
### Trace Instruction [libnative-lib.so] [0x018d5] [       01 06 ] 0x400018d4: lsls r1, r0, #0x18>>> r1=0x88 r0=0x83
### Trace Instruction [libnative-lib.so] [0x018d7] [ 4f ea 40 01 ] 0x400018d6: lsl.w r1, r0, #1>>> r1=0x83000000 r0=0x83
### Trace Instruction [libnative-lib.so] [0x018db] [       c9 b2 ] 0x400018da: uxtb r1, r1>>> r1=0x106 r1=0x106
### Trace Instruction [libnative-lib.so] [0x018dd] [ 81 f0 1b 01 ] 0x400018dc: eor r1, r1, #0x1b>>> r1=0x6 r1=0x6
### Trace Instruction [libnative-lib.so] [0x018e1] [       58 bf ] 0x400018e0: it pl>>>
### Trace Instruction [libnative-lib.so] [0x018e5] [       08 06 ] 0x400018e4: lsls r0, r1, #0x18>>> r0=0x83 r1=0x1d
### Trace Instruction [libnative-lib.so] [0x018e7] [ 4f ea 41 00 ] 0x400018e6: lsl.w r0, r1, #1>>> r0=0x1d000000 r1=0x1d
### Trace Instruction [libnative-lib.so] [0x018eb] [       c0 b2 ] 0x400018ea: uxtb r0, r0>>> r0=0x3a r0=0x3a
### Trace Instruction [libnative-lib.so] [0x018ed] [ 80 f0 1b 00 ] 0x400018ec: eor r0, r0, #0x1b>>> r0=0x3a r0=0x3a
### Trace Instruction [libnative-lib.so] [0x018f1] [       58 bf ] 0x400018f0: it pl>>>
### Trace Instruction [libnative-lib.so] [0x018f3] [       48 00 ] 0x400018f2: lsls r0, r1, #1>>> r0=0x21 r1=0x1d
### Trace Instruction [libnative-lib.so] [0x018f5] [       48 40 ] 0x400018f4: eors r0, r1>>> r0=0x3a r1=0x1d
### Trace Instruction [libnative-lib.so] [0x018f7] [       70 47 ] 0x400018f6: bx lr>>>
### Trace Instruction [libnative-lib.so] [0x019d7] [       46 40 ] 0x400019d6: eors r6, r0>>> r6=0x62 r0=0x27
### Trace Instruction [libnative-lib.so] [0x019d9] [       28 46 ] 0x400019d8: mov r0, r5>>> r0=0x27 r5=0x43
### Trace Instruction [libnative-lib.so] [0x019db] [       c8 47 ] 0x400019da: blx sb>>> sb=0x400018f9
### Trace Instruction [libnative-lib.so] [0x018f9] [       01 06 ] 0x400018f8: lsls r1, r0, #0x18>>> r1=0x1d r0=0x43
### Trace Instruction [libnative-lib.so] [0x018fb] [ 4f ea 40 01 ] 0x400018fa: lsl.w r1, r0, #1>>> r1=0x43000000 r0=0x43
### Trace Instruction [libnative-lib.so] [0x018ff] [       c9 b2 ] 0x400018fe: uxtb r1, r1>>> r1=0x86 r1=0x86
### Trace Instruction [libnative-lib.so] [0x01901] [ 81 f0 1b 01 ] 0x40001900: eor r1, r1, #0x1b>>> r1=0x86 r1=0x86
### Trace Instruction [libnative-lib.so] [0x01905] [       58 bf ] 0x40001904: it pl>>>
### Trace Instruction [libnative-lib.so] [0x01907] [       41 00 ] 0x40001906: lsls r1, r0, #1>>> r1=0x9d r0=0x43
### Trace Instruction [libnative-lib.so] [0x01909] [       08 06 ] 0x40001908: lsls r0, r1, #0x18>>> r0=0x43 r1=0x86
### Trace Instruction [libnative-lib.so] [0x0190b] [ 4f ea 41 00 ] 0x4000190a: lsl.w r0, r1, #1>>> r0=0x86000000 r1=0x86
### Trace Instruction [libnative-lib.so] [0x0190f] [       c0 b2 ] 0x4000190e: uxtb r0, r0>>> r0=0x10c r0=0x10c
### Trace Instruction [libnative-lib.so] [0x01911] [ 80 f0 1b 00 ] 0x40001910: eor r0, r0, #0x1b>>> r0=0xc r0=0xc
### Trace Instruction [libnative-lib.so] [0x01915] [       58 bf ] 0x40001914: it pl>>>
### Trace Instruction [libnative-lib.so] [0x01919] [       48 40 ] 0x40001918: eors r0, r1>>> r0=0x17 r1=0x86
### Trace Instruction [libnative-lib.so] [0x0191b] [ ff f7 db bf ] 0x4000191a: b.w #0x400018d4>>>
### Trace Instruction [libnative-lib.so] [0x018d5] [       01 06 ] 0x400018d4: lsls r1, r0, #0x18>>> r1=0x86 r0=0x91
### Trace Instruction [libnative-lib.so] [0x018d7] [ 4f ea 40 01 ] 0x400018d6: lsl.w r1, r0, #1>>> r1=0x91000000 r0=0x91
### Trace Instruction [libnative-lib.so] [0x018db] [       c9 b2 ] 0x400018da: uxtb r1, r1>>> r1=0x122 r1=0x122
### Trace Instruction [libnative-lib.so] [0x018dd] [ 81 f0 1b 01 ] 0x400018dc: eor r1, r1, #0x1b>>> r1=0x22 r1=0x22
### Trace Instruction [libnative-lib.so] [0x018e1] [       58 bf ] 0x400018e0: it pl>>>
### Trace Instruction [libnative-lib.so] [0x018e5] [       08 06 ] 0x400018e4: lsls r0, r1, #0x18>>> r0=0x91 r1=0x39
### Trace Instruction [libnative-lib.so] [0x018e7] [ 4f ea 41 00 ] 0x400018e6: lsl.w r0, r1, #1>>> r0=0x39000000 r1=0x39
### Trace Instruction [libnative-lib.so] [0x018eb] [       c0 b2 ] 0x400018ea: uxtb r0, r0>>> r0=0x72 r0=0x72
### Trace Instruction [libnative-lib.so] [0x018ed] [ 80 f0 1b 00 ] 0x400018ec: eor r0, r0, #0x1b>>> r0=0x72 r0=0x72
### Trace Instruction [libnative-lib.so] [0x018f1] [       58 bf ] 0x400018f0: it pl>>>
### Trace Instruction [libnative-lib.so] [0x018f3] [       48 00 ] 0x400018f2: lsls r0, r1, #1>>> r0=0x69 r1=0x39
### Trace Instruction [libnative-lib.so] [0x018f5] [       48 40 ] 0x400018f4: eors r0, r1>>> r0=0x72 r1=0x39
### Trace Instruction [libnative-lib.so] [0x018f7] [       70 47 ] 0x400018f6: bx lr>>>
### Trace Instruction [libnative-lib.so] [0x019dd] [       02 99 ] 0x400019dc: ldr r1, [sp, #8]>>> r1=0x39
### Trace Instruction [libnative-lib.so] [0x019df] [       81 46 ] 0x400019de: mov sb, r0>>> sb=0x400018f9 r0=0x4b
### Trace Instruction [libnative-lib.so] [0x019e1] [       40 46 ] 0x400019e0: mov r0, r8>>> r0=0x4b r8=0x44
### Trace Instruction [libnative-lib.so] [0x019e3] [       88 47 ] 0x400019e2: blx r1>>> r1=0x400018d5
### Trace Instruction [libnative-lib.so] [0x018d5] [       01 06 ] 0x400018d4: lsls r1, r0, #0x18>>> r1=0x400018d5 r0=0x44
### Trace Instruction [libnative-lib.so] [0x018d7] [ 4f ea 40 01 ] 0x400018d6: lsl.w r1, r0, #1>>> r1=0x44000000 r0=0x44
### Trace Instruction [libnative-lib.so] [0x018db] [       c9 b2 ] 0x400018da: uxtb r1, r1>>> r1=0x88 r1=0x88
### Trace Instruction [libnative-lib.so] [0x018dd] [ 81 f0 1b 01 ] 0x400018dc: eor r1, r1, #0x1b>>> r1=0x88 r1=0x88
### Trace Instruction [libnative-lib.so] [0x018e1] [       58 bf ] 0x400018e0: it pl>>>
### Trace Instruction [libnative-lib.so] [0x018e3] [       41 00 ] 0x400018e2: lsls r1, r0, #1>>> r1=0x93 r0=0x44
### Trace Instruction [libnative-lib.so] [0x018e5] [       08 06 ] 0x400018e4: lsls r0, r1, #0x18>>> r0=0x44 r1=0x88
### Trace Instruction [libnative-lib.so] [0x018e7] [ 4f ea 41 00 ] 0x400018e6: lsl.w r0, r1, #1>>> r0=0x88000000 r1=0x88
### Trace Instruction [libnative-lib.so] [0x018eb] [       c0 b2 ] 0x400018ea: uxtb r0, r0>>> r0=0x110 r0=0x110
### Trace Instruction [libnative-lib.so] [0x018ed] [ 80 f0 1b 00 ] 0x400018ec: eor r0, r0, #0x1b>>> r0=0x10 r0=0x10
### Trace Instruction [libnative-lib.so] [0x018f1] [       58 bf ] 0x400018f0: it pl>>>
### Trace Instruction [libnative-lib.so] [0x018f5] [       48 40 ] 0x400018f4: eors r0, r1>>> r0=0xb r1=0x88
### Trace Instruction [libnative-lib.so] [0x018f7] [       70 47 ] 0x400018f6: bx lr>>>
### Trace Instruction [libnative-lib.so] [0x019e5] [       0a 99 ] 0x400019e4: ldr r1, [sp, #0x28]>>> r1=0x88
### Trace Instruction [libnative-lib.so] [0x019e7] [       80 46 ] 0x400019e6: mov r8, r0>>> r8=0x44 r0=0x83
### Trace Instruction [libnative-lib.so] [0x019e9] [       50 46 ] 0x400019e8: mov r0, sl>>> r0=0x83 sl=0x44
### Trace Instruction [libnative-lib.so] [0x019eb] [       88 47 ] 0x400019ea: blx r1>>> r1=0x4000191f
### Trace Instruction [libnative-lib.so] [0x0191f] [       b0 b5 ] 0x4000191e: push {r4, r5, r7, lr}>>> r4=0xbffff620 r5=0x43 r7=0xbffff5f8
### Trace Instruction [libnative-lib.so] [0x01921] [       02 af ] 0x40001920: add r7, sp, #8>>> r7=0xbffff5f8
### Trace Instruction [libnative-lib.so] [0x01923] [       04 46 ] 0x40001922: mov r4, r0>>> r4=0xbffff620 r0=0x44
### Trace Instruction [libnative-lib.so] [0x01925] [       00 06 ] 0x40001924: lsls r0, r0, #0x18>>> r0=0x44 r0=0x44
### Trace Instruction [libnative-lib.so] [0x01927] [ 4f ea 44 00 ] 0x40001926: lsl.w r0, r4, #1>>> r0=0x44000000 r4=0x44
### Trace Instruction [libnative-lib.so] [0x0192b] [       c0 b2 ] 0x4000192a: uxtb r0, r0>>> r0=0x88 r0=0x88
### Trace Instruction [libnative-lib.so] [0x0192d] [ 80 f0 1b 00 ] 0x4000192c: eor r0, r0, #0x1b>>> r0=0x88 r0=0x88
### Trace Instruction [libnative-lib.so] [0x01931] [       58 bf ] 0x40001930: it pl>>>
### Trace Instruction [libnative-lib.so] [0x01933] [       60 00 ] 0x40001932: lsls r0, r4, #1>>> r0=0x93 r4=0x44
### Trace Instruction [libnative-lib.so] [0x01935] [ 80 ea 04 05 ] 0x40001934: eor.w r5, r0, r4>>> r5=0x43 r0=0x88 r4=0x44
### Trace Instruction [libnative-lib.so] [0x01939] [       20 46 ] 0x40001938: mov r0, r4>>> r0=0x88 r4=0x44
### Trace Instruction [libnative-lib.so] [0x0193b] [ ff f7 dd ff ] 0x4000193a: bl #0x400018f8>>>
### Trace Instruction [libnative-lib.so] [0x018f9] [       01 06 ] 0x400018f8: lsls r1, r0, #0x18>>> r1=0x4000191f r0=0x44
### Trace Instruction [libnative-lib.so] [0x018fb] [ 4f ea 40 01 ] 0x400018fa: lsl.w r1, r0, #1>>> r1=0x44000000 r0=0x44
### Trace Instruction [libnative-lib.so] [0x018ff] [       c9 b2 ] 0x400018fe: uxtb r1, r1>>> r1=0x88 r1=0x88
### Trace Instruction [libnative-lib.so] [0x01901] [ 81 f0 1b 01 ] 0x40001900: eor r1, r1, #0x1b>>> r1=0x88 r1=0x88
### Trace Instruction [libnative-lib.so] [0x01905] [       58 bf ] 0x40001904: it pl>>>
### Trace Instruction [libnative-lib.so] [0x01907] [       41 00 ] 0x40001906: lsls r1, r0, #1>>> r1=0x93 r0=0x44
### Trace Instruction [libnative-lib.so] [0x01909] [       08 06 ] 0x40001908: lsls r0, r1, #0x18>>> r0=0x44 r1=0x88
### Trace Instruction [libnative-lib.so] [0x0190b] [ 4f ea 41 00 ] 0x4000190a: lsl.w r0, r1, #1>>> r0=0x88000000 r1=0x88
### Trace Instruction [libnative-lib.so] [0x0190f] [       c0 b2 ] 0x4000190e: uxtb r0, r0>>> r0=0x110 r0=0x110
### Trace Instruction [libnative-lib.so] [0x01911] [ 80 f0 1b 00 ] 0x40001910: eor r0, r0, #0x1b>>> r0=0x10 r0=0x10
### Trace Instruction [libnative-lib.so] [0x01915] [       58 bf ] 0x40001914: it pl>>>
### Trace Instruction [libnative-lib.so] [0x01919] [       48 40 ] 0x40001918: eors r0, r1>>> r0=0xb r1=0x88
### Trace Instruction [libnative-lib.so] [0x0191b] [ ff f7 db bf ] 0x4000191a: b.w #0x400018d4>>>
### Trace Instruction [libnative-lib.so] [0x018d5] [       01 06 ] 0x400018d4: lsls r1, r0, #0x18>>> r1=0x88 r0=0x83
### Trace Instruction [libnative-lib.so] [0x018d7] [ 4f ea 40 01 ] 0x400018d6: lsl.w r1, r0, #1>>> r1=0x83000000 r0=0x83
### Trace Instruction [libnative-lib.so] [0x018db] [       c9 b2 ] 0x400018da: uxtb r1, r1>>> r1=0x106 r1=0x106
### Trace Instruction [libnative-lib.so] [0x018dd] [ 81 f0 1b 01 ] 0x400018dc: eor r1, r1, #0x1b>>> r1=0x6 r1=0x6
### Trace Instruction [libnative-lib.so] [0x018e1] [       58 bf ] 0x400018e0: it pl>>>
### Trace Instruction [libnative-lib.so] [0x018e5] [       08 06 ] 0x400018e4: lsls r0, r1, #0x18>>> r0=0x83 r1=0x1d
### Trace Instruction [libnative-lib.so] [0x018e7] [ 4f ea 41 00 ] 0x400018e6: lsl.w r0, r1, #1>>> r0=0x1d000000 r1=0x1d
### Trace Instruction [libnative-lib.so] [0x018eb] [       c0 b2 ] 0x400018ea: uxtb r0, r0>>> r0=0x3a r0=0x3a
### Trace Instruction [libnative-lib.so] [0x018ed] [ 80 f0 1b 00 ] 0x400018ec: eor r0, r0, #0x1b>>> r0=0x3a r0=0x3a
### Trace Instruction [libnative-lib.so] [0x018f1] [       58 bf ] 0x400018f0: it pl>>>
### Trace Instruction [libnative-lib.so] [0x018f3] [       48 00 ] 0x400018f2: lsls r0, r1, #1>>> r0=0x21 r1=0x1d
### Trace Instruction [libnative-lib.so] [0x018f5] [       48 40 ] 0x400018f4: eors r0, r1>>> r0=0x3a r1=0x1d
### Trace Instruction [libnative-lib.so] [0x018f7] [       70 47 ] 0x400018f6: bx lr>>>
### Trace Instruction [libnative-lib.so] [0x0193f] [       45 40 ] 0x4000193e: eors r5, r0>>> r5=0xcc r0=0x27
### Trace Instruction [libnative-lib.so] [0x01941] [       20 46 ] 0x40001940: mov r0, r4>>> r0=0x27 r4=0x44
### Trace Instruction [libnative-lib.so] [0x01943] [ ff f7 c7 ff ] 0x40001942: bl #0x400018d4>>>
### Trace Instruction [libnative-lib.so] [0x018d5] [       01 06 ] 0x400018d4: lsls r1, r0, #0x18>>> r1=0x1d r0=0x44
### Trace Instruction [libnative-lib.so] [0x018d7] [ 4f ea 40 01 ] 0x400018d6: lsl.w r1, r0, #1>>> r1=0x44000000 r0=0x44
### Trace Instruction [libnative-lib.so] [0x018db] [       c9 b2 ] 0x400018da: uxtb r1, r1>>> r1=0x88 r1=0x88
### Trace Instruction [libnative-lib.so] [0x018dd] [ 81 f0 1b 01 ] 0x400018dc: eor r1, r1, #0x1b>>> r1=0x88 r1=0x88
### Trace Instruction [libnative-lib.so] [0x018e1] [       58 bf ] 0x400018e0: it pl>>>
### Trace Instruction [libnative-lib.so] [0x018e3] [       41 00 ] 0x400018e2: lsls r1, r0, #1>>> r1=0x93 r0=0x44
### Trace Instruction [libnative-lib.so] [0x018e5] [       08 06 ] 0x400018e4: lsls r0, r1, #0x18>>> r0=0x44 r1=0x88
### Trace Instruction [libnative-lib.so] [0x018e7] [ 4f ea 41 00 ] 0x400018e6: lsl.w r0, r1, #1>>> r0=0x88000000 r1=0x88
### Trace Instruction [libnative-lib.so] [0x018eb] [       c0 b2 ] 0x400018ea: uxtb r0, r0>>> r0=0x110 r0=0x110
### Trace Instruction [libnative-lib.so] [0x018ed] [ 80 f0 1b 00 ] 0x400018ec: eor r0, r0, #0x1b>>> r0=0x10 r0=0x10
### Trace Instruction [libnative-lib.so] [0x018f1] [       58 bf ] 0x400018f0: it pl>>>
### Trace Instruction [libnative-lib.so] [0x018f5] [       48 40 ] 0x400018f4: eors r0, r1>>> r0=0xb r1=0x88
### Trace Instruction [libnative-lib.so] [0x018f7] [       70 47 ] 0x400018f6: bx lr>>>
### Trace Instruction [libnative-lib.so] [0x01947] [       68 40 ] 0x40001946: eors r0, r5>>> r0=0x83 r5=0xeb
### Trace Instruction [libnative-lib.so] [0x01949] [       b0 bd ] 0x40001948: pop {r4, r5, r7, pc}>>> r4=0x44 r5=0xeb r7=0xbffff5a8 pc=0x40001948
### Trace Instruction [libnative-lib.so] [0x019ed] [       29 06 ] 0x400019ec: lsls r1, r5, #0x18>>> r1=0x88 r5=0x43
### Trace Instruction [libnative-lib.so] [0x019ef] [       a6 60 ] 0x400019ee: str r6, [r4, #8]>>> r6=0x45 r4=0xbffff620
### Trace Instruction [libnative-lib.so] [0x019f1] [ 4f ea 45 01 ] 0x400019f0: lsl.w r1, r5, #1>>> r1=0x43000000 r5=0x43
### Trace Instruction [libnative-lib.so] [0x019f5] [       c9 b2 ] 0x400019f4: uxtb r1, r1>>> r1=0x86 r1=0x86
### Trace Instruction [libnative-lib.so] [0x019f7] [ 81 f0 1b 01 ] 0x400019f6: eor r1, r1, #0x1b>>> r1=0x86 r1=0x86
### Trace Instruction [libnative-lib.so] [0x019fb] [       58 bf ] 0x400019fa: it pl>>>
### Trace Instruction [libnative-lib.so] [0x019fd] [       69 00 ] 0x400019fc: lsls r1, r5, #1>>> r1=0x9d r5=0x43
### Trace Instruction [libnative-lib.so] [0x019ff] [       06 9a ] 0x400019fe: ldr r2, [sp, #0x18]>>> r2=0x0
### Trace Instruction [libnative-lib.so] [0x01a01] [       69 40 ] 0x40001a00: eors r1, r5>>> r1=0x86 r5=0x43
### Trace Instruction [libnative-lib.so] [0x01a03] [       51 40 ] 0x40001a02: eors r1, r2>>> r1=0xc5 r2=0x68
### Trace Instruction [libnative-lib.so] [0x01a05] [       05 9a ] 0x40001a04: ldr r2, [sp, #0x14]>>> r2=0x68
### Trace Instruction [libnative-lib.so] [0x01a07] [       51 40 ] 0x40001a06: eors r1, r2>>> r1=0xad r2=0xc5
### Trace Instruction [libnative-lib.so] [0x01a09] [       04 9a ] 0x40001a08: ldr r2, [sp, #0x10]>>> r2=0xc5
### Trace Instruction [libnative-lib.so] [0x01a0b] [       51 40 ] 0x40001a0a: eors r1, r2>>> r1=0x68 r2=0x83
### Trace Instruction [libnative-lib.so] [0x01a0d] [       61 60 ] 0x40001a0c: str r1, [r4, #4]>>> r1=0xeb r4=0xbffff620
### Trace Instruction [libnative-lib.so] [0x01a0f] [ 5f ea 0a 61 ] 0x40001a0e: lsls.w r1, sl, #0x18>>> r1=0xeb sl=0x44
### Trace Instruction [libnative-lib.so] [0x01a13] [ 4f ea 4a 01 ] 0x40001a12: lsl.w r1, sl, #1>>> r1=0x44000000 sl=0x44
### Trace Instruction [libnative-lib.so] [0x01a17] [       c9 b2 ] 0x40001a16: uxtb r1, r1>>> r1=0x88 r1=0x88
### Trace Instruction [libnative-lib.so] [0x01a19] [ 81 f0 1b 01 ] 0x40001a18: eor r1, r1, #0x1b>>> r1=0x88 r1=0x88
### Trace Instruction [libnative-lib.so] [0x01a1d] [       58 bf ] 0x40001a1c: it pl>>>
### Trace Instruction [libnative-lib.so] [0x01a1f] [ 4f ea 4a 01 ] 0x40001a1e: lsl.w r1, sl, #1>>> r1=0x93 sl=0x44
### Trace Instruction [libnative-lib.so] [0x01a23] [ dd e9 08 32 ] 0x40001a22: ldrd r3, r2, [sp, #0x20]>>> r3=0xa r2=0x83
### Trace Instruction [libnative-lib.so] [0x01a27] [       5a 40 ] 0x40001a26: eors r2, r3>>> r2=0x1f r3=0x27
### Trace Instruction [libnative-lib.so] [0x01a29] [       07 9b ] 0x40001a28: ldr r3, [sp, #0x1c]>>> r3=0x27
### Trace Instruction [libnative-lib.so] [0x01a2b] [       5a 40 ] 0x40001a2a: eors r2, r3>>> r2=0x38 r3=0xac
### Trace Instruction [libnative-lib.so] [0x01a2d] [ 82 ea 0a 02 ] 0x40001a2c: eor.w r2, r2, sl>>> r2=0x94 r2=0x94 sl=0x44
### Trace Instruction [libnative-lib.so] [0x01a31] [       51 40 ] 0x40001a30: eors r1, r2>>> r1=0x88 r2=0xd0
### Trace Instruction [libnative-lib.so] [0x01a33] [       21 60 ] 0x40001a32: str r1, [r4]>>> r1=0x58 r4=0xbffff620
### Trace Instruction [libnative-lib.so] [0x01a35] [ 5f ea 0b 61 ] 0x40001a34: lsls.w r1, fp, #0x18>>> r1=0x58 fp=0x32
### Trace Instruction [libnative-lib.so] [0x01a39] [ 4f ea 4b 01 ] 0x40001a38: lsl.w r1, fp, #1>>> r1=0x32000000 fp=0x32
### Trace Instruction [libnative-lib.so] [0x01a3d] [       c9 b2 ] 0x40001a3c: uxtb r1, r1>>> r1=0x64 r1=0x64
### Trace Instruction [libnative-lib.so] [0x01a3f] [ 81 f0 1b 01 ] 0x40001a3e: eor r1, r1, #0x1b>>> r1=0x64 r1=0x64
### Trace Instruction [libnative-lib.so] [0x01a43] [       58 bf ] 0x40001a42: it pl>>>
### Trace Instruction [libnative-lib.so] [0x01a45] [ 4f ea 4b 01 ] 0x40001a44: lsl.w r1, fp, #1>>> r1=0x7f fp=0x32
### Trace Instruction [libnative-lib.so] [0x01a49] [ 81 ea 0b 01 ] 0x40001a48: eor.w r1, r1, fp>>> r1=0x64 r1=0x64 fp=0x32
### Trace Instruction [libnative-lib.so] [0x01a4d] [ 81 ea 09 01 ] 0x40001a4c: eor.w r1, r1, sb>>> r1=0x56 r1=0x56 sb=0x4b
### Trace Instruction [libnative-lib.so] [0x01a51] [ 81 ea 08 01 ] 0x40001a50: eor.w r1, r1, r8>>> r1=0x1d r1=0x1d r8=0x83
### Trace Instruction [libnative-lib.so] [0x01a55] [       48 40 ] 0x40001a54: eors r0, r1>>> r0=0x68 r1=0x9e
### Trace Instruction [libnative-lib.so] [0x01a57] [       e0 60 ] 0x40001a56: str r0, [r4, #0xc]>>> r0=0xf6 r4=0xbffff620
### Trace Instruction [libnative-lib.so] [0x01a59] [       20 46 ] 0x40001a58: mov r0, r4>>> r0=0xf6 r4=0xbffff620
### Trace Instruction [libnative-lib.so] [0x01a5b] [       0b b0 ] 0x40001a5a: add sp, #0x2c>>>
### Trace Instruction [libnative-lib.so] [0x01a5d] [ bd e8 00 0f ] 0x40001a5c: pop.w {r8, sb, sl, fp}>>> r8=0x83 sb=0x4b sl=0x44 fp=0x32
### Trace Instruction [libnative-lib.so] [0x01a61] [       f0 bd ] 0x40001a60: pop {r4, r5, r6, r7, pc}>>> r4=0xbffff620 r5=0x43 r6=0x45 r7=0xbffff5f8 pc=0x40001a60
### Trace Instruction [libnative-lib.so] [0x03d0d] [       06 9e ] 0x40003d0c: ldr r6, [sp, #0x18]>>> r6=0x1a
### Trace Instruction [libnative-lib.so] [0x03d0f] [       00 21 ] 0x40003d0e: movs r1, #0>>> r1=0x9e
### Trace Instruction [libnative-lib.so] [0x03d11] [ dd f8 10 90 ] 0x40003d10: ldr.w sb, [sp, #0x10]>>> sb=0x5
### Trace Instruction [libnative-lib.so] [0x03d15] [       00 22 ] 0x40003d14: movs r2, #0>>> r2=0xd0
### Trace Instruction [libnative-lib.so] [0x03d17] [       02 9c ] 0x40003d16: ldr r4, [sp, #8]>>> r4=0x400060e4
### Trace Instruction [libnative-lib.so] [0x03d19] [       04 2a ] 0x40003d18: cmp r2, #4>>> r2=0x0
### Trace Instruction [libnative-lib.so] [0x03d1b] [       04 d0 ] 0x40003d1a: beq #0x40003d26>>>
### Trace Instruction [libnative-lib.so] [0x03d1d] [ 50 f8 22 30 ] 0x40003d1c: ldr.w r3, [r0, r2, lsl #2]>>> r3=0xac r0=0xbffff620
### Trace Instruction [libnative-lib.so] [0x03d21] [       01 32 ] 0x40003d20: adds r2, #1>>> r2=0x0
### Trace Instruction [libnative-lib.so] [0x03d23] [       19 44 ] 0x40003d22: add r1, r3>>> r1=0x0 r3=0x58
### Trace Instruction [libnative-lib.so] [0x03d25] [       f8 e7 ] 0x40003d24: b #0x40003d18>>>
### Trace Instruction [libnative-lib.so] [0x03d19] [       04 2a ] 0x40003d18: cmp r2, #4>>> r2=0x1
### Trace Instruction [libnative-lib.so] [0x03d1b] [       04 d0 ] 0x40003d1a: beq #0x40003d26>>>
### Trace Instruction [libnative-lib.so] [0x03d1d] [ 50 f8 22 30 ] 0x40003d1c: ldr.w r3, [r0, r2, lsl #2]>>> r3=0x58 r0=0xbffff620
### Trace Instruction [libnative-lib.so] [0x03d21] [       01 32 ] 0x40003d20: adds r2, #1>>> r2=0x1
### Trace Instruction [libnative-lib.so] [0x03d23] [       19 44 ] 0x40003d22: add r1, r3>>> r1=0x58 r3=0xeb
### Trace Instruction [libnative-lib.so] [0x03d25] [       f8 e7 ] 0x40003d24: b #0x40003d18>>>
### Trace Instruction [libnative-lib.so] [0x03d19] [       04 2a ] 0x40003d18: cmp r2, #4>>> r2=0x2
### Trace Instruction [libnative-lib.so] [0x03d1b] [       04 d0 ] 0x40003d1a: beq #0x40003d26>>>
### Trace Instruction [libnative-lib.so] [0x03d1d] [ 50 f8 22 30 ] 0x40003d1c: ldr.w r3, [r0, r2, lsl #2]>>> r3=0xeb r0=0xbffff620
### Trace Instruction [libnative-lib.so] [0x03d21] [       01 32 ] 0x40003d20: adds r2, #1>>> r2=0x2
### Trace Instruction [libnative-lib.so] [0x03d23] [       19 44 ] 0x40003d22: add r1, r3>>> r1=0x143 r3=0x45
### Trace Instruction [libnative-lib.so] [0x03d25] [       f8 e7 ] 0x40003d24: b #0x40003d18>>>
### Trace Instruction [libnative-lib.so] [0x03d19] [       04 2a ] 0x40003d18: cmp r2, #4>>> r2=0x3
### Trace Instruction [libnative-lib.so] [0x03d1b] [       04 d0 ] 0x40003d1a: beq #0x40003d26>>>
### Trace Instruction [libnative-lib.so] [0x03d1d] [ 50 f8 22 30 ] 0x40003d1c: ldr.w r3, [r0, r2, lsl #2]>>> r3=0x45 r0=0xbffff620
### Trace Instruction [libnative-lib.so] [0x03d21] [       01 32 ] 0x40003d20: adds r2, #1>>> r2=0x3
### Trace Instruction [libnative-lib.so] [0x03d23] [       19 44 ] 0x40003d22: add r1, r3>>> r1=0x188 r3=0xf6
### Trace Instruction [libnative-lib.so] [0x03d25] [       f8 e7 ] 0x40003d24: b #0x40003d18>>>
### Trace Instruction [libnative-lib.so] [0x03d19] [       04 2a ] 0x40003d18: cmp r2, #4>>> r2=0x4
### Trace Instruction [libnative-lib.so] [0x03d1b] [       04 d0 ] 0x40003d1a: beq #0x40003d26>>>
### Trace Instruction [libnative-lib.so] [0x03d27] [       08 46 ] 0x40003d26: mov r0, r1>>> r0=0xbffff620 r1=0x27e
### Trace Instruction [libnative-lib.so] [0x03d29] [       64 21 ] 0x40003d28: movs r1, #0x64>>> r1=0x27e
### Trace Instruction [libnative-lib.so] [0x03d2b] [ ff f7 9b fd ] 0x40003d2a: bl #0x40003864>>>
### Trace Instruction [libnative-lib.so] [0x03865] [       00 29 ] 0x40003864: cmp r1, #0>>> r1=0x64
### Trace Instruction [libnative-lib.so] [0x03867] [       f4 d0 ] 0x40003866: beq #0x40003852>>>
### Trace Instruction [libnative-lib.so] [0x03869] [ 2d e9 03 40 ] 0x40003868: push.w {r0, r1, lr}>>> r0=0x27e r1=0x64
### Trace Instruction [libnative-lib.so] [0x0386d] [ ff f7 9a ff ] 0x4000386c: bl #0x400037a4>>>
### Trace Instruction [libnative-lib.so] [0x037a5] [ 80 ea 01 0c ] 0x400037a4: eor.w ip, r0, r1>>> ip=0xdee r0=0x27e r1=0x64
### Trace Instruction [libnative-lib.so] [0x037a9] [       48 bf ] 0x400037a8: it mi>>>
### Trace Instruction [libnative-lib.so] [0x037ad] [       4a 1e ] 0x400037ac: subs r2, r1, #1>>> r2=0x4 r1=0x64
### Trace Instruction [libnative-lib.so] [0x037af] [       38 d0 ] 0x400037ae: beq #0x40003822>>>
### Trace Instruction [libnative-lib.so] [0x037b1] [       03 00 ] 0x400037b0: movs r3, r0>>> r3=0xf6 r0=0x27e
### Trace Instruction [libnative-lib.so] [0x037b3] [       48 bf ] 0x400037b2: it mi>>>
### Trace Instruction [libnative-lib.so] [0x037b7] [       8b 42 ] 0x400037b6: cmp r3, r1>>> r3=0x27e r1=0x64
### Trace Instruction [libnative-lib.so] [0x037b9] [       38 d9 ] 0x400037b8: bls #0x4000382c>>>
### Trace Instruction [libnative-lib.so] [0x037bb] [       11 42 ] 0x400037ba: tst r1, r2>>> r1=0x64 r2=0x63
### Trace Instruction [libnative-lib.so] [0x037bd] [       3e d0 ] 0x400037bc: beq #0x4000383c>>>
### Trace Instruction [libnative-lib.so] [0x037bf] [ b1 fa 81 f2 ] 0x400037be: clz r2, r1>>> r2=0x63 r1=0x64
### Trace Instruction [libnative-lib.so] [0x037c3] [ b3 fa 83 f0 ] 0x400037c2: clz r0, r3>>> r0=0x27e r3=0x27e
### Trace Instruction [libnative-lib.so] [0x037c7] [ a2 eb 00 00 ] 0x400037c6: sub.w r0, r2, r0>>> r0=0x16 r2=0x19 r0=0x16
### Trace Instruction [libnative-lib.so] [0x037cb] [ 4f f0 01 02 ] 0x400037ca: mov.w r2, #1>>> r2=0x19
### Trace Instruction [libnative-lib.so] [0x037cf] [ 01 fa 00 f1 ] 0x400037ce: lsl.w r1, r1, r0>>> r1=0x64 r1=0x64 r0=0x3
### Trace Instruction [libnative-lib.so] [0x037d3] [ 02 fa 00 f2 ] 0x400037d2: lsl.w r2, r2, r0>>> r2=0x1 r2=0x1 r0=0x3
### Trace Instruction [libnative-lib.so] [0x037d7] [ 4f f0 00 00 ] 0x400037d6: mov.w r0, #0>>> r0=0x3
### Trace Instruction [libnative-lib.so] [0x037db] [       8b 42 ] 0x400037da: cmp r3, r1>>> r3=0x27e r1=0x320
### Trace Instruction [libnative-lib.so] [0x037dd] [       24 bf ] 0x400037dc: itt hs>>>
### Trace Instruction [libnative-lib.so] [0x037e3] [ b3 eb 51 0f ] 0x400037e2: cmp.w r3, r1, lsr #1>>> r3=0x27e r1=0x320
### Trace Instruction [libnative-lib.so] [0x037e7] [       24 bf ] 0x400037e6: itt hs>>>
### Trace Instruction [libnative-lib.so] [0x037e9] [ a3 eb 51 03 ] 0x400037e8: sub.w r3, r3, r1, lsr #1>>> r3=0x27e r3=0x27e r1=0x320
### Trace Instruction [libnative-lib.so] [0x037ed] [ 40 ea 52 00 ] 0x400037ec: orr.w r0, r0, r2, lsr #1>>> r0=0x0 r0=0x0 r2=0x8
### Trace Instruction [libnative-lib.so] [0x037f1] [ b3 eb 91 0f ] 0x400037f0: cmp.w r3, r1, lsr #2>>> r3=0xee r1=0x320
### Trace Instruction [libnative-lib.so] [0x037f5] [       24 bf ] 0x400037f4: itt hs>>>
### Trace Instruction [libnative-lib.so] [0x037f7] [ a3 eb 91 03 ] 0x400037f6: sub.w r3, r3, r1, lsr #2>>> r3=0xee r3=0xee r1=0x320
### Trace Instruction [libnative-lib.so] [0x037fb] [ 40 ea 92 00 ] 0x400037fa: orr.w r0, r0, r2, lsr #2>>> r0=0x4 r0=0x4 r2=0x8
### Trace Instruction [libnative-lib.so] [0x037ff] [ b3 eb d1 0f ] 0x400037fe: cmp.w r3, r1, lsr #3>>> r3=0x26 r1=0x320
### Trace Instruction [libnative-lib.so] [0x03803] [       24 bf ] 0x40003802: itt hs>>>
### Trace Instruction [libnative-lib.so] [0x0380d] [       00 2b ] 0x4000380c: cmp r3, #0>>> r3=0x26
### Trace Instruction [libnative-lib.so] [0x0380f] [       1c bf ] 0x4000380e: itt ne>>>
### Trace Instruction [libnative-lib.so] [0x03811] [ 5f ea 12 12 ] 0x40003810: lsrs.w r2, r2, #4>>> r2=0x8 r2=0x8
### Trace Instruction [libnative-lib.so] [0x03817] [       e0 d1 ] 0x40003816: bne #0x400037da>>>
### Trace Instruction [libnative-lib.so] [0x03819] [ bc f1 00 0f ] 0x40003818: cmp.w ip, #0>>> ip=0x21a
### Trace Instruction [libnative-lib.so] [0x0381d] [       48 bf ] 0x4000381c: it mi>>>
### Trace Instruction [libnative-lib.so] [0x03821] [       70 47 ] 0x40003820: bx lr>>>
### Trace Instruction [libnative-lib.so] [0x03871] [ bd e8 06 40 ] 0x40003870: pop.w {r1, r2, lr}>>> r1=0x320 r2=0x0
### Trace Instruction [libnative-lib.so] [0x03875] [ 02 fb 00 f3 ] 0x40003874: mul r3, r2, r0>>> r3=0x26 r2=0x64 r0=0x6
### Trace Instruction [libnative-lib.so] [0x03879] [ a1 eb 03 01 ] 0x40003878: sub.w r1, r1, r3>>> r1=0x27e r1=0x27e r3=0x258
### Trace Instruction [libnative-lib.so] [0x0387d] [       70 47 ] 0x4000387c: bx lr>>>
### Trace Instruction [libnative-lib.so] [0x03d2f] [       0d 46 ] 0x40003d2e: mov r5, r1>>> r5=0x89 r1=0x26
### Trace Instruction [libnative-lib.so] [0x03d31] [       2f 49 ] 0x40003d30: ldr r1, [pc, #0xbc]>>> r1=0x26 pc=0x40003d30
### Trace Instruction [libnative-lib.so] [0x03d33] [ 0d f1 43 00 ] 0x40003d32: add.w r0, sp, #0x43>>> r0=0x6 r1=0x893
### Trace Instruction [libnative-lib.so] [0x03d37] [       2a 46 ] 0x40003d36: mov r2, r5>>> r2=0x64 r5=0x26
### Trace Instruction [libnative-lib.so] [0x03d39] [       79 44 ] 0x40003d38: add r1, pc>>> r1=0x893 pc=0x40003d38
### Trace Instruction [libnative-lib.so] [0x03d3b] [ fc f7 98 ee ] 0x40003d3a: blx #0x40000a6c>>>
### Trace Instruction [libnative-lib.so] [0x00a6c] [ 00 c6 8f e2 ] 0x40000a6c: add ip, pc, #0, #12>>> ip=0x21a pc=0x40000a6c
### Trace Instruction [libnative-lib.so] [0x00a70] [ 05 ca 8c e2 ] 0x40000a70: add ip, ip, #0x5000>>> ip=0x40000a74 ip=0x40000a74
### Trace Instruction [libnative-lib.so] [0x00a74] [ 28 f5 bc e5 ] 0x40000a74: ldr pc, [ip, #0x528]!>>> pc=0x40000a74 ip=0x40005a74
### Trace Instruction [libnative-lib.so] [0x03d3f] [ 9d f8 43 00 ] 0x40003d3e: ldrb.w r0, [sp, #0x43]>>> r0=0x2
### Trace Instruction [libnative-lib.so] [0x03d43] [       0a 2d ] 0x40003d42: cmp r5, #0xa>>> r5=0x26
### Trace Instruction [libnative-lib.so] [0x03d45] [ 9d f8 44 10 ] 0x40003d44: ldrb.w r1, [sp, #0x44]>>> r1=0x0
### Trace Instruction [libnative-lib.so] [0x03d49] [       22 46 ] 0x40003d48: mov r2, r4>>> r2=0x0 r4=0x4016e000
### Trace Instruction [libnative-lib.so] [0x03d4b] [       b8 bf ] 0x40003d4a: it lt>>>
### Trace Instruction [libnative-lib.so] [0x03d4f] [ 8d f8 3e 10 ] 0x40003d4e: strb.w r1, [sp, #0x3e]>>> r1=0x38
### Trace Instruction [libnative-lib.so] [0x03d53] [       b8 bf ] 0x40003d52: it lt>>>
### Trace Instruction [libnative-lib.so] [0x03d57] [ 8d f8 3d 00 ] 0x40003d56: strb.w r0, [sp, #0x3d]>>> r0=0x33
### Trace Instruction [libnative-lib.so] [0x03d5b] [ d8 f8 00 00 ] 0x40003d5a: ldr.w r0, [r8]>>> r0=0x33 r8=0xfffe0ab0
### Trace Instruction [libnative-lib.so] [0x03d5f] [       31 46 ] 0x40003d5e: mov r1, r6>>> r1=0x38 r6=0x18bf3d14
### Trace Instruction [libnative-lib.so] [0x03d61] [ d0 f8 a8 32 ] 0x40003d60: ldr.w r3, [r0, #0x2a8]>>> r3=0x0 r0=0xfffe0700
### Trace Instruction [libnative-lib.so] [0x03d65] [       40 46 ] 0x40003d64: mov r0, r8>>> r0=0xfffe0700 r8=0xfffe0ab0
### Trace Instruction [libnative-lib.so] [0x03d67] [       98 47 ] 0x40003d66: blx r3>>> r3=0xfffe04f0
### Trace Instruction [libnative-lib.so] [0x03d69] [ d8 f8 00 00 ] 0x40003d68: ldr.w r0, [r8]>>> r0=0x0 r8=0xfffe0ab0
### Trace Instruction [libnative-lib.so] [0x03d6d] [       49 46 ] 0x40003d6c: mov r1, sb>>> r1=0x18bf3d14 sb=0x4fb64261
### Trace Instruction [libnative-lib.so] [0x03d6f] [       03 9a ] 0x40003d6e: ldr r2, [sp, #0xc]>>> r2=0x4016e000
### Trace Instruction [libnative-lib.so] [0x03d71] [ d0 f8 a8 32 ] 0x40003d70: ldr.w r3, [r0, #0x2a8]>>> r3=0xfffe04f0 r0=0xfffe0700
### Trace Instruction [libnative-lib.so] [0x03d75] [       40 46 ] 0x40003d74: mov r0, r8>>> r0=0xfffe0700 r8=0xfffe0ab0
### Trace Instruction [libnative-lib.so] [0x03d77] [       98 47 ] 0x40003d76: blx r3>>> r3=0xfffe04f0
### Trace Instruction [libnative-lib.so] [0x03d79] [       0e a9 ] 0x40003d78: add r1, sp, #0x38>>> r1=0x4fb64261
### Trace Instruction [libnative-lib.so] [0x03d7b] [       40 46 ] 0x40003d7a: mov r0, r8>>> r0=0x0 r8=0xfffe0ab0
### Trace Instruction [libnative-lib.so] [0x03d7d] [ fd f7 3a fd ] 0x40003d7c: bl #0x400017f4>>>
### Trace Instruction [libnative-lib.so] [0x017f5] [       f0 b5 ] 0x400017f4: push {r4, r5, r6, r7, lr}>>> r4=0x4016e000 r5=0x26 r6=0x18bf3d14 r7=0xbffff788
### Trace Instruction [libnative-lib.so] [0x017f7] [       03 af ] 0x400017f6: add r7, sp, #0xc>>> r7=0xbffff788
### Trace Instruction [libnative-lib.so] [0x017f9] [ 2d e9 e0 0f ] 0x400017f8: push.w {r5, r6, r7, r8, sb, sl, fp}>>> r5=0x26 r6=0x18bf3d14 r7=0xbffff5f8 r8=0xfffe0ab0 sb=0x4fb64261 sl=0xbffff638 fp=0xbffff645
### Trace Instruction [libnative-lib.so] [0x017fd] [       04 46 ] 0x400017fc: mov r4, r0>>> r4=0x4016e000 r0=0xfffe0ab0
### Trace Instruction [libnative-lib.so] [0x017ff] [ d0 f8 00 90 ] 0x400017fe: ldr.w sb, [r0]>>> sb=0x4fb64261 r0=0xfffe0ab0
### Trace Instruction [libnative-lib.so] [0x01803] [       08 46 ] 0x40001802: mov r0, r1>>> r0=0xfffe0ab0 r1=0xbffff638
### Trace Instruction [libnative-lib.so] [0x01805] [       88 46 ] 0x40001804: mov r8, r1>>> r8=0xfffe0ab0 r1=0xbffff638
### Trace Instruction [libnative-lib.so] [0x01807] [ ff f7 2c e9 ] 0x40001806: blx #0x40000a60>>>
### Trace Instruction [libnative-lib.so] [0x00a60] [ 00 c6 8f e2 ] 0x40000a60: add ip, pc, #0, #12>>> ip=0x4011c7e4 pc=0x40000a60
### Trace Instruction [libnative-lib.so] [0x00a64] [ 05 ca 8c e2 ] 0x40000a64: add ip, ip, #0x5000>>> ip=0x40000a68 ip=0x40000a68
### Trace Instruction [libnative-lib.so] [0x00a68] [ 30 f5 bc e5 ] 0x40000a68: ldr pc, [ip, #0x530]!>>> pc=0x40000a68 ip=0x40005a68
### Trace Instruction [libnative-lib.so] [0x0180b] [ d9 f8 18 20 ] 0x4000180a: ldr.w r2, [sb, #0x18]>>> r2=0x3244434a sb=0xfffe0700
### Trace Instruction [libnative-lib.so] [0x0180f] [       82 46 ] 0x4000180e: mov sl, r0>>> sl=0xbffff638 r0=0x7
### Trace Instruction [libnative-lib.so] [0x01811] [       18 49 ] 0x40001810: ldr r1, [pc, #0x60]>>> r1=0xbffff640 pc=0x40001810
### Trace Instruction [libnative-lib.so] [0x01813] [       20 46 ] 0x40001812: mov r0, r4>>> r0=0x7 r4=0xfffe0ab0
### Trace Instruction [libnative-lib.so] [0x01815] [       79 44 ] 0x40001814: add r1, pc>>> r1=0x2d69 pc=0x40001814
### Trace Instruction [libnative-lib.so] [0x01817] [       90 47 ] 0x40001816: blx r2>>> r2=0xfffe0090
### Trace Instruction [libnative-lib.so] [0x01819] [ d9 f8 9c 22 ] 0x40001818: ldr.w r2, [sb, #0x29c]>>> r2=0xfffe0090 sb=0xfffe0700
### Trace Instruction [libnative-lib.so] [0x0181d] [       83 46 ] 0x4000181c: mov fp, r0>>> fp=0xbffff645 r0=0x83d61724
### Trace Instruction [libnative-lib.so] [0x0181f] [       16 49 ] 0x4000181e: ldr r1, [pc, #0x58]>>> r1=0x40004581 pc=0x4000181e
### Trace Instruction [libnative-lib.so] [0x01821] [       20 46 ] 0x40001820: mov r0, r4>>> r0=0x83d61724 r4=0xfffe0ab0
### Trace Instruction [libnative-lib.so] [0x01823] [       79 44 ] 0x40001822: add r1, pc>>> r1=0x2d6c pc=0x40001822
### Trace Instruction [libnative-lib.so] [0x01825] [       90 47 ] 0x40001824: blx r2>>> r2=0xfffe05e0
### Trace Instruction [libnative-lib.so] [0x01827] [       02 90 ] 0x40001826: str r0, [sp, #8]>>> r0=0x4cc451f2
### Trace Instruction [libnative-lib.so] [0x01829] [       20 46 ] 0x40001828: mov r0, r4>>> r0=0x4cc451f2 r4=0xfffe0ab0
### Trace Instruction [libnative-lib.so] [0x0182b] [ d9 f8 84 50 ] 0x4000182a: ldr.w r5, [sb, #0x84]>>> r5=0x26 sb=0xfffe0700
### Trace Instruction [libnative-lib.so] [0x0182f] [       59 46 ] 0x4000182e: mov r1, fp>>> r1=0x40004592 fp=0x83d61724
### Trace Instruction [libnative-lib.so] [0x01831] [       12 4a ] 0x40001830: ldr r2, [pc, #0x48]>>> r2=0xfffe05e0 pc=0x40001830
### Trace Instruction [libnative-lib.so] [0x01833] [       13 4b ] 0x40001832: ldr r3, [pc, #0x4c]>>> r3=0x0 pc=0x40001832
### Trace Instruction [libnative-lib.so] [0x01835] [       7a 44 ] 0x40001834: add r2, pc>>> r2=0x2d60 pc=0x40001834
### Trace Instruction [libnative-lib.so] [0x01837] [       7b 44 ] 0x40001836: add r3, pc>>> r3=0x2d65 pc=0x40001836
### Trace Instruction [libnative-lib.so] [0x01839] [       a8 47 ] 0x40001838: blx r5>>> r5=0xfffe01b0
### Trace Instruction [libnative-lib.so] [0x0183b] [ d9 f8 c0 22 ] 0x4000183a: ldr.w r2, [sb, #0x2c0]>>> r2=0x40004598 sb=0xfffe0700
### Trace Instruction [libnative-lib.so] [0x0183f] [       51 46 ] 0x4000183e: mov r1, sl>>> r1=0x83d61724 sl=0x7
### Trace Instruction [libnative-lib.so] [0x01841] [       01 90 ] 0x40001840: str r0, [sp, #4]>>> r0=0x782c535e
### Trace Instruction [libnative-lib.so] [0x01843] [       20 46 ] 0x40001842: mov r0, r4>>> r0=0x782c535e r4=0xfffe0ab0
### Trace Instruction [libnative-lib.so] [0x01845] [       90 47 ] 0x40001844: blx r2>>> r2=0xfffe0560
### Trace Instruction [libnative-lib.so] [0x01847] [ d9 f8 40 63 ] 0x40001846: ldr.w r6, [sb, #0x340]>>> r6=0x18bf3d14 sb=0xfffe0700
### Trace Instruction [libnative-lib.so] [0x0184b] [       05 46 ] 0x4000184a: mov r5, r0>>> r5=0xfffe01b0 r0=0x67d48005
### Trace Instruction [libnative-lib.so] [0x0184d] [       20 46 ] 0x4000184c: mov r0, r4>>> r0=0x67d48005 r4=0xfffe0ab0
### Trace Instruction [libnative-lib.so] [0x0184f] [       29 46 ] 0x4000184e: mov r1, r5>>> r1=0x7 r5=0x67d48005
### Trace Instruction [libnative-lib.so] [0x01851] [       00 22 ] 0x40001850: movs r2, #0>>> r2=0xfffe0560
### Trace Instruction [libnative-lib.so] [0x01853] [       53 46 ] 0x40001852: mov r3, sl>>> r3=0x4000459f sl=0x7
### Trace Instruction [libnative-lib.so] [0x01855] [ cd f8 00 80 ] 0x40001854: str.w r8, [sp]>>> r8=0xbffff638
### Trace Instruction [libnative-lib.so] [0x01859] [       b0 47 ] 0x40001858: blx r6>>> r6=0xfffe0630
### Trace Instruction [libnative-lib.so] [0x0185b] [ d9 f8 70 60 ] 0x4000185a: ldr.w r6, [sb, #0x70]>>> r6=0xfffe0630 sb=0xfffe0700
### Trace Instruction [libnative-lib.so] [0x0185f] [       59 46 ] 0x4000185e: mov r1, fp>>> r1=0x67d48005 fp=0x83d61724
### Trace Instruction [libnative-lib.so] [0x01861] [       01 9a ] 0x40001860: ldr r2, [sp, #4]>>> r2=0x0
### Trace Instruction [libnative-lib.so] [0x01863] [       2b 46 ] 0x40001862: mov r3, r5>>> r3=0x7 r5=0x67d48005
### Trace Instruction [libnative-lib.so] [0x01865] [       02 98 ] 0x40001864: ldr r0, [sp, #8]>>> r0=0x0
### Trace Instruction [libnative-lib.so] [0x01867] [       00 90 ] 0x40001866: str r0, [sp]>>> r0=0x4cc451f2
### Trace Instruction [libnative-lib.so] [0x01869] [       20 46 ] 0x40001868: mov r0, r4>>> r0=0x4cc451f2 r4=0xfffe0ab0
### Trace Instruction [libnative-lib.so] [0x0186b] [       b0 47 ] 0x4000186a: blx r6>>> r6=0xfffe0170
### Trace Instruction [libnative-lib.so] [0x0186d] [ bd e8 0e 0f ] 0x4000186c: pop.w {r1, r2, r3, r8, sb, sl, fp}>>> r1=0x83d61724 r2=0x782c535e r3=0x67d48005 r8=0xbffff638 sb=0xfffe0700 sl=0x7 fp=0x83d61724
### Trace Instruction [libnative-lib.so] [0x01871] [       f0 bd ] 0x40001870: pop {r4, r5, r6, r7, pc}>>> r4=0xfffe0ab0 r5=0x67d48005 r6=0xfffe0170 r7=0xbffff5f8 pc=0x40001870
### Trace Instruction [libnative-lib.so] [0x03d81] [       05 9d ] 0x40003d80: ldr r5, [sp, #0x14]>>> r5=0x26
### Trace Instruction [libnative-lib.so] [0x03d83] [       81 46 ] 0x40003d82: mov sb, r0>>> sb=0x4fb64261 r0=0x12468a38
### Trace Instruction [libnative-lib.so] [0x03d85] [       28 68 ] 0x40003d84: ldr r0, [r5]>>> r0=0x12468a38 r5=0x40120ec0
### Trace Instruction [libnative-lib.so] [0x03d87] [       5a 99 ] 0x40003d86: ldr r1, [sp, #0x168]>>> r1=0x4cc451f2
### Trace Instruction [libnative-lib.so] [0x03d89] [       40 1a ] 0x40003d88: subs r0, r0, r1>>> r0=0x0 r0=0x0 r1=0x0
### Trace Instruction [libnative-lib.so] [0x03d8b] [       01 bf ] 0x40003d8a: itttt eq>>>
### Trace Instruction [libnative-lib.so] [0x03d8d] [       48 46 ] 0x40003d8c: mov r0, sb>>> r0=0x0 sb=0x12468a38
### Trace Instruction [libnative-lib.so] [0x03d8f] [ a7 f1 1c 04 ] 0x40003d8e: sub.w r4, r7, #0x1c>>> r4=0x4016e000 r7=0xbffff788
### Trace Instruction [libnative-lib.so] [0x03d93] [       a5 46 ] 0x40003d92: mov sp, r4>>> r4=0xbffff76c
### Trace Instruction [libnative-lib.so] [0x03d95] [ bd e8 00 0f ] 0x40003d94: pop.w {r8, sb, sl, fp}>>> r8=0xfffe0ab0 sb=0x12468a38 sl=0xbffff638 fp=0xbffff645
### Trace Instruction [libnative-lib.so] [0x03d99] [       08 bf ] 0x40003d98: it eq>>>
### Trace Instruction [libnative-lib.so] [0x03d9b] [       f0 bd ] 0x40003d9a: pop {r4, r5, r6, r7, pc}>>> r4=0xbffff76c r5=0x40120ec0 r6=0x18bf3d14 r7=0xbffff788 pc=0x40003d9a
